{"meta": {"format": 3, "version": "7.10.7", "timestamp": "2025-10-03T01:34:23.754625", "branch_coverage": true, "show_contexts": false}, "files": {"session_mgmt_mcp/__init__.py": {"executed_lines": [1, 4, 6], "summary": {"covered_lines": 2, "num_statements": 2, "percent_covered": 100.0, "percent_covered_display": "100.00", "missing_lines": 0, "excluded_lines": 0, "num_branches": 0, "num_partial_branches": 0, "covered_branches": 0, "missing_branches": 0}, "missing_lines": [], "excluded_lines": [], "executed_branches": [], "missing_branches": [], "functions": {"": {"executed_lines": [1, 4, 6], "summary": {"covered_lines": 2, "num_statements": 2, "percent_covered": 100.0, "percent_covered_display": "100.00", "missing_lines": 0, "excluded_lines": 0, "num_branches": 0, "num_partial_branches": 0, "covered_branches": 0, "missing_branches": 0}, "missing_lines": [], "excluded_lines": [], "executed_branches": [], "missing_branches": []}}, "classes": {"": {"executed_lines": [1, 4, 6], "summary": {"covered_lines": 2, "num_statements": 2, "percent_covered": 100.0, "percent_covered_display": "100.00", "missing_lines": 0, "excluded_lines": 0, "num_branches": 0, "num_partial_branches": 0, "covered_branches": 0, "missing_branches": 0}, "missing_lines": [], "excluded_lines": [], "executed_branches": [], "missing_branches": []}}}, "session_mgmt_mcp/advanced_search.py": {"executed_lines": [2, 8, 9, 10, 11, 12, 13, 14, 16, 17, 18, 21, 22, 23, 25, 26, 27, 28, 31, 32, 33, 35, 36, 37, 40, 41, 42, 44, 45, 46, 47, 48, 49, 50, 51, 52, 53, 56, 57, 59, 60, 61, 62, 65, 79, 93, 96, 97, 102, 103, 105, 107, 111, 112, 115, 119, 120, 121, 123, 131, 140, 148, 176, 178, 181, 186, 188, 239, 248, 251, 257, 258, 262, 270, 271, 272, 284, 286, 288, 295, 298, 335, 336, 338, 340, 346, 347, 349, 357, 360, 363, 364, 366, 368, 370, 373, 375, 376, 378, 379, 380, 381, 383, 386, 389, 392, 394, 396, 399, 400, 401, 403, 405, 407, 410, 411, 413, 415, 417, 418, 419, 423, 427, 429, 431, 433, 435, 436, 438, 439, 440, 442, 444, 452, 453, 460, 464, 467, 489, 491, 492, 494, 496, 499, 500, 502, 503, 506, 511, 512, 513, 516, 521, 524, 525, 547, 548, 550, 552, 583, 585, 587, 589, 592, 597, 619, 621, 624, 626, 627, 628, 630, 632, 636, 639, 640, 641, 644, 645, 647, 649, 652, 658, 665, 666, 667, 668, 671, 672, 673, 676, 677, 678, 681, 682, 683, 685, 687, 694, 696, 701, 702, 704, 705, 706, 707, 708, 710, 712, 716, 717, 718, 719, 724, 728, 731, 732, 733, 735, 740, 742, 743, 745, 750, 760, 771, 775, 778, 781, 783, 794, 799, 801, 802, 803, 804, 805, 806, 808, 810, 814, 815, 816, 817, 819, 827, 834, 836, 847, 851, 852, 853, 854, 856, 857, 858, 859, 861, 863, 864, 865, 868, 869, 871, 873, 878, 882, 883, 884, 891, 895, 907, 909, 911, 913, 915, 917, 923, 925, 926, 927, 929, 930, 932, 933, 934, 936, 937, 938, 940, 942, 944, 951, 953, 954, 955, 957, 967, 970, 975, 984, 986, 988, 991, 1000, 1001, 1003], "summary": {"covered_lines": 302, "num_statements": 346, "percent_covered": 81.03448275862068, "percent_covered_display": "81.03", "missing_lines": 44, "excluded_lines": 0, "num_branches": 118, "num_partial_branches": 32, "covered_branches": 74, "missing_branches": 44}, "missing_lines": [113, 179, 196, 202, 203, 205, 210, 211, 213, 216, 222, 237, 259, 341, 371, 397, 408, 465, 497, 590, 622, 633, 720, 721, 722, 729, 752, 753, 755, 776, 830, 831, 832, 833, 838, 839, 840, 841, 842, 843, 844, 845, 866, 968], "excluded_lines": [], "executed_branches": [[111, 112], [119, 120], [119, 121], [178, 181], [258, 262], [271, 272], [271, 286], [335, 336], [335, 338], [340, 346], [363, 364], [370, 373], [375, 376], [375, 381], [378, 379], [396, 399], [400, 401], [400, 403], [407, 410], [435, 436], [439, 440], [439, 442], [464, 467], [491, 492], [496, 499], [502, 503], [502, 547], [512, 513], [524, 525], [547, 548], [589, 592], [621, 624], [626, -619], [626, 627], [627, 628], [632, 636], [640, 641], [640, 644], [644, 645], [665, 666], [665, 671], [667, 665], [667, 668], [704, 705], [704, 710], [706, 707], [716, 717], [716, 718], [718, 719], [728, 731], [775, 778], [814, 815], [814, 817], [827, 834], [851, 852], [851, 859], [853, 854], [856, 857], [856, 859], [857, 858], [863, 864], [863, 865], [865, 868], [883, 884], [883, 907], [925, 926], [925, 942], [929, 930], [929, 940], [930, 932], [953, 954], [953, 984], [954, 955], [967, 970]], "missing_branches": [[111, 113], [178, 179], [202, 203], [202, 205], [210, 211], [210, 213], [258, 259], [340, 341], [363, -357], [370, 371], [378, 380], [396, 397], [407, 408], [435, 438], [464, 465], [491, -489], [496, 497], [512, 516], [524, 502], [547, -494], [589, 590], [621, 622], [627, 626], [632, 633], [644, -630], [706, 704], [718, 720], [720, 721], [720, 722], [728, 729], [775, 776], [827, 830], [831, 832], [831, 834], [839, 840], [839, 842], [842, 843], [842, 845], [853, 859], [857, 856], [865, 866], [930, 929], [954, 953], [967, 968]], "functions": {"AdvancedSearchEngine.__init__": {"executed_lines": [60, 61, 62, 65], "summary": {"covered_lines": 4, "num_statements": 4, "percent_covered": 100.0, "percent_covered_display": "100.00", "missing_lines": 0, "excluded_lines": 0, "num_branches": 0, "num_partial_branches": 0, "covered_branches": 0, "missing_branches": 0}, "missing_lines": [], "excluded_lines": [], "executed_branches": [], "missing_branches": []}, "AdvancedSearchEngine.search": {"executed_lines": [93, 96, 97, 102, 103, 105], "summary": {"covered_lines": 6, "num_statements": 6, "percent_covered": 100.0, "percent_covered_display": "100.00", "missing_lines": 0, "excluded_lines": 0, "num_branches": 0, "num_partial_branches": 0, "covered_branches": 0, "missing_branches": 0}, "missing_lines": [], "excluded_lines": [], "executed_branches": [], "missing_branches": []}, "AdvancedSearchEngine._process_search_results": {"executed_lines": [111, 112], "summary": {"covered_lines": 2, "num_statements": 3, "percent_covered": 60.0, "percent_covered_display": "60.00", "missing_lines": 1, "excluded_lines": 0, "num_branches": 2, "num_partial_branches": 1, "covered_branches": 1, "missing_branches": 1}, "missing_lines": [113], "excluded_lines": [], "executed_branches": [[111, 112]], "missing_branches": [[111, 113]]}, "AdvancedSearchEngine._process_facets": {"executed_lines": [119, 120, 121], "summary": {"covered_lines": 3, "num_statements": 3, "percent_covered": 100.0, "percent_covered_display": "100.00", "missing_lines": 0, "excluded_lines": 0, "num_branches": 2, "num_partial_branches": 0, "covered_branches": 2, "missing_branches": 0}, "missing_lines": [], "excluded_lines": [], "executed_branches": [[119, 120], [119, 121]], "missing_branches": []}, "AdvancedSearchEngine._format_search_response": {"executed_lines": [131], "summary": {"covered_lines": 1, "num_statements": 1, "percent_covered": 100.0, "percent_covered_display": "100.00", "missing_lines": 0, "excluded_lines": 0, "num_branches": 0, "num_partial_branches": 0, "covered_branches": 0, "missing_branches": 0}, "missing_lines": [], "excluded_lines": [], "executed_branches": [], "missing_branches": []}, "AdvancedSearchEngine.suggest_completions": {"executed_lines": [148, 176, 178, 181, 186], "summary": {"covered_lines": 5, "num_statements": 6, "percent_covered": 75.0, "percent_covered_display": "75.00", "missing_lines": 1, "excluded_lines": 0, "num_branches": 2, "num_partial_branches": 1, "covered_branches": 1, "missing_branches": 1}, "missing_lines": [179], "excluded_lines": [], "executed_branches": [[178, 181]], "missing_branches": [[178, 179]]}, "AdvancedSearchEngine.get_similar_content": {"executed_lines": [], "summary": {"covered_lines": 0, "num_statements": 10, "percent_covered": 0.0, "percent_covered_display": "0.00", "missing_lines": 10, "excluded_lines": 0, "num_branches": 4, "num_partial_branches": 0, "covered_branches": 0, "missing_branches": 4}, "missing_lines": [196, 202, 203, 205, 210, 211, 213, 216, 222, 237], "excluded_lines": [], "executed_branches": [], "missing_branches": [[202, 203], [202, 205], [210, 211], [210, 213]]}, "AdvancedSearchEngine.search_by_timeframe": {"executed_lines": [248, 251, 257, 258, 262, 270, 271, 272, 284, 286], "summary": {"covered_lines": 10, "num_statements": 11, "percent_covered": 86.66666666666667, "percent_covered_display": "86.67", "missing_lines": 1, "excluded_lines": 0, "num_branches": 4, "num_partial_branches": 1, "covered_branches": 3, "missing_branches": 1}, "missing_lines": [259], "excluded_lines": [], "executed_branches": [[258, 262], [271, 272], [271, 286]], "missing_branches": [[258, 259]]}, "AdvancedSearchEngine.aggregate_metrics": {"executed_lines": [295, 298, 335, 336, 338, 340, 346, 347, 349], "summary": {"covered_lines": 9, "num_statements": 10, "percent_covered": 85.71428571428571, "percent_covered_display": "85.71", "missing_lines": 1, "excluded_lines": 0, "num_branches": 4, "num_partial_branches": 1, "covered_branches": 3, "missing_branches": 1}, "missing_lines": [341], "excluded_lines": [], "executed_branches": [[335, 336], [335, 338], [340, 346]], "missing_branches": [[340, 341]]}, "AdvancedSearchEngine._ensure_search_index": {"executed_lines": [360, 363, 364], "summary": {"covered_lines": 3, "num_statements": 3, "percent_covered": 80.0, "percent_covered_display": "80.00", "missing_lines": 0, "excluded_lines": 0, "num_branches": 2, "num_partial_branches": 1, "covered_branches": 1, "missing_branches": 1}, "missing_lines": [], "excluded_lines": [], "executed_branches": [[363, 364]], "missing_branches": [[363, -357]]}, "AdvancedSearchEngine._get_last_index_update": {"executed_lines": [368, 370, 373, 375, 376, 378, 379, 380, 381], "summary": {"covered_lines": 9, "num_statements": 10, "percent_covered": 81.25, "percent_covered_display": "81.25", "missing_lines": 1, "excluded_lines": 0, "num_branches": 6, "num_partial_branches": 2, "covered_branches": 4, "missing_branches": 2}, "missing_lines": [371], "excluded_lines": [], "executed_branches": [[370, 373], [375, 376], [375, 381], [378, 379]], "missing_branches": [[370, 371], [378, 380]]}, "AdvancedSearchEngine._rebuild_search_index": {"executed_lines": [386, 389, 392], "summary": {"covered_lines": 3, "num_statements": 3, "percent_covered": 100.0, "percent_covered_display": "100.00", "missing_lines": 0, "excluded_lines": 0, "num_branches": 0, "num_partial_branches": 0, "covered_branches": 0, "missing_branches": 0}, "missing_lines": [], "excluded_lines": [], "executed_branches": [], "missing_branches": []}, "AdvancedSearchEngine._index_conversations": {"executed_lines": [396, 399, 400, 401, 403], "summary": {"covered_lines": 5, "num_statements": 6, "percent_covered": 80.0, "percent_covered_display": "80.00", "missing_lines": 1, "excluded_lines": 0, "num_branches": 4, "num_partial_branches": 1, "covered_branches": 3, "missing_branches": 1}, "missing_lines": [397], "excluded_lines": [], "executed_branches": [[396, 399], [400, 401], [400, 403]], "missing_branches": [[396, 397]]}, "AdvancedSearchEngine._fetch_conversations_for_indexing": {"executed_lines": [407, 410, 411], "summary": {"covered_lines": 3, "num_statements": 4, "percent_covered": 66.66666666666667, "percent_covered_display": "66.67", "missing_lines": 1, "excluded_lines": 0, "num_branches": 2, "num_partial_branches": 1, "covered_branches": 1, "missing_branches": 1}, "missing_lines": [408], "excluded_lines": [], "executed_branches": [[407, 410]], "missing_branches": [[407, 408]]}, "AdvancedSearchEngine._process_conversation_for_index": {"executed_lines": [415, 417, 418, 419, 423], "summary": {"covered_lines": 5, "num_statements": 5, "percent_covered": 100.0, "percent_covered_display": "100.00", "missing_lines": 0, "excluded_lines": 0, "num_branches": 0, "num_partial_branches": 0, "covered_branches": 0, "missing_branches": 0}, "missing_lines": [], "excluded_lines": [], "executed_branches": [], "missing_branches": []}, "AdvancedSearchEngine._parse_conversation_metadata": {"executed_lines": [429], "summary": {"covered_lines": 1, "num_statements": 1, "percent_covered": 100.0, "percent_covered_display": "100.00", "missing_lines": 0, "excluded_lines": 0, "num_branches": 0, "num_partial_branches": 0, "covered_branches": 0, "missing_branches": 0}, "missing_lines": [], "excluded_lines": [], "executed_branches": [], "missing_branches": []}, "AdvancedSearchEngine._build_indexed_content": {"executed_lines": [433, 435, 436, 438, 439, 440, 442], "summary": {"covered_lines": 7, "num_statements": 7, "percent_covered": 90.9090909090909, "percent_covered_display": "90.91", "missing_lines": 0, "excluded_lines": 0, "num_branches": 4, "num_partial_branches": 1, "covered_branches": 3, "missing_branches": 1}, "missing_lines": [], "excluded_lines": [], "executed_branches": [[435, 436], [439, 440], [439, 442]], "missing_branches": [[435, 438]]}, "AdvancedSearchEngine._build_conversation_search_metadata": {"executed_lines": [452, 453], "summary": {"covered_lines": 2, "num_statements": 2, "percent_covered": 100.0, "percent_covered_display": "100.00", "missing_lines": 0, "excluded_lines": 0, "num_branches": 0, "num_partial_branches": 0, "covered_branches": 0, "missing_branches": 0}, "missing_lines": [], "excluded_lines": [], "executed_branches": [], "missing_branches": []}, "AdvancedSearchEngine._insert_conversation_into_search_index": {"executed_lines": [464, 467], "summary": {"covered_lines": 2, "num_statements": 3, "percent_covered": 60.0, "percent_covered_display": "60.00", "missing_lines": 1, "excluded_lines": 0, "num_branches": 2, "num_partial_branches": 1, "covered_branches": 1, "missing_branches": 1}, "missing_lines": [465], "excluded_lines": [], "executed_branches": [[464, 467]], "missing_branches": [[464, 465]]}, "AdvancedSearchEngine._commit_conversation_index": {"executed_lines": [491, 492], "summary": {"covered_lines": 2, "num_statements": 2, "percent_covered": 75.0, "percent_covered_display": "75.00", "missing_lines": 0, "excluded_lines": 0, "num_branches": 2, "num_partial_branches": 1, "covered_branches": 1, "missing_branches": 1}, "missing_lines": [], "excluded_lines": [], "executed_branches": [[491, 492]], "missing_branches": [[491, -489]]}, "AdvancedSearchEngine._index_reflections": {"executed_lines": [496, 499, 500, 502, 503, 506, 511, 512, 513, 516, 521, 524, 525, 547, 548], "summary": {"covered_lines": 15, "num_statements": 16, "percent_covered": 80.76923076923077, "percent_covered_display": "80.77", "missing_lines": 1, "excluded_lines": 0, "num_branches": 10, "num_partial_branches": 4, "covered_branches": 6, "missing_branches": 4}, "missing_lines": [497], "excluded_lines": [], "executed_branches": [[496, 499], [502, 503], [502, 547], [512, 513], [524, 525], [547, 548]], "missing_branches": [[496, 497], [512, 516], [524, 502], [547, -494]]}, "AdvancedSearchEngine._get_facet_queries": {"executed_lines": [552], "summary": {"covered_lines": 1, "num_statements": 1, "percent_covered": 100.0, "percent_covered_display": "100.00", "missing_lines": 0, "excluded_lines": 0, "num_branches": 0, "num_partial_branches": 0, "covered_branches": 0, "missing_branches": 0}, "missing_lines": [], "excluded_lines": [], "executed_branches": [], "missing_branches": []}, "AdvancedSearchEngine._should_process_facet_value": {"executed_lines": [585], "summary": {"covered_lines": 1, "num_statements": 1, "percent_covered": 100.0, "percent_covered_display": "100.00", "missing_lines": 0, "excluded_lines": 0, "num_branches": 0, "num_partial_branches": 0, "covered_branches": 0, "missing_branches": 0}, "missing_lines": [], "excluded_lines": [], "executed_branches": [], "missing_branches": []}, "AdvancedSearchEngine._insert_facet_value": {"executed_lines": [589, 592, 597], "summary": {"covered_lines": 3, "num_statements": 4, "percent_covered": 66.66666666666667, "percent_covered_display": "66.67", "missing_lines": 1, "excluded_lines": 0, "num_branches": 2, "num_partial_branches": 1, "covered_branches": 1, "missing_branches": 1}, "missing_lines": [590], "excluded_lines": [], "executed_branches": [[589, 592]], "missing_branches": [[589, 590]]}, "AdvancedSearchEngine._process_facet_query": {"executed_lines": [621, 624, 626, 627, 628], "summary": {"covered_lines": 5, "num_statements": 6, "percent_covered": 75.0, "percent_covered_display": "75.00", "missing_lines": 1, "excluded_lines": 0, "num_branches": 6, "num_partial_branches": 2, "covered_branches": 4, "missing_branches": 2}, "missing_lines": [622], "excluded_lines": [], "executed_branches": [[621, 624], [626, -619], [626, 627], [627, 628]], "missing_branches": [[621, 622], [627, 626]]}, "AdvancedSearchEngine._update_search_facets": {"executed_lines": [632, 636, 639, 640, 641, 644, 645], "summary": {"covered_lines": 7, "num_statements": 8, "percent_covered": 78.57142857142857, "percent_covered_display": "78.57", "missing_lines": 1, "excluded_lines": 0, "num_branches": 6, "num_partial_branches": 2, "covered_branches": 4, "missing_branches": 2}, "missing_lines": [633], "excluded_lines": [], "executed_branches": [[632, 636], [640, 641], [640, 644], [644, 645]], "missing_branches": [[632, 633], [644, -630]]}, "AdvancedSearchEngine._extract_technical_terms": {"executed_lines": [649, 652, 658, 665, 666, 667, 668, 671, 672, 673, 676, 677, 678, 681, 682, 683, 685], "summary": {"covered_lines": 17, "num_statements": 17, "percent_covered": 100.0, "percent_covered_display": "100.00", "missing_lines": 0, "excluded_lines": 0, "num_branches": 4, "num_partial_branches": 0, "covered_branches": 4, "missing_branches": 0}, "missing_lines": [], "excluded_lines": [], "executed_branches": [[665, 666], [665, 671], [667, 665], [667, 668]], "missing_branches": []}, "AdvancedSearchEngine._build_search_query": {"executed_lines": [694], "summary": {"covered_lines": 1, "num_statements": 1, "percent_covered": 100.0, "percent_covered_display": "100.00", "missing_lines": 0, "excluded_lines": 0, "num_branches": 0, "num_partial_branches": 0, "covered_branches": 0, "missing_branches": 0}, "missing_lines": [], "excluded_lines": [], "executed_branches": [], "missing_branches": []}, "AdvancedSearchEngine._build_filter_conditions": {"executed_lines": [701, 702, 704, 705, 706, 707, 708, 710], "summary": {"covered_lines": 8, "num_statements": 8, "percent_covered": 91.66666666666667, "percent_covered_display": "91.67", "missing_lines": 0, "excluded_lines": 0, "num_branches": 4, "num_partial_branches": 1, "covered_branches": 3, "missing_branches": 1}, "missing_lines": [], "excluded_lines": [], "executed_branches": [[704, 705], [704, 710], [706, 707]], "missing_branches": [[706, 704]]}, "AdvancedSearchEngine._build_single_filter_condition": {"executed_lines": [716, 717, 718, 719], "summary": {"covered_lines": 4, "num_statements": 7, "percent_covered": 53.84615384615385, "percent_covered_display": "53.85", "missing_lines": 3, "excluded_lines": 0, "num_branches": 6, "num_partial_branches": 1, "covered_branches": 3, "missing_branches": 3}, "missing_lines": [720, 721, 722], "excluded_lines": [], "executed_branches": [[716, 717], [716, 718], [718, 719]], "missing_branches": [[718, 720], [720, 721], [720, 722]]}, "AdvancedSearchEngine._build_timestamp_range_condition": {"executed_lines": [728, 731, 732, 733, 735], "summary": {"covered_lines": 5, "num_statements": 6, "percent_covered": 75.0, "percent_covered_display": "75.00", "missing_lines": 1, "excluded_lines": 0, "num_branches": 2, "num_partial_branches": 1, "covered_branches": 1, "missing_branches": 1}, "missing_lines": [729], "excluded_lines": [], "executed_branches": [[728, 731]], "missing_branches": [[728, 729]]}, "AdvancedSearchEngine._build_equality_condition": {"executed_lines": [742, 743, 745], "summary": {"covered_lines": 3, "num_statements": 3, "percent_covered": 100.0, "percent_covered_display": "100.00", "missing_lines": 0, "excluded_lines": 0, "num_branches": 0, "num_partial_branches": 0, "covered_branches": 0, "missing_branches": 0}, "missing_lines": [], "excluded_lines": [], "executed_branches": [], "missing_branches": []}, "AdvancedSearchEngine._build_contains_condition": {"executed_lines": [], "summary": {"covered_lines": 0, "num_statements": 3, "percent_covered": 0.0, "percent_covered_display": "0.00", "missing_lines": 3, "excluded_lines": 0, "num_branches": 0, "num_partial_branches": 0, "covered_branches": 0, "missing_branches": 0}, "missing_lines": [752, 753, 755], "excluded_lines": [], "executed_branches": [], "missing_branches": []}, "AdvancedSearchEngine._execute_search": {"executed_lines": [771, 775, 778, 781], "summary": {"covered_lines": 4, "num_statements": 5, "percent_covered": 71.42857142857143, "percent_covered_display": "71.43", "missing_lines": 1, "excluded_lines": 0, "num_branches": 2, "num_partial_branches": 1, "covered_branches": 1, "missing_branches": 1}, "missing_lines": [776], "excluded_lines": [], "executed_branches": [[775, 778]], "missing_branches": [[775, 776]]}, "AdvancedSearchEngine._build_search_sql": {"executed_lines": [794, 799, 801, 802, 803, 804, 805, 806, 808], "summary": {"covered_lines": 9, "num_statements": 9, "percent_covered": 100.0, "percent_covered_display": "100.00", "missing_lines": 0, "excluded_lines": 0, "num_branches": 0, "num_partial_branches": 0, "covered_branches": 0, "missing_branches": 0}, "missing_lines": [], "excluded_lines": [], "executed_branches": [], "missing_branches": []}, "AdvancedSearchEngine._add_content_type_filter": {"executed_lines": [814, 815, 816, 817], "summary": {"covered_lines": 4, "num_statements": 4, "percent_covered": 100.0, "percent_covered_display": "100.00", "missing_lines": 0, "excluded_lines": 0, "num_branches": 2, "num_partial_branches": 0, "covered_branches": 2, "missing_branches": 0}, "missing_lines": [], "excluded_lines": [], "executed_branches": [[814, 815], [814, 817]], "missing_branches": []}, "AdvancedSearchEngine._add_timeframe_filter": {"executed_lines": [827, 834], "summary": {"covered_lines": 2, "num_statements": 6, "percent_covered": 30.0, "percent_covered_display": "30.00", "missing_lines": 4, "excluded_lines": 0, "num_branches": 4, "num_partial_branches": 1, "covered_branches": 1, "missing_branches": 3}, "missing_lines": [830, 831, 832, 833], "excluded_lines": [], "executed_branches": [[827, 834]], "missing_branches": [[827, 830], [831, 832], [831, 834]]}, "AdvancedSearchEngine._parse_timeframe_single": {"executed_lines": [], "summary": {"covered_lines": 0, "num_statements": 8, "percent_covered": 0.0, "percent_covered_display": "0.00", "missing_lines": 8, "excluded_lines": 0, "num_branches": 4, "num_partial_branches": 0, "covered_branches": 0, "missing_branches": 4}, "missing_lines": [838, 839, 840, 841, 842, 843, 844, 845], "excluded_lines": [], "executed_branches": [], "missing_branches": [[839, 840], [839, 842], [842, 843], [842, 845]]}, "AdvancedSearchEngine._add_filter_conditions_to_sql": {"executed_lines": [851, 852, 853, 854, 856, 857, 858, 859], "summary": {"covered_lines": 8, "num_statements": 8, "percent_covered": 87.5, "percent_covered_display": "87.50", "missing_lines": 0, "excluded_lines": 0, "num_branches": 8, "num_partial_branches": 2, "covered_branches": 6, "missing_branches": 2}, "missing_lines": [], "excluded_lines": [], "executed_branches": [[851, 852], [851, 859], [853, 854], [856, 857], [856, 859], [857, 858]], "missing_branches": [[853, 859], [857, 856]]}, "AdvancedSearchEngine._add_sorting_to_sql": {"executed_lines": [863, 864, 865, 868, 869], "summary": {"covered_lines": 5, "num_statements": 6, "percent_covered": 80.0, "percent_covered_display": "80.00", "missing_lines": 1, "excluded_lines": 0, "num_branches": 4, "num_partial_branches": 1, "covered_branches": 3, "missing_branches": 1}, "missing_lines": [866], "excluded_lines": [], "executed_branches": [[863, 864], [863, 865], [865, 868]], "missing_branches": [[865, 866]]}, "AdvancedSearchEngine._prepare_sql_params": {"executed_lines": [873], "summary": {"covered_lines": 1, "num_statements": 1, "percent_covered": 100.0, "percent_covered_display": "100.00", "missing_lines": 0, "excluded_lines": 0, "num_branches": 0, "num_partial_branches": 0, "covered_branches": 0, "missing_branches": 0}, "missing_lines": [], "excluded_lines": [], "executed_branches": [], "missing_branches": []}, "AdvancedSearchEngine._convert_sql_results_to_search_results": {"executed_lines": [882, 883, 884, 891, 895, 907], "summary": {"covered_lines": 6, "num_statements": 6, "percent_covered": 100.0, "percent_covered_display": "100.00", "missing_lines": 0, "excluded_lines": 0, "num_branches": 2, "num_partial_branches": 0, "covered_branches": 2, "missing_branches": 0}, "missing_lines": [], "excluded_lines": [], "executed_branches": [[883, 884], [883, 907]], "missing_branches": []}, "AdvancedSearchEngine._truncate_content": {"executed_lines": [911], "summary": {"covered_lines": 1, "num_statements": 1, "percent_covered": 100.0, "percent_covered_display": "100.00", "missing_lines": 0, "excluded_lines": 0, "num_branches": 0, "num_partial_branches": 0, "covered_branches": 0, "missing_branches": 0}, "missing_lines": [], "excluded_lines": [], "executed_branches": [], "missing_branches": []}, "AdvancedSearchEngine._ensure_timezone": {"executed_lines": [915], "summary": {"covered_lines": 1, "num_statements": 1, "percent_covered": 100.0, "percent_covered_display": "100.00", "missing_lines": 0, "excluded_lines": 0, "num_branches": 0, "num_partial_branches": 0, "covered_branches": 0, "missing_branches": 0}, "missing_lines": [], "excluded_lines": [], "executed_branches": [], "missing_branches": []}, "AdvancedSearchEngine._add_highlights": {"executed_lines": [923, 925, 926, 927, 929, 930, 932, 933, 934, 936, 937, 938, 940, 942], "summary": {"covered_lines": 14, "num_statements": 14, "percent_covered": 95.0, "percent_covered_display": "95.00", "missing_lines": 0, "excluded_lines": 0, "num_branches": 6, "num_partial_branches": 1, "covered_branches": 5, "missing_branches": 1}, "missing_lines": [], "excluded_lines": [], "executed_branches": [[925, 926], [925, 942], [929, 930], [929, 940], [930, 932]], "missing_branches": [[930, 929]]}, "AdvancedSearchEngine._calculate_facets": {"executed_lines": [951, 953, 954, 955, 957, 967, 970, 975, 984], "summary": {"covered_lines": 9, "num_statements": 10, "percent_covered": 81.25, "percent_covered_display": "81.25", "missing_lines": 1, "excluded_lines": 0, "num_branches": 6, "num_partial_branches": 2, "covered_branches": 4, "missing_branches": 2}, "missing_lines": [968], "excluded_lines": [], "executed_branches": [[953, 954], [953, 984], [954, 955], [967, 970]], "missing_branches": [[954, 953], [967, 968]]}, "AdvancedSearchEngine._parse_timeframe": {"executed_lines": [988, 991, 1000, 1001, 1003], "summary": {"covered_lines": 5, "num_statements": 5, "percent_covered": 100.0, "percent_covered_display": "100.00", "missing_lines": 0, "excluded_lines": 0, "num_branches": 0, "num_partial_branches": 0, "covered_branches": 0, "missing_branches": 0}, "missing_lines": [], "excluded_lines": [], "executed_branches": [], "missing_branches": []}, "": {"executed_lines": [2, 8, 9, 10, 11, 12, 13, 14, 16, 17, 18, 21, 22, 23, 25, 26, 27, 28, 31, 32, 33, 35, 36, 37, 40, 41, 42, 44, 45, 46, 47, 48, 49, 50, 51, 52, 53, 56, 57, 59, 79, 107, 115, 123, 140, 188, 239, 288, 357, 366, 383, 394, 405, 413, 427, 431, 444, 460, 489, 494, 550, 583, 587, 619, 630, 647, 687, 696, 712, 724, 740, 750, 760, 783, 810, 819, 836, 847, 861, 871, 878, 909, 913, 917, 944, 986], "summary": {"covered_lines": 81, "num_statements": 81, "percent_covered": 100.0, "percent_covered_display": "100.00", "missing_lines": 0, "excluded_lines": 0, "num_branches": 0, "num_partial_branches": 0, "covered_branches": 0, "missing_branches": 0}, "missing_lines": [], "excluded_lines": [], "executed_branches": [], "missing_branches": []}}, "classes": {"SearchFilter": {"executed_lines": [], "summary": {"covered_lines": 0, "num_statements": 0, "percent_covered": 100.0, "percent_covered_display": "100.00", "missing_lines": 0, "excluded_lines": 0, "num_branches": 0, "num_partial_branches": 0, "covered_branches": 0, "missing_branches": 0}, "missing_lines": [], "excluded_lines": [], "executed_branches": [], "missing_branches": []}, "SearchFacet": {"executed_lines": [], "summary": {"covered_lines": 0, "num_statements": 0, "percent_covered": 100.0, "percent_covered_display": "100.00", "missing_lines": 0, "excluded_lines": 0, "num_branches": 0, "num_partial_branches": 0, "covered_branches": 0, "missing_branches": 0}, "missing_lines": [], "excluded_lines": [], "executed_branches": [], "missing_branches": []}, "SearchResult": {"executed_lines": [], "summary": {"covered_lines": 0, "num_statements": 0, "percent_covered": 100.0, "percent_covered_display": "100.00", "missing_lines": 0, "excluded_lines": 0, "num_branches": 0, "num_partial_branches": 0, "covered_branches": 0, "missing_branches": 0}, "missing_lines": [], "excluded_lines": [], "executed_branches": [], "missing_branches": []}, "AdvancedSearchEngine": {"executed_lines": [60, 61, 62, 65, 93, 96, 97, 102, 103, 105, 111, 112, 119, 120, 121, 131, 148, 176, 178, 181, 186, 248, 251, 257, 258, 262, 270, 271, 272, 284, 286, 295, 298, 335, 336, 338, 340, 346, 347, 349, 360, 363, 364, 368, 370, 373, 375, 376, 378, 379, 380, 381, 386, 389, 392, 396, 399, 400, 401, 403, 407, 410, 411, 415, 417, 418, 419, 423, 429, 433, 435, 436, 438, 439, 440, 442, 452, 453, 464, 467, 491, 492, 496, 499, 500, 502, 503, 506, 511, 512, 513, 516, 521, 524, 525, 547, 548, 552, 585, 589, 592, 597, 621, 624, 626, 627, 628, 632, 636, 639, 640, 641, 644, 645, 649, 652, 658, 665, 666, 667, 668, 671, 672, 673, 676, 677, 678, 681, 682, 683, 685, 694, 701, 702, 704, 705, 706, 707, 708, 710, 716, 717, 718, 719, 728, 731, 732, 733, 735, 742, 743, 745, 771, 775, 778, 781, 794, 799, 801, 802, 803, 804, 805, 806, 808, 814, 815, 816, 817, 827, 834, 851, 852, 853, 854, 856, 857, 858, 859, 863, 864, 865, 868, 869, 873, 882, 883, 884, 891, 895, 907, 911, 915, 923, 925, 926, 927, 929, 930, 932, 933, 934, 936, 937, 938, 940, 942, 951, 953, 954, 955, 957, 967, 970, 975, 984, 988, 991, 1000, 1001, 1003], "summary": {"covered_lines": 221, "num_statements": 265, "percent_covered": 77.02349869451697, "percent_covered_display": "77.02", "missing_lines": 44, "excluded_lines": 0, "num_branches": 118, "num_partial_branches": 32, "covered_branches": 74, "missing_branches": 44}, "missing_lines": [113, 179, 196, 202, 203, 205, 210, 211, 213, 216, 222, 237, 259, 341, 371, 397, 408, 465, 497, 590, 622, 633, 720, 721, 722, 729, 752, 753, 755, 776, 830, 831, 832, 833, 838, 839, 840, 841, 842, 843, 844, 845, 866, 968], "excluded_lines": [], "executed_branches": [[111, 112], [119, 120], [119, 121], [178, 181], [258, 262], [271, 272], [271, 286], [335, 336], [335, 338], [340, 346], [363, 364], [370, 373], [375, 376], [375, 381], [378, 379], [396, 399], [400, 401], [400, 403], [407, 410], [435, 436], [439, 440], [439, 442], [464, 467], [491, 492], [496, 499], [502, 503], [502, 547], [512, 513], [524, 525], [547, 548], [589, 592], [621, 624], [626, -619], [626, 627], [627, 628], [632, 636], [640, 641], [640, 644], [644, 645], [665, 666], [665, 671], [667, 665], [667, 668], [704, 705], [704, 710], [706, 707], [716, 717], [716, 718], [718, 719], [728, 731], [775, 778], [814, 815], [814, 817], [827, 834], [851, 852], [851, 859], [853, 854], [856, 857], [856, 859], [857, 858], [863, 864], [863, 865], [865, 868], [883, 884], [883, 907], [925, 926], [925, 942], [929, 930], [929, 940], [930, 932], [953, 954], [953, 984], [954, 955], [967, 970]], "missing_branches": [[111, 113], [178, 179], [202, 203], [202, 205], [210, 211], [210, 213], [258, 259], [340, 341], [363, -357], [370, 371], [378, 380], [396, 397], [407, 408], [435, 438], [464, 465], [491, -489], [496, 497], [512, 516], [524, 502], [547, -494], [589, 590], [621, 622], [627, 626], [632, 633], [644, -630], [706, 704], [718, 720], [720, 721], [720, 722], [728, 729], [775, 776], [827, 830], [831, 832], [831, 834], [839, 840], [839, 842], [842, 843], [842, 845], [853, 859], [857, 856], [865, 866], [930, 929], [954, 953], [967, 968]]}, "": {"executed_lines": [2, 8, 9, 10, 11, 12, 13, 14, 16, 17, 18, 21, 22, 23, 25, 26, 27, 28, 31, 32, 33, 35, 36, 37, 40, 41, 42, 44, 45, 46, 47, 48, 49, 50, 51, 52, 53, 56, 57, 59, 79, 107, 115, 123, 140, 188, 239, 288, 357, 366, 383, 394, 405, 413, 427, 431, 444, 460, 489, 494, 550, 583, 587, 619, 630, 647, 687, 696, 712, 724, 740, 750, 760, 783, 810, 819, 836, 847, 861, 871, 878, 909, 913, 917, 944, 986], "summary": {"covered_lines": 81, "num_statements": 81, "percent_covered": 100.0, "percent_covered_display": "100.00", "missing_lines": 0, "excluded_lines": 0, "num_branches": 0, "num_partial_branches": 0, "covered_branches": 0, "missing_branches": 0}, "missing_lines": [], "excluded_lines": [], "executed_branches": [], "missing_branches": []}}}, "session_mgmt_mcp/app_monitor.py": {"executed_lines": [2, 8, 9, 10, 11, 12, 13, 14, 15, 16, 18, 19, 20, 22, 31, 32, 34, 39, 40, 41, 43, 44, 45, 46, 47, 48, 51, 52, 54, 88, 104, 119, 126, 134, 143, 177, 178, 180, 198, 214, 243, 244, 246, 272, 296, 350, 375, 376, 378, 405, 427, 434, 451, 452, 454, 458, 482, 501, 544, 556, 557, 559, 567, 571, 578, 583, 603, 614, 625, 630, 637, 644, 657, 665, 671, 681, 695, 713, 717, 723, 737, 748, 766, 772, 783, 788, 798, 805, 813], "summary": {"covered_lines": 81, "num_statements": 353, "percent_covered": 17.570498915401302, "percent_covered_display": "17.57", "missing_lines": 272, "excluded_lines": 8, "num_branches": 108, "num_partial_branches": 0, "covered_branches": 0, "missing_branches": 108}, "missing_lines": [56, 57, 58, 59, 60, 61, 90, 91, 106, 107, 109, 110, 111, 112, 113, 114, 115, 117, 121, 122, 123, 124, 128, 131, 132, 136, 137, 139, 145, 146, 148, 149, 150, 151, 154, 155, 156, 157, 160, 161, 162, 164, 174, 181, 182, 200, 203, 204, 205, 208, 209, 212, 215, 216, 219, 220, 221, 222, 223, 224, 226, 240, 247, 269, 270, 274, 275, 277, 278, 280, 281, 282, 283, 284, 291, 294, 298, 300, 302, 303, 305, 306, 307, 309, 312, 313, 314, 315, 320, 321, 322, 323, 324, 325, 328, 329, 330, 334, 335, 338, 339, 340, 348, 352, 354, 368, 371, 372, 379, 380, 381, 407, 408, 410, 413, 414, 415, 416, 417, 422, 425, 429, 430, 431, 432, 436, 444, 447, 448, 455, 456, 460, 461, 474, 478, 484, 485, 509, 510, 511, 513, 514, 515, 517, 518, 519, 521, 522, 523, 524, 526, 527, 529, 530, 532, 546, 547, 549, 550, 560, 561, 563, 564, 565, 569, 573, 574, 575, 576, 580, 581, 585, 586, 588, 591, 594, 596, 605, 607, 608, 609, 610, 612, 616, 617, 618, 619, 620, 621, 622, 623, 627, 628, 632, 633, 634, 635, 639, 647, 650, 653, 662, 663, 668, 669, 673, 674, 676, 677, 678, 679, 685, 697, 698, 700, 701, 702, 703, 705, 706, 708, 709, 711, 715, 719, 720, 721, 725, 726, 728, 729, 730, 732, 733, 734, 735, 739, 752, 753, 755, 756, 758, 759, 760, 762, 764, 768, 769, 770, 774, 775, 776, 777, 778, 779, 780, 781, 785, 786, 792, 793, 794, 795, 796, 802, 803, 809, 810, 811, 815, 816, 817], "excluded_lines": [23, 24, 27, 28, 35, 36, 292, 423], "executed_branches": [], "missing_branches": [[106, 107], [106, 109], [109, 110], [109, 117], [110, 109], [110, 111], [121, 122], [121, 124], [131, -126], [131, 132], [148, 149], [148, 154], [149, 148], [149, 150], [155, 156], [155, 174], [161, 162], [161, 164], [203, 204], [203, 208], [204, 203], [204, 205], [208, 209], [208, 212], [215, 216], [215, 219], [221, 222], [221, 226], [222, 221], [222, 223], [274, 275], [274, 277], [281, 282], [281, 294], [283, 281], [283, 284], [312, 313], [312, 315], [315, 320], [315, 322], [322, 323], [322, 325], [325, 328], [325, 330], [330, 334], [330, 338], [339, 340], [339, 348], [371, -350], [371, 372], [407, 408], [407, 410], [413, 414], [413, 425], [416, 413], [416, 417], [429, 430], [429, 432], [430, 429], [430, 431], [447, -434], [447, 448], [513, 514], [513, 517], [517, 518], [517, 521], [521, 522], [521, 526], [585, 586], [585, 588], [607, 608], [607, 612], [616, -614], [616, 617], [633, -630], [633, 634], [662, -657], [662, 663], [700, 701], [700, 708], [705, 700], [705, 706], [708, 709], [708, 711], [729, 730], [729, 732], [755, 756], [755, 764], [758, 759], [758, 760], [774, -772], [774, 775], [776, 777], [776, 778], [778, 779], [778, 780], [780, -772], [780, 781], [785, -783], [785, 786], [792, -788], [792, 793], [795, -788], [795, 796], [802, -798], [802, 803], [810, -805], [810, 811]], "functions": {"ProjectActivityMonitor.__init__": {"executed_lines": [], "summary": {"covered_lines": 0, "num_statements": 6, "percent_covered": 0.0, "percent_covered_display": "0.00", "missing_lines": 6, "excluded_lines": 0, "num_branches": 0, "num_partial_branches": 0, "covered_branches": 0, "missing_branches": 0}, "missing_lines": [56, 57, 58, 59, 60, 61], "excluded_lines": [], "executed_branches": [], "missing_branches": []}, "ProjectActivityMonitor._init_database": {"executed_lines": [], "summary": {"covered_lines": 0, "num_statements": 2, "percent_covered": 0.0, "percent_covered_display": "0.00", "missing_lines": 2, "excluded_lines": 0, "num_branches": 0, "num_partial_branches": 0, "covered_branches": 0, "missing_branches": 0}, "missing_lines": [90, 91], "excluded_lines": [], "executed_branches": [], "missing_branches": []}, "ProjectActivityMonitor.start_monitoring": {"executed_lines": [], "summary": {"covered_lines": 0, "num_statements": 10, "percent_covered": 0.0, "percent_covered_display": "0.00", "missing_lines": 10, "excluded_lines": 0, "num_branches": 6, "num_partial_branches": 0, "covered_branches": 0, "missing_branches": 6}, "missing_lines": [106, 107, 109, 110, 111, 112, 113, 114, 115, 117], "excluded_lines": [], "executed_branches": [], "missing_branches": [[106, 107], [106, 109], [109, 110], [109, 117], [110, 109], [110, 111]]}, "ProjectActivityMonitor.stop_monitoring": {"executed_lines": [], "summary": {"covered_lines": 0, "num_statements": 4, "percent_covered": 0.0, "percent_covered_display": "0.00", "missing_lines": 4, "excluded_lines": 0, "num_branches": 2, "num_partial_branches": 0, "covered_branches": 0, "missing_branches": 2}, "missing_lines": [121, 122, 123, 124], "excluded_lines": [], "executed_branches": [], "missing_branches": [[121, 122], [121, 124]]}, "ProjectActivityMonitor.add_activity": {"executed_lines": [], "summary": {"covered_lines": 0, "num_statements": 3, "percent_covered": 0.0, "percent_covered_display": "0.00", "missing_lines": 3, "excluded_lines": 0, "num_branches": 2, "num_partial_branches": 0, "covered_branches": 0, "missing_branches": 2}, "missing_lines": [128, 131, 132], "excluded_lines": [], "executed_branches": [], "missing_branches": [[131, -126], [131, 132]]}, "ProjectActivityMonitor.get_recent_activity": {"executed_lines": [], "summary": {"covered_lines": 0, "num_statements": 3, "percent_covered": 0.0, "percent_covered_display": "0.00", "missing_lines": 3, "excluded_lines": 0, "num_branches": 0, "num_partial_branches": 0, "covered_branches": 0, "missing_branches": 0}, "missing_lines": [136, 137, 139], "excluded_lines": [], "executed_branches": [], "missing_branches": []}, "ProjectActivityMonitor.get_active_files": {"executed_lines": [], "summary": {"covered_lines": 0, "num_statements": 15, "percent_covered": 0.0, "percent_covered_display": "0.00", "missing_lines": 15, "excluded_lines": 0, "num_branches": 8, "num_partial_branches": 0, "covered_branches": 0, "missing_branches": 8}, "missing_lines": [145, 146, 148, 149, 150, 151, 154, 155, 156, 157, 160, 161, 162, 164, 174], "excluded_lines": [], "executed_branches": [], "missing_branches": [[148, 149], [148, 154], [149, 148], [149, 150], [155, 156], [155, 174], [161, 162], [161, 164]]}, "IDEFileHandler.__init__": {"executed_lines": [], "summary": {"covered_lines": 0, "num_statements": 2, "percent_covered": 0.0, "percent_covered_display": "0.00", "missing_lines": 2, "excluded_lines": 0, "num_branches": 0, "num_partial_branches": 0, "covered_branches": 0, "missing_branches": 0}, "missing_lines": [181, 182], "excluded_lines": [], "executed_branches": [], "missing_branches": []}, "IDEFileHandler.should_ignore": {"executed_lines": [], "summary": {"covered_lines": 0, "num_statements": 7, "percent_covered": 0.0, "percent_covered_display": "0.00", "missing_lines": 7, "excluded_lines": 0, "num_branches": 6, "num_partial_branches": 0, "covered_branches": 0, "missing_branches": 6}, "missing_lines": [200, 203, 204, 205, 208, 209, 212], "excluded_lines": [], "executed_branches": [], "missing_branches": [[203, 204], [203, 208], [204, 203], [204, 205], [208, 209], [208, 212]]}, "IDEFileHandler.on_modified": {"executed_lines": [], "summary": {"covered_lines": 0, "num_statements": 10, "percent_covered": 0.0, "percent_covered_display": "0.00", "missing_lines": 10, "excluded_lines": 0, "num_branches": 6, "num_partial_branches": 0, "covered_branches": 0, "missing_branches": 6}, "missing_lines": [215, 216, 219, 220, 221, 222, 223, 224, 226, 240], "excluded_lines": [], "executed_branches": [], "missing_branches": [[215, 216], [215, 219], [221, 222], [221, 226], [222, 221], [222, 223]]}, "BrowserDocumentationMonitor.__init__": {"executed_lines": [], "summary": {"covered_lines": 0, "num_statements": 3, "percent_covered": 0.0, "percent_covered_display": "0.00", "missing_lines": 3, "excluded_lines": 0, "num_branches": 0, "num_partial_branches": 0, "covered_branches": 0, "missing_branches": 0}, "missing_lines": [247, 269, 270], "excluded_lines": [], "executed_branches": [], "missing_branches": []}, "BrowserDocumentationMonitor.get_browser_processes": {"executed_lines": [], "summary": {"covered_lines": 0, "num_statements": 11, "percent_covered": 0.0, "percent_covered_display": "0.00", "missing_lines": 11, "excluded_lines": 1, "num_branches": 6, "num_partial_branches": 0, "covered_branches": 0, "missing_branches": 6}, "missing_lines": [274, 275, 277, 278, 280, 281, 282, 283, 284, 291, 294], "excluded_lines": [292], "executed_branches": [], "missing_branches": [[274, 275], [274, 277], [281, 282], [281, 294], [283, 281], [283, 284]]}, "BrowserDocumentationMonitor.extract_documentation_context": {"executed_lines": [], "summary": {"covered_lines": 0, "num_statements": 27, "percent_covered": 0.0, "percent_covered_display": "0.00", "missing_lines": 27, "excluded_lines": 0, "num_branches": 12, "num_partial_branches": 0, "covered_branches": 0, "missing_branches": 12}, "missing_lines": [298, 300, 302, 303, 305, 306, 307, 309, 312, 313, 314, 315, 320, 321, 322, 323, 324, 325, 328, 329, 330, 334, 335, 338, 339, 340, 348], "excluded_lines": [], "executed_branches": [], "missing_branches": [[312, 313], [312, 315], [315, 320], [315, 322], [322, 323], [322, 325], [325, 328], [325, 330], [330, 334], [330, 338], [339, 340], [339, 348]]}, "BrowserDocumentationMonitor.add_browser_activity": {"executed_lines": [], "summary": {"covered_lines": 0, "num_statements": 5, "percent_covered": 0.0, "percent_covered_display": "0.00", "missing_lines": 5, "excluded_lines": 0, "num_branches": 2, "num_partial_branches": 0, "covered_branches": 0, "missing_branches": 2}, "missing_lines": [352, 354, 368, 371, 372], "excluded_lines": [], "executed_branches": [], "missing_branches": [[371, -350], [371, 372]]}, "ApplicationFocusMonitor.__init__": {"executed_lines": [], "summary": {"covered_lines": 0, "num_statements": 3, "percent_covered": 0.0, "percent_covered_display": "0.00", "missing_lines": 3, "excluded_lines": 0, "num_branches": 0, "num_partial_branches": 0, "covered_branches": 0, "missing_branches": 0}, "missing_lines": [379, 380, 381], "excluded_lines": [], "executed_branches": [], "missing_branches": []}, "ApplicationFocusMonitor.get_focused_application": {"executed_lines": [], "summary": {"covered_lines": 0, "num_statements": 10, "percent_covered": 0.0, "percent_covered_display": "0.00", "missing_lines": 10, "excluded_lines": 1, "num_branches": 6, "num_partial_branches": 0, "covered_branches": 0, "missing_branches": 6}, "missing_lines": [407, 408, 410, 413, 414, 415, 416, 417, 422, 425], "excluded_lines": [423], "executed_branches": [], "missing_branches": [[407, 408], [407, 410], [413, 414], [413, 425], [416, 413], [416, 417]]}, "ApplicationFocusMonitor._categorize_app": {"executed_lines": [], "summary": {"covered_lines": 0, "num_statements": 4, "percent_covered": 0.0, "percent_covered_display": "0.00", "missing_lines": 4, "excluded_lines": 0, "num_branches": 4, "num_partial_branches": 0, "covered_branches": 0, "missing_branches": 4}, "missing_lines": [429, 430, 431, 432], "excluded_lines": [], "executed_branches": [], "missing_branches": [[429, 430], [429, 432], [430, 429], [430, 431]]}, "ApplicationFocusMonitor.add_focus_event": {"executed_lines": [], "summary": {"covered_lines": 0, "num_statements": 4, "percent_covered": 0.0, "percent_covered_display": "0.00", "missing_lines": 4, "excluded_lines": 0, "num_branches": 2, "num_partial_branches": 0, "covered_branches": 0, "missing_branches": 2}, "missing_lines": [436, 444, 447, 448], "excluded_lines": [], "executed_branches": [], "missing_branches": [[447, -434], [447, 448]]}, "ActivityDatabase.__init__": {"executed_lines": [], "summary": {"covered_lines": 0, "num_statements": 2, "percent_covered": 0.0, "percent_covered_display": "0.00", "missing_lines": 2, "excluded_lines": 0, "num_branches": 0, "num_partial_branches": 0, "covered_branches": 0, "missing_branches": 0}, "missing_lines": [455, 456], "excluded_lines": [], "executed_branches": [], "missing_branches": []}, "ActivityDatabase._init_database": {"executed_lines": [], "summary": {"covered_lines": 0, "num_statements": 4, "percent_covered": 0.0, "percent_covered_display": "0.00", "missing_lines": 4, "excluded_lines": 0, "num_branches": 0, "num_partial_branches": 0, "covered_branches": 0, "missing_branches": 0}, "missing_lines": [460, 461, 474, 478], "excluded_lines": [], "executed_branches": [], "missing_branches": []}, "ActivityDatabase.store_event": {"executed_lines": [], "summary": {"covered_lines": 0, "num_statements": 2, "percent_covered": 0.0, "percent_covered_display": "0.00", "missing_lines": 2, "excluded_lines": 0, "num_branches": 0, "num_partial_branches": 0, "covered_branches": 0, "missing_branches": 0}, "missing_lines": [484, 485], "excluded_lines": [], "executed_branches": [], "missing_branches": []}, "ActivityDatabase.get_events": {"executed_lines": [], "summary": {"covered_lines": 0, "num_statements": 18, "percent_covered": 0.0, "percent_covered_display": "0.00", "missing_lines": 18, "excluded_lines": 0, "num_branches": 6, "num_partial_branches": 0, "covered_branches": 0, "missing_branches": 6}, "missing_lines": [509, 510, 511, 513, 514, 515, 517, 518, 519, 521, 522, 523, 524, 526, 527, 529, 530, 532], "excluded_lines": [], "executed_branches": [], "missing_branches": [[513, 514], [513, 517], [517, 518], [517, 521], [521, 522], [521, 526]]}, "ActivityDatabase.cleanup_old_events": {"executed_lines": [], "summary": {"covered_lines": 0, "num_statements": 4, "percent_covered": 0.0, "percent_covered_display": "0.00", "missing_lines": 4, "excluded_lines": 0, "num_branches": 0, "num_partial_branches": 0, "covered_branches": 0, "missing_branches": 0}, "missing_lines": [546, 547, 549, 550], "excluded_lines": [], "executed_branches": [], "missing_branches": []}, "ApplicationMonitor.__init__": {"executed_lines": [], "summary": {"covered_lines": 0, "num_statements": 5, "percent_covered": 0.0, "percent_covered_display": "0.00", "missing_lines": 5, "excluded_lines": 0, "num_branches": 0, "num_partial_branches": 0, "covered_branches": 0, "missing_branches": 0}, "missing_lines": [560, 561, 563, 564, 565], "excluded_lines": [], "executed_branches": [], "missing_branches": []}, "ApplicationMonitor._setup_directory": {"executed_lines": [], "summary": {"covered_lines": 0, "num_statements": 1, "percent_covered": 0.0, "percent_covered_display": "0.00", "missing_lines": 1, "excluded_lines": 0, "num_branches": 0, "num_partial_branches": 0, "covered_branches": 0, "missing_branches": 0}, "missing_lines": [569], "excluded_lines": [], "executed_branches": [], "missing_branches": []}, "ApplicationMonitor._initialize_components": {"executed_lines": [], "summary": {"covered_lines": 0, "num_statements": 4, "percent_covered": 0.0, "percent_covered_display": "0.00", "missing_lines": 4, "excluded_lines": 0, "num_branches": 0, "num_partial_branches": 0, "covered_branches": 0, "missing_branches": 0}, "missing_lines": [573, 574, 575, 576], "excluded_lines": [], "executed_branches": [], "missing_branches": []}, "ApplicationMonitor._setup_monitoring_state": {"executed_lines": [], "summary": {"covered_lines": 0, "num_statements": 2, "percent_covered": 0.0, "percent_covered_display": "0.00", "missing_lines": 2, "excluded_lines": 0, "num_branches": 0, "num_partial_branches": 0, "covered_branches": 0, "missing_branches": 0}, "missing_lines": [580, 581], "excluded_lines": [], "executed_branches": [], "missing_branches": []}, "ApplicationMonitor.start_monitoring": {"executed_lines": [], "summary": {"covered_lines": 0, "num_statements": 6, "percent_covered": 0.0, "percent_covered_display": "0.00", "missing_lines": 6, "excluded_lines": 0, "num_branches": 2, "num_partial_branches": 0, "covered_branches": 0, "missing_branches": 2}, "missing_lines": [585, 586, 588, 591, 594, 596], "excluded_lines": [], "executed_branches": [], "missing_branches": [[585, 586], [585, 588]]}, "ApplicationMonitor.stop_monitoring": {"executed_lines": [], "summary": {"covered_lines": 0, "num_statements": 6, "percent_covered": 0.0, "percent_covered_display": "0.00", "missing_lines": 6, "excluded_lines": 0, "num_branches": 2, "num_partial_branches": 0, "covered_branches": 0, "missing_branches": 2}, "missing_lines": [605, 607, 608, 609, 610, 612], "excluded_lines": [], "executed_branches": [], "missing_branches": [[607, 608], [607, 612]]}, "ApplicationMonitor._monitoring_loop": {"executed_lines": [], "summary": {"covered_lines": 0, "num_statements": 8, "percent_covered": 0.0, "percent_covered_display": "0.00", "missing_lines": 8, "excluded_lines": 0, "num_branches": 2, "num_partial_branches": 0, "covered_branches": 0, "missing_branches": 2}, "missing_lines": [616, 617, 618, 619, 620, 621, 622, 623], "excluded_lines": [], "executed_branches": [], "missing_branches": [[616, -614], [616, 617]]}, "ApplicationMonitor._process_monitoring_cycle": {"executed_lines": [], "summary": {"covered_lines": 0, "num_statements": 2, "percent_covered": 0.0, "percent_covered_display": "0.00", "missing_lines": 2, "excluded_lines": 0, "num_branches": 0, "num_partial_branches": 0, "covered_branches": 0, "missing_branches": 0}, "missing_lines": [627, 628], "excluded_lines": [], "executed_branches": [], "missing_branches": []}, "ApplicationMonitor._check_application_focus": {"executed_lines": [], "summary": {"covered_lines": 0, "num_statements": 4, "percent_covered": 0.0, "percent_covered_display": "0.00", "missing_lines": 4, "excluded_lines": 0, "num_branches": 2, "num_partial_branches": 0, "covered_branches": 0, "missing_branches": 2}, "missing_lines": [632, 633, 634, 635], "excluded_lines": [], "executed_branches": [], "missing_branches": [[633, -630], [633, 634]]}, "ApplicationMonitor._is_focus_changed": {"executed_lines": [], "summary": {"covered_lines": 0, "num_statements": 1, "percent_covered": 0.0, "percent_covered_display": "0.00", "missing_lines": 1, "excluded_lines": 0, "num_branches": 0, "num_partial_branches": 0, "covered_branches": 0, "missing_branches": 0}, "missing_lines": [639], "excluded_lines": [], "executed_branches": [], "missing_branches": []}, "ApplicationMonitor._persist_buffered_events": {"executed_lines": [], "summary": {"covered_lines": 0, "num_statements": 3, "percent_covered": 0.0, "percent_covered_display": "0.00", "missing_lines": 3, "excluded_lines": 0, "num_branches": 0, "num_partial_branches": 0, "covered_branches": 0, "missing_branches": 0}, "missing_lines": [647, 650, 653], "excluded_lines": [], "executed_branches": [], "missing_branches": []}, "ApplicationMonitor._persist_event_batch": {"executed_lines": [], "summary": {"covered_lines": 0, "num_statements": 2, "percent_covered": 0.0, "percent_covered_display": "0.00", "missing_lines": 2, "excluded_lines": 0, "num_branches": 2, "num_partial_branches": 0, "covered_branches": 0, "missing_branches": 2}, "missing_lines": [662, 663], "excluded_lines": [], "executed_branches": [], "missing_branches": [[662, -657], [662, 663]]}, "ApplicationMonitor._handle_monitoring_error": {"executed_lines": [], "summary": {"covered_lines": 0, "num_statements": 2, "percent_covered": 0.0, "percent_covered_display": "0.00", "missing_lines": 2, "excluded_lines": 0, "num_branches": 0, "num_partial_branches": 0, "covered_branches": 0, "missing_branches": 0}, "missing_lines": [668, 669], "excluded_lines": [], "executed_branches": [], "missing_branches": []}, "ApplicationMonitor.get_activity_summary": {"executed_lines": [], "summary": {"covered_lines": 0, "num_statements": 6, "percent_covered": 0.0, "percent_covered_display": "0.00", "missing_lines": 6, "excluded_lines": 0, "num_branches": 0, "num_partial_branches": 0, "covered_branches": 0, "missing_branches": 0}, "missing_lines": [673, 674, 676, 677, 678, 679], "excluded_lines": [], "executed_branches": [], "missing_branches": []}, "ApplicationMonitor._create_activity_summary_template": {"executed_lines": [], "summary": {"covered_lines": 0, "num_statements": 1, "percent_covered": 0.0, "percent_covered_display": "0.00", "missing_lines": 1, "excluded_lines": 0, "num_branches": 0, "num_partial_branches": 0, "covered_branches": 0, "missing_branches": 0}, "missing_lines": [685], "excluded_lines": [], "executed_branches": [], "missing_branches": []}, "ApplicationMonitor._aggregate_event_data": {"executed_lines": [], "summary": {"covered_lines": 0, "num_statements": 11, "percent_covered": 0.0, "percent_covered_display": "0.00", "missing_lines": 11, "excluded_lines": 0, "num_branches": 6, "num_partial_branches": 0, "covered_branches": 0, "missing_branches": 6}, "missing_lines": [697, 698, 700, 701, 702, 703, 705, 706, 708, 709, 711], "excluded_lines": [], "executed_branches": [], "missing_branches": [[700, 701], [700, 708], [705, 700], [705, 706], [708, 709], [708, 711]]}, "ApplicationMonitor._add_additional_context": {"executed_lines": [], "summary": {"covered_lines": 0, "num_statements": 1, "percent_covered": 0.0, "percent_covered_display": "0.00", "missing_lines": 1, "excluded_lines": 0, "num_branches": 0, "num_partial_branches": 0, "covered_branches": 0, "missing_branches": 0}, "missing_lines": [715], "excluded_lines": [], "executed_branches": [], "missing_branches": []}, "ApplicationMonitor._finalize_summary": {"executed_lines": [], "summary": {"covered_lines": 0, "num_statements": 3, "percent_covered": 0.0, "percent_covered_display": "0.00", "missing_lines": 3, "excluded_lines": 0, "num_branches": 0, "num_partial_branches": 0, "covered_branches": 0, "missing_branches": 0}, "missing_lines": [719, 720, 721], "excluded_lines": [], "executed_branches": [], "missing_branches": []}, "ApplicationMonitor.get_context_insights": {"executed_lines": [], "summary": {"covered_lines": 0, "num_statements": 9, "percent_covered": 0.0, "percent_covered_display": "0.00", "missing_lines": 9, "excluded_lines": 0, "num_branches": 2, "num_partial_branches": 0, "covered_branches": 0, "missing_branches": 2}, "missing_lines": [725, 726, 728, 729, 730, 732, 733, 734, 735], "excluded_lines": [], "executed_branches": [], "missing_branches": [[729, 730], [729, 732]]}, "ApplicationMonitor._create_insights_template": {"executed_lines": [], "summary": {"covered_lines": 0, "num_statements": 1, "percent_covered": 0.0, "percent_covered_display": "0.00", "missing_lines": 1, "excluded_lines": 0, "num_branches": 0, "num_partial_branches": 0, "covered_branches": 0, "missing_branches": 0}, "missing_lines": [739], "excluded_lines": [], "executed_branches": [], "missing_branches": []}, "ApplicationMonitor._analyze_events": {"executed_lines": [], "summary": {"covered_lines": 0, "num_statements": 9, "percent_covered": 0.0, "percent_covered_display": "0.00", "missing_lines": 9, "excluded_lines": 0, "num_branches": 4, "num_partial_branches": 0, "covered_branches": 0, "missing_branches": 4}, "missing_lines": [752, 753, 755, 756, 758, 759, 760, 762, 764], "excluded_lines": [], "executed_branches": [], "missing_branches": [[755, 756], [755, 764], [758, 759], [758, 760]]}, "ApplicationMonitor._extract_event_data": {"executed_lines": [], "summary": {"covered_lines": 0, "num_statements": 3, "percent_covered": 0.0, "percent_covered_display": "0.00", "missing_lines": 3, "excluded_lines": 0, "num_branches": 0, "num_partial_branches": 0, "covered_branches": 0, "missing_branches": 0}, "missing_lines": [768, 769, 770], "excluded_lines": [], "executed_branches": [], "missing_branches": []}, "ApplicationMonitor._extract_technologies": {"executed_lines": [], "summary": {"covered_lines": 0, "num_statements": 8, "percent_covered": 0.0, "percent_covered_display": "0.00", "missing_lines": 8, "excluded_lines": 0, "num_branches": 8, "num_partial_branches": 0, "covered_branches": 0, "missing_branches": 8}, "missing_lines": [774, 775, 776, 777, 778, 779, 780, 781], "excluded_lines": [], "executed_branches": [], "missing_branches": [[774, -772], [774, 775], [776, 777], [776, 778], [778, 779], [778, 780], [780, -772], [780, 781]]}, "ApplicationMonitor._extract_projects": {"executed_lines": [], "summary": {"covered_lines": 0, "num_statements": 2, "percent_covered": 0.0, "percent_covered_display": "0.00", "missing_lines": 2, "excluded_lines": 0, "num_branches": 2, "num_partial_branches": 0, "covered_branches": 0, "missing_branches": 2}, "missing_lines": [785, 786], "excluded_lines": [], "executed_branches": [], "missing_branches": [[785, -783], [785, 786]]}, "ApplicationMonitor._extract_documentation_topics": {"executed_lines": [], "summary": {"covered_lines": 0, "num_statements": 5, "percent_covered": 0.0, "percent_covered_display": "0.00", "missing_lines": 5, "excluded_lines": 0, "num_branches": 4, "num_partial_branches": 0, "covered_branches": 0, "missing_branches": 4}, "missing_lines": [792, 793, 794, 795, 796], "excluded_lines": [], "executed_branches": [], "missing_branches": [[792, -788], [792, 793], [795, -788], [795, 796]]}, "ApplicationMonitor._determine_primary_focus": {"executed_lines": [], "summary": {"covered_lines": 0, "num_statements": 2, "percent_covered": 0.0, "percent_covered_display": "0.00", "missing_lines": 2, "excluded_lines": 0, "num_branches": 2, "num_partial_branches": 0, "covered_branches": 0, "missing_branches": 2}, "missing_lines": [802, 803], "excluded_lines": [], "executed_branches": [], "missing_branches": [[802, -798], [802, 803]]}, "ApplicationMonitor._calculate_productivity_score": {"executed_lines": [], "summary": {"covered_lines": 0, "num_statements": 3, "percent_covered": 0.0, "percent_covered_display": "0.00", "missing_lines": 3, "excluded_lines": 0, "num_branches": 2, "num_partial_branches": 0, "covered_branches": 0, "missing_branches": 2}, "missing_lines": [809, 810, 811], "excluded_lines": [], "executed_branches": [], "missing_branches": [[810, -805], [810, 811]]}, "ApplicationMonitor._finalize_insights": {"executed_lines": [], "summary": {"covered_lines": 0, "num_statements": 3, "percent_covered": 0.0, "percent_covered_display": "0.00", "missing_lines": 3, "excluded_lines": 0, "num_branches": 0, "num_partial_branches": 0, "covered_branches": 0, "missing_branches": 0}, "missing_lines": [815, 816, 817], "excluded_lines": [], "executed_branches": [], "missing_branches": []}, "": {"executed_lines": [2, 8, 9, 10, 11, 12, 13, 14, 15, 16, 18, 19, 20, 22, 31, 32, 34, 39, 40, 41, 43, 44, 45, 46, 47, 48, 51, 52, 54, 88, 104, 119, 126, 134, 143, 177, 178, 180, 198, 214, 243, 244, 246, 272, 296, 350, 375, 376, 378, 405, 427, 434, 451, 452, 454, 458, 482, 501, 544, 556, 557, 559, 567, 571, 578, 583, 603, 614, 625, 630, 637, 644, 657, 665, 671, 681, 695, 713, 717, 723, 737, 748, 766, 772, 783, 788, 798, 805, 813], "summary": {"covered_lines": 81, "num_statements": 81, "percent_covered": 100.0, "percent_covered_display": "100.00", "missing_lines": 0, "excluded_lines": 6, "num_branches": 0, "num_partial_branches": 0, "covered_branches": 0, "missing_branches": 0}, "missing_lines": [], "excluded_lines": [23, 24, 27, 28, 35, 36], "executed_branches": [], "missing_branches": []}}, "classes": {"ActivityEvent": {"executed_lines": [], "summary": {"covered_lines": 0, "num_statements": 0, "percent_covered": 100.0, "percent_covered_display": "100.00", "missing_lines": 0, "excluded_lines": 0, "num_branches": 0, "num_partial_branches": 0, "covered_branches": 0, "missing_branches": 0}, "missing_lines": [], "excluded_lines": [], "executed_branches": [], "missing_branches": []}, "ProjectActivityMonitor": {"executed_lines": [], "summary": {"covered_lines": 0, "num_statements": 43, "percent_covered": 0.0, "percent_covered_display": "0.00", "missing_lines": 43, "excluded_lines": 0, "num_branches": 18, "num_partial_branches": 0, "covered_branches": 0, "missing_branches": 18}, "missing_lines": [56, 57, 58, 59, 60, 61, 90, 91, 106, 107, 109, 110, 111, 112, 113, 114, 115, 117, 121, 122, 123, 124, 128, 131, 132, 136, 137, 139, 145, 146, 148, 149, 150, 151, 154, 155, 156, 157, 160, 161, 162, 164, 174], "excluded_lines": [], "executed_branches": [], "missing_branches": [[106, 107], [106, 109], [109, 110], [109, 117], [110, 109], [110, 111], [121, 122], [121, 124], [131, -126], [131, 132], [148, 149], [148, 154], [149, 148], [149, 150], [155, 156], [155, 174], [161, 162], [161, 164]]}, "IDEFileHandler": {"executed_lines": [], "summary": {"covered_lines": 0, "num_statements": 19, "percent_covered": 0.0, "percent_covered_display": "0.00", "missing_lines": 19, "excluded_lines": 0, "num_branches": 12, "num_partial_branches": 0, "covered_branches": 0, "missing_branches": 12}, "missing_lines": [181, 182, 200, 203, 204, 205, 208, 209, 212, 215, 216, 219, 220, 221, 222, 223, 224, 226, 240], "excluded_lines": [], "executed_branches": [], "missing_branches": [[203, 204], [203, 208], [204, 203], [204, 205], [208, 209], [208, 212], [215, 216], [215, 219], [221, 222], [221, 226], [222, 221], [222, 223]]}, "BrowserDocumentationMonitor": {"executed_lines": [], "summary": {"covered_lines": 0, "num_statements": 46, "percent_covered": 0.0, "percent_covered_display": "0.00", "missing_lines": 46, "excluded_lines": 1, "num_branches": 20, "num_partial_branches": 0, "covered_branches": 0, "missing_branches": 20}, "missing_lines": [247, 269, 270, 274, 275, 277, 278, 280, 281, 282, 283, 284, 291, 294, 298, 300, 302, 303, 305, 306, 307, 309, 312, 313, 314, 315, 320, 321, 322, 323, 324, 325, 328, 329, 330, 334, 335, 338, 339, 340, 348, 352, 354, 368, 371, 372], "excluded_lines": [292], "executed_branches": [], "missing_branches": [[274, 275], [274, 277], [281, 282], [281, 294], [283, 281], [283, 284], [312, 313], [312, 315], [315, 320], [315, 322], [322, 323], [322, 325], [325, 328], [325, 330], [330, 334], [330, 338], [339, 340], [339, 348], [371, -350], [371, 372]]}, "ApplicationFocusMonitor": {"executed_lines": [], "summary": {"covered_lines": 0, "num_statements": 21, "percent_covered": 0.0, "percent_covered_display": "0.00", "missing_lines": 21, "excluded_lines": 1, "num_branches": 12, "num_partial_branches": 0, "covered_branches": 0, "missing_branches": 12}, "missing_lines": [379, 380, 381, 407, 408, 410, 413, 414, 415, 416, 417, 422, 425, 429, 430, 431, 432, 436, 444, 447, 448], "excluded_lines": [423], "executed_branches": [], "missing_branches": [[407, 408], [407, 410], [413, 414], [413, 425], [416, 413], [416, 417], [429, 430], [429, 432], [430, 429], [430, 431], [447, -434], [447, 448]]}, "ActivityDatabase": {"executed_lines": [], "summary": {"covered_lines": 0, "num_statements": 30, "percent_covered": 0.0, "percent_covered_display": "0.00", "missing_lines": 30, "excluded_lines": 0, "num_branches": 6, "num_partial_branches": 0, "covered_branches": 0, "missing_branches": 6}, "missing_lines": [455, 456, 460, 461, 474, 478, 484, 485, 509, 510, 511, 513, 514, 515, 517, 518, 519, 521, 522, 523, 524, 526, 527, 529, 530, 532, 546, 547, 549, 550], "excluded_lines": [], "executed_branches": [], "missing_branches": [[513, 514], [513, 517], [517, 518], [517, 521], [521, 522], [521, 526]]}, "ApplicationMonitor": {"executed_lines": [], "summary": {"covered_lines": 0, "num_statements": 113, "percent_covered": 0.0, "percent_covered_display": "0.00", "missing_lines": 113, "excluded_lines": 0, "num_branches": 40, "num_partial_branches": 0, "covered_branches": 0, "missing_branches": 40}, "missing_lines": [560, 561, 563, 564, 565, 569, 573, 574, 575, 576, 580, 581, 585, 586, 588, 591, 594, 596, 605, 607, 608, 609, 610, 612, 616, 617, 618, 619, 620, 621, 622, 623, 627, 628, 632, 633, 634, 635, 639, 647, 650, 653, 662, 663, 668, 669, 673, 674, 676, 677, 678, 679, 685, 697, 698, 700, 701, 702, 703, 705, 706, 708, 709, 711, 715, 719, 720, 721, 725, 726, 728, 729, 730, 732, 733, 734, 735, 739, 752, 753, 755, 756, 758, 759, 760, 762, 764, 768, 769, 770, 774, 775, 776, 777, 778, 779, 780, 781, 785, 786, 792, 793, 794, 795, 796, 802, 803, 809, 810, 811, 815, 816, 817], "excluded_lines": [], "executed_branches": [], "missing_branches": [[585, 586], [585, 588], [607, 608], [607, 612], [616, -614], [616, 617], [633, -630], [633, 634], [662, -657], [662, 663], [700, 701], [700, 708], [705, 700], [705, 706], [708, 709], [708, 711], [729, 730], [729, 732], [755, 756], [755, 764], [758, 759], [758, 760], [774, -772], [774, 775], [776, 777], [776, 778], [778, 779], [778, 780], [780, -772], [780, 781], [785, -783], [785, 786], [792, -788], [792, 793], [795, -788], [795, 796], [802, -798], [802, 803], [810, -805], [810, 811]]}, "": {"executed_lines": [2, 8, 9, 10, 11, 12, 13, 14, 15, 16, 18, 19, 20, 22, 31, 32, 34, 39, 40, 41, 43, 44, 45, 46, 47, 48, 51, 52, 54, 88, 104, 119, 126, 134, 143, 177, 178, 180, 198, 214, 243, 244, 246, 272, 296, 350, 375, 376, 378, 405, 427, 434, 451, 452, 454, 458, 482, 501, 544, 556, 557, 559, 567, 571, 578, 583, 603, 614, 625, 630, 637, 644, 657, 665, 671, 681, 695, 713, 717, 723, 737, 748, 766, 772, 783, 788, 798, 805, 813], "summary": {"covered_lines": 81, "num_statements": 81, "percent_covered": 100.0, "percent_covered_display": "100.00", "missing_lines": 0, "excluded_lines": 6, "num_branches": 0, "num_partial_branches": 0, "covered_branches": 0, "missing_branches": 0}, "missing_lines": [], "excluded_lines": [23, 24, 27, 28, 35, 36], "executed_branches": [], "missing_branches": []}}}, "session_mgmt_mcp/cli.py": {"executed_lines": [], "summary": {"covered_lines": 0, "num_statements": 201, "percent_covered": 0.0, "percent_covered_display": "0.00", "missing_lines": 201, "excluded_lines": 4, "num_branches": 50, "num_partial_branches": 0, "covered_branches": 0, "missing_branches": 50}, "missing_lines": [8, 10, 11, 12, 13, 14, 15, 16, 19, 20, 22, 23, 24, 25, 26, 28, 35, 37, 40, 42, 43, 44, 46, 47, 50, 53, 58, 72, 79, 80, 82, 83, 84, 87, 89, 90, 98, 99, 100, 108, 109, 111, 114, 116, 119, 120, 121, 123, 124, 125, 126, 127, 128, 130, 131, 134, 138, 141, 142, 143, 144, 145, 147, 148, 154, 157, 163, 165, 166, 173, 174, 175, 177, 179, 182, 183, 185, 191, 199, 200, 203, 204, 207, 208, 211, 214, 215, 216, 226, 235, 236, 237, 238, 239, 241, 242, 245, 247, 249, 250, 257, 259, 261, 262, 263, 264, 267, 270, 271, 272, 275, 276, 278, 281, 282, 283, 284, 286, 287, 289, 290, 297, 298, 300, 303, 309, 317, 318, 321, 322, 325, 326, 329, 331, 341, 343, 344, 346, 347, 348, 350, 351, 352, 353, 356, 357, 359, 360, 361, 365, 366, 367, 368, 369, 372, 374, 375, 376, 379, 380, 382, 383, 385, 386, 387, 389, 391, 392, 393, 396, 399, 403, 404, 406, 409, 410, 464, 465, 466, 468, 469, 470, 472, 473, 476, 479, 480, 481, 483, 484, 485, 487, 488, 489, 491, 492, 493, 496, 502, 503, 504], "excluded_lines": [401, 402, 507, 508], "executed_branches": [], "missing_branches": [[43, 44], [43, 84], [79, 43], [79, 80], [98, 99], [98, 111], [130, 131], [130, 138], [141, -114], [141, 142], [147, 148], [147, 154], [165, 166], [165, 177], [203, 204], [203, 214], [207, 208], [207, 211], [215, 216], [215, 226], [237, 238], [237, 239], [249, 250], [249, 259], [262, 263], [262, 289], [289, 290], [289, 297], [346, 347], [346, 350], [351, 352], [351, 356], [360, 361], [360, 365], [385, 386], [385, 399], [464, 465], [464, 468], [468, 469], [468, 472], [472, 473], [472, 479], [479, 480], [479, 483], [483, 484], [483, 487], [487, 488], [487, 491], [491, 492], [491, 496]], "functions": {"find_server_processes": {"executed_lines": [], "summary": {"covered_lines": 0, "num_statements": 14, "percent_covered": 0.0, "percent_covered_display": "0.00", "missing_lines": 14, "excluded_lines": 0, "num_branches": 4, "num_partial_branches": 0, "covered_branches": 0, "missing_branches": 4}, "missing_lines": [42, 43, 44, 46, 47, 50, 53, 58, 72, 79, 80, 82, 83, 84], "excluded_lines": [], "executed_branches": [], "missing_branches": [[43, 44], [43, 84], [79, 43], [79, 80]]}, "get_server_status": {"executed_lines": [], "summary": {"covered_lines": 0, "num_statements": 8, "percent_covered": 0.0, "percent_covered_display": "0.00", "missing_lines": 8, "excluded_lines": 0, "num_branches": 2, "num_partial_branches": 0, "covered_branches": 0, "missing_branches": 2}, "missing_lines": [89, 90, 98, 99, 100, 108, 109, 111], "excluded_lines": [], "executed_branches": [], "missing_branches": [[98, 99], [98, 111]]}, "show_status": {"executed_lines": [], "summary": {"covered_lines": 0, "num_statements": 22, "percent_covered": 0.0, "percent_covered_display": "0.00", "missing_lines": 22, "excluded_lines": 0, "num_branches": 6, "num_partial_branches": 0, "covered_branches": 0, "missing_branches": 6}, "missing_lines": [116, 119, 120, 121, 123, 124, 125, 126, 127, 128, 130, 131, 134, 138, 141, 142, 143, 144, 145, 147, 148, 154], "excluded_lines": [], "executed_branches": [], "missing_branches": [[130, 131], [130, 138], [141, -114], [141, 142], [147, 148], [147, 154]]}, "start_mcp_server": {"executed_lines": [], "summary": {"covered_lines": 0, "num_statements": 30, "percent_covered": 0.0, "percent_covered_display": "0.00", "missing_lines": 30, "excluded_lines": 0, "num_branches": 10, "num_partial_branches": 0, "covered_branches": 0, "missing_branches": 10}, "missing_lines": [163, 165, 166, 173, 174, 175, 177, 179, 182, 183, 185, 191, 199, 200, 203, 204, 207, 208, 211, 214, 215, 216, 226, 235, 236, 237, 238, 239, 241, 242], "excluded_lines": [], "executed_branches": [], "missing_branches": [[165, 166], [165, 177], [203, 204], [203, 214], [207, 208], [207, 211], [215, 216], [215, 226], [237, 238], [237, 239]]}, "stop_mcp_server": {"executed_lines": [], "summary": {"covered_lines": 0, "num_statements": 27, "percent_covered": 0.0, "percent_covered_display": "0.00", "missing_lines": 27, "excluded_lines": 0, "num_branches": 6, "num_partial_branches": 0, "covered_branches": 0, "missing_branches": 6}, "missing_lines": [247, 249, 250, 257, 259, 261, 262, 263, 264, 267, 270, 271, 272, 275, 276, 278, 281, 282, 283, 284, 286, 287, 289, 290, 297, 298, 300], "excluded_lines": [], "executed_branches": [], "missing_branches": [[249, 250], [249, 259], [262, 263], [262, 289], [289, 290], [289, 297]]}, "restart_mcp_server": {"executed_lines": [], "summary": {"covered_lines": 0, "num_statements": 7, "percent_covered": 0.0, "percent_covered_display": "0.00", "missing_lines": 7, "excluded_lines": 0, "num_branches": 0, "num_partial_branches": 0, "covered_branches": 0, "missing_branches": 0}, "missing_lines": [309, 317, 318, 321, 322, 325, 326], "excluded_lines": [], "executed_branches": [], "missing_branches": []}, "show_version": {"executed_lines": [], "summary": {"covered_lines": 0, "num_statements": 1, "percent_covered": 0.0, "percent_covered_display": "0.00", "missing_lines": 1, "excluded_lines": 0, "num_branches": 0, "num_partial_branches": 0, "covered_branches": 0, "missing_branches": 0}, "missing_lines": [331], "excluded_lines": [], "executed_branches": [], "missing_branches": []}, "show_logs": {"executed_lines": [], "summary": {"covered_lines": 0, "num_statements": 19, "percent_covered": 0.0, "percent_covered_display": "0.00", "missing_lines": 19, "excluded_lines": 0, "num_branches": 6, "num_partial_branches": 0, "covered_branches": 0, "missing_branches": 6}, "missing_lines": [343, 344, 346, 347, 348, 350, 351, 352, 353, 356, 357, 359, 360, 361, 365, 366, 367, 368, 369], "excluded_lines": [], "executed_branches": [], "missing_branches": [[346, 347], [346, 350], [351, 352], [351, 356], [360, 361], [360, 365]]}, "show_config": {"executed_lines": [], "summary": {"covered_lines": 0, "num_statements": 19, "percent_covered": 0.0, "percent_covered_display": "0.00", "missing_lines": 19, "excluded_lines": 2, "num_branches": 2, "num_partial_branches": 0, "covered_branches": 0, "missing_branches": 2}, "missing_lines": [374, 375, 376, 379, 380, 382, 383, 385, 386, 387, 389, 391, 392, 393, 396, 399, 403, 404, 406], "excluded_lines": [401, 402], "executed_branches": [], "missing_branches": [[385, 386], [385, 399]]}, "main": {"executed_lines": [], "summary": {"covered_lines": 0, "num_statements": 22, "percent_covered": 0.0, "percent_covered_display": "0.00", "missing_lines": 22, "excluded_lines": 0, "num_branches": 14, "num_partial_branches": 0, "covered_branches": 0, "missing_branches": 14}, "missing_lines": [464, 465, 466, 468, 469, 470, 472, 473, 476, 479, 480, 481, 483, 484, 485, 487, 488, 489, 491, 492, 493, 496], "excluded_lines": [], "executed_branches": [], "missing_branches": [[464, 465], [464, 468], [468, 469], [468, 472], [472, 473], [472, 479], [479, 480], [479, 483], [483, 484], [483, 487], [487, 488], [487, 491], [491, 492], [491, 496]]}, "": {"executed_lines": [], "summary": {"covered_lines": 0, "num_statements": 32, "percent_covered": 0.0, "percent_covered_display": "0.00", "missing_lines": 32, "excluded_lines": 2, "num_branches": 0, "num_partial_branches": 0, "covered_branches": 0, "missing_branches": 0}, "missing_lines": [8, 10, 11, 12, 13, 14, 15, 16, 19, 20, 22, 23, 24, 25, 26, 28, 35, 37, 40, 87, 114, 157, 245, 303, 329, 341, 372, 409, 410, 502, 503, 504], "excluded_lines": [507, 508], "executed_branches": [], "missing_branches": []}}, "classes": {"": {"executed_lines": [], "summary": {"covered_lines": 0, "num_statements": 201, "percent_covered": 0.0, "percent_covered_display": "0.00", "missing_lines": 201, "excluded_lines": 4, "num_branches": 50, "num_partial_branches": 0, "covered_branches": 0, "missing_branches": 50}, "missing_lines": [8, 10, 11, 12, 13, 14, 15, 16, 19, 20, 22, 23, 24, 25, 26, 28, 35, 37, 40, 42, 43, 44, 46, 47, 50, 53, 58, 72, 79, 80, 82, 83, 84, 87, 89, 90, 98, 99, 100, 108, 109, 111, 114, 116, 119, 120, 121, 123, 124, 125, 126, 127, 128, 130, 131, 134, 138, 141, 142, 143, 144, 145, 147, 148, 154, 157, 163, 165, 166, 173, 174, 175, 177, 179, 182, 183, 185, 191, 199, 200, 203, 204, 207, 208, 211, 214, 215, 216, 226, 235, 236, 237, 238, 239, 241, 242, 245, 247, 249, 250, 257, 259, 261, 262, 263, 264, 267, 270, 271, 272, 275, 276, 278, 281, 282, 283, 284, 286, 287, 289, 290, 297, 298, 300, 303, 309, 317, 318, 321, 322, 325, 326, 329, 331, 341, 343, 344, 346, 347, 348, 350, 351, 352, 353, 356, 357, 359, 360, 361, 365, 366, 367, 368, 369, 372, 374, 375, 376, 379, 380, 382, 383, 385, 386, 387, 389, 391, 392, 393, 396, 399, 403, 404, 406, 409, 410, 464, 465, 466, 468, 469, 470, 472, 473, 476, 479, 480, 481, 483, 484, 485, 487, 488, 489, 491, 492, 493, 496, 502, 503, 504], "excluded_lines": [401, 402, 507, 508], "executed_branches": [], "missing_branches": [[43, 44], [43, 84], [79, 43], [79, 80], [98, 99], [98, 111], [130, 131], [130, 138], [141, -114], [141, 142], [147, 148], [147, 154], [165, 166], [165, 177], [203, 204], [203, 214], [207, 208], [207, 211], [215, 216], [215, 226], [237, 238], [237, 239], [249, 250], [249, 259], [262, 263], [262, 289], [289, 290], [289, 297], [346, 347], [346, 350], [351, 352], [351, 356], [360, 361], [360, 365], [385, 386], [385, 399], [464, 465], [464, 468], [468, 469], [468, 472], [472, 473], [472, 479], [479, 480], [479, 483], [483, 484], [483, 487], [487, 488], [487, 491], [491, 492], [491, 496]]}}}, "session_mgmt_mcp/config.py": {"executed_lines": [2, 7, 8, 9, 11, 12, 14, 15, 23, 24, 26, 30, 36, 42, 50, 54, 58, 64, 68, 74, 81, 82, 83, 88, 89, 91, 95, 99, 107, 111, 117, 121, 129, 133, 137, 145, 146, 148, 152, 158, 166, 172, 176, 182, 186, 193, 194, 196, 198, 201, 202, 204, 210, 214, 221, 225, 231, 235, 243, 247, 253, 259, 263, 268, 269, 270, 278, 279, 282, 286, 293, 297, 303, 307, 312, 313, 314, 319, 320, 322, 326, 333, 337, 341, 347, 355, 359, 363, 370, 371, 372, 379, 380, 383, 387, 398, 402, 410, 416, 423, 424, 425, 438, 439, 441, 448, 452, 456, 460, 464, 468, 472, 478, 482, 488, 494, 498, 504, 505, 507, 508, 509, 511, 513, 516, 517, 538, 540, 541, 544, 545, 546, 547, 548, 549, 550, 556, 558, 559, 561, 563, 566, 568, 569, 571, 642, 645, 649, 650, 652, 655], "summary": {"covered_lines": 140, "num_statements": 172, "percent_covered": 75.51020408163265, "percent_covered_display": "75.51", "missing_lines": 32, "excluded_lines": 6, "num_branches": 24, "num_partial_branches": 4, "covered_branches": 8, "missing_branches": 16}, "missing_lines": [85, 197, 272, 273, 274, 275, 316, 374, 375, 376, 427, 429, 430, 431, 432, 433, 434, 435, 520, 521, 523, 525, 526, 527, 528, 529, 533, 536, 551, 552, 573, 657], "excluded_lines": [16, 17, 18, 19, 20, 387], "executed_branches": [[196, 198], [516, 517], [540, 541], [540, 544], [546, 547], [566, 568], [649, 650], [649, 652]], "missing_branches": [[196, 197], [272, 273], [272, 275], [429, 430], [429, 435], [516, 520], [520, 521], [520, 536], [521, 520], [521, 523], [527, 520], [527, 528], [529, 520], [529, 533], [546, 556], [566, 569]], "functions": {"DatabaseConfig.expand_path": {"executed_lines": [], "summary": {"covered_lines": 0, "num_statements": 1, "percent_covered": 0.0, "percent_covered_display": "0.00", "missing_lines": 1, "excluded_lines": 0, "num_branches": 0, "num_partial_branches": 0, "covered_branches": 0, "missing_branches": 0}, "missing_lines": [85], "excluded_lines": [], "executed_branches": [], "missing_branches": []}, "TokenOptimizationConfig.validate_chunk_size": {"executed_lines": [196, 198], "summary": {"covered_lines": 2, "num_statements": 3, "percent_covered": 60.0, "percent_covered_display": "60.00", "missing_lines": 1, "excluded_lines": 0, "num_branches": 2, "num_partial_branches": 1, "covered_branches": 1, "missing_branches": 1}, "missing_lines": [197], "excluded_lines": [], "executed_branches": [[196, 198]], "missing_branches": [[196, 197]]}, "SessionConfig.validate_commit_template": {"executed_lines": [], "summary": {"covered_lines": 0, "num_statements": 4, "percent_covered": 0.0, "percent_covered_display": "0.00", "missing_lines": 4, "excluded_lines": 0, "num_branches": 2, "num_partial_branches": 0, "covered_branches": 0, "missing_branches": 2}, "missing_lines": [272, 273, 274, 275], "excluded_lines": [], "executed_branches": [], "missing_branches": [[272, 273], [272, 275]]}, "IntegrationConfig.expand_workspace_path": {"executed_lines": [], "summary": {"covered_lines": 0, "num_statements": 1, "percent_covered": 0.0, "percent_covered_display": "0.00", "missing_lines": 1, "excluded_lines": 0, "num_branches": 0, "num_partial_branches": 0, "covered_branches": 0, "missing_branches": 0}, "missing_lines": [316], "excluded_lines": [], "executed_branches": [], "missing_branches": []}, "LoggingConfig.expand_log_path": {"executed_lines": [], "summary": {"covered_lines": 0, "num_statements": 3, "percent_covered": 0.0, "percent_covered_display": "0.00", "missing_lines": 3, "excluded_lines": 0, "num_branches": 0, "num_partial_branches": 0, "covered_branches": 0, "missing_branches": 0}, "missing_lines": [374, 375, 376], "excluded_lines": [], "executed_branches": [], "missing_branches": []}, "SecurityConfig.validate_patterns": {"executed_lines": [], "summary": {"covered_lines": 0, "num_statements": 8, "percent_covered": 0.0, "percent_covered_display": "0.00", "missing_lines": 8, "excluded_lines": 0, "num_branches": 2, "num_partial_branches": 0, "covered_bra
[...]
red": 75.63025210084034, "percent_covered_display": "75.63", "missing_lines": 63, "excluded_lines": 0, "num_branches": 78, "num_partial_branches": 16, "covered_branches": 54, "missing_branches": 24}, "missing_lines": [80, 86, 87, 93, 97, 109, 114, 138, 142, 143, 204, 210, 226, 280, 300, 335, 369, 397, 398, 399, 413, 488, 489, 490, 495, 542, 543, 553, 554, 556, 557, 558, 560, 561, 562, 563, 569, 570, 572, 576, 581, 582, 583, 584, 588, 589, 591, 593, 594, 597, 598, 599, 602, 603, 605, 606, 607, 611, 612, 614, 615, 620, 621], "excluded_lines": [], "executed_branches": [[79, -77], [85, 88], [92, 96], [96, 100], [108, 112], [112, 113], [112, 116], [113, 112], [137, 141], [147, 148], [147, 150], [155, 156], [155, 173], [192, 193], [192, 197], [197, 198], [197, 203], [203, 209], [209, 214], [223, 224], [223, 225], [225, 228], [279, 285], [299, 303], [322, 323], [322, 326], [329, 330], [329, 333], [334, 338], [351, 352], [351, 357], [362, 363], [362, 365], [368, 375], [403, 404], [403, 406], [412, 419], [449, 450], [449, 452], [456, 457], [456, 463], [494, 497], [497, 498], [497, 501], [529, 530], [529, 534], [530, 531], [530, 532], [631, 632], [631, 637], [637, 638], [637, 643], [646, 647], [646, 653]], "missing_branches": [[79, 80], [85, 86], [92, 93], [96, 97], [108, 109], [113, 114], [137, 138], [203, 204], [209, 210], [225, 226], [279, 280], [299, 300], [334, 335], [368, 369], [412, 413], [494, 495], [569, 570], [569, 572], [593, 594], [593, 605], [594, 593], [594, 597], [598, 593], [598, 599]], "functions": {"WorktreeValidationResult.success": {"executed_lines": [44], "summary": {"covered_lines": 1, "num_statements": 1, "percent_covered": 100.0, "percent_covered_display": "100.00", "missing_lines": 0, "excluded_lines": 0, "num_branches": 0, "num_partial_branches": 0, "covered_branches": 0, "missing_branches": 0}, "missing_lines": [], "excluded_lines": [], "executed_branches": [], "missing_branches": []}, "WorktreeValidationResult.error": {"executed_lines": [49], "summary": {"covered_lines": 1, "num_statements": 1, "percent_covered": 100.0, "percent_covered_display": "100.00", "missing_lines": 0, "excluded_lines": 0, "num_branches": 0, "num_partial_branches": 0, "covered_branches": 0, "missing_branches": 0}, "missing_lines": [], "excluded_lines": [], "executed_branches": [], "missing_branches": []}, "GitOperationResult.success_result": {"executed_lines": [63], "summary": {"covered_lines": 1, "num_statements": 1, "percent_covered": 100.0, "percent_covered_display": "100.00", "missing_lines": 0, "excluded_lines": 0, "num_branches": 0, "num_partial_branches": 0, "covered_branches": 0, "missing_branches": 0}, "missing_lines": [], "excluded_lines": [], "executed_branches": [], "missing_branches": []}, "GitOperationResult.error_result": {"executed_lines": [68], "summary": {"covered_lines": 1, "num_statements": 1, "percent_covered": 100.0, "percent_covered_display": "100.00", "missing_lines": 0, "excluded_lines": 0, "num_branches": 0, "num_partial_branches": 0, "covered_branches": 0, "missing_branches": 0}, "missing_lines": [], "excluded_lines": [], "executed_branches": [], "missing_branches": []}, "WorktreeManager.__init__": {"executed_lines": [75], "summary": {"covered_lines": 1, "num_statements": 1, "percent_covered": 100.0, "percent_covered_display": "100.00", "missing_lines": 0, "excluded_lines": 0, "num_branches": 0, "num_partial_branches": 0, "covered_branches": 0, "missing_branches": 0}, "missing_lines": [], "excluded_lines": [], "executed_branches": [], "missing_branches": []}, "WorktreeManager._log": {"executed_lines": [79], "summary": {"covered_lines": 1, "num_statements": 2, "percent_covered": 50.0, "percent_covered_display": "50.00", "missing_lines": 1, "excluded_lines": 0, "num_branches": 2, "num_partial_branches": 1, "covered_branches": 1, "missing_branches": 1}, "missing_lines": [80], "excluded_lines": [], "executed_branches": [[79, -77]], "missing_branches": [[79, 80]]}, "WorktreeManager._get_git_executable": {"executed_lines": [84, 85, 88], "summary": {"covered_lines": 3, "num_statements": 5, "percent_covered": 57.142857142857146, "percent_covered_display": "57.14", "missing_lines": 2, "excluded_lines": 0, "num_branches": 2, "num_partial_branches": 1, "covered_branches": 1, "missing_branches": 1}, "missing_lines": [86, 87], "excluded_lines": [], "executed_branches": [[85, 88]], "missing_branches": [[85, 86]]}, "WorktreeManager._validate_git_command": {"executed_lines": [92, 96, 100, 108, 112, 113, 116], "summary": {"covered_lines": 7, "num_statements": 11, "percent_covered": 61.904761904761905, "percent_covered_display": "61.90", "missing_lines": 4, "excluded_lines": 0, "num_branches": 10, "num_partial_branches": 4, "covered_branches": 6, "missing_branches": 4}, "missing_lines": [93, 97, 109, 114], "excluded_lines": [], "executed_branches": [[92, 96], [96, 100], [108, 112], [112, 113], [112, 116], [113, 112]], "missing_branches": [[92, 93], [96, 97], [108, 109], [113, 114]]}, "WorktreeManager._is_safe_branch_name": {"executed_lines": [120, 124, 125], "summary": {"covered_lines": 3, "num_statements": 3, "percent_covered": 100.0, "percent_covered_display": "100.00", "missing_lines": 0, "excluded_lines": 0, "num_branches": 0, "num_partial_branches": 0, "covered_branches": 0, "missing_branches": 0}, "missing_lines": [], "excluded_lines": [], "executed_branches": [], "missing_branches": []}, "WorktreeManager._is_safe_path": {"executed_lines": [129, 131, 134, 137, 141], "summary": {"covered_lines": 5, "num_statements": 8, "percent_covered": 60.0, "percent_covered_display": "60.00", "missing_lines": 3, "excluded_lines": 0, "num_branches": 2, "num_partial_branches": 1, "covered_branches": 1, "missing_branches": 1}, "missing_lines": [138, 142, 143], "excluded_lines": [], "executed_branches": [[137, 141]], "missing_branches": [[137, 138]]}, "WorktreeManager.list_worktrees": {"executed_lines": [147, 148, 150, 151, 152, 154, 155, 156, 169, 171, 173, 175, 184, 185, 186], "summary": {"covered_lines": 15, "num_statements": 15, "percent_covered": 100.0, "percent_covered_display": "100.00", "missing_lines": 0, "excluded_lines": 0, "num_branches": 4, "num_partial_branches": 0, "covered_branches": 4, "missing_branches": 0}, "missing_lines": [], "excluded_lines": [], "executed_branches": [[147, 148], [147, 150], [155, 156], [155, 173]], "missing_branches": []}, "WorktreeManager._validate_worktree_creation_request": {"executed_lines": [192, 193, 197, 198, 203, 209, 214], "summary": {"covered_lines": 7, "num_statements": 9, "percent_covered": 76.47058823529412, "percent_covered_display": "76.47", "missing_lines": 2, "excluded_lines": 0, "num_branches": 8, "num_partial_branches": 2, "covered_branches": 6, "missing_branches": 2}, "missing_lines": [204, 210], "excluded_lines": [], "executed_branches": [[192, 193], [192, 197], [197, 198], [197, 203], [203, 209], [209, 214]], "missing_branches": [[203, 204], [209, 210]]}, "WorktreeManager._build_worktree_command": {"executed_lines": [220, 221, 223, 224, 225, 228, 229], "summary": {"covered_lines": 7, "num_statements": 8, "percent_covered": 83.33333333333333, "percent_covered_display": "83.33", "missing_lines": 1, "excluded_lines": 0, "num_branches": 4, "num_partial_branches": 1, "covered_branches": 3, "missing_branches": 1}, "missing_lines": [226], "excluded_lines": [], "executed_branches": [[223, 224], [223, 225], [225, 228]], "missing_branches": [[225, 226]]}, "WorktreeManager._execute_worktree_creation": {"executed_lines": [235], "summary": {"covered_lines": 1, "num_statements": 1, "percent_covered": 100.0, "percent_covered_display": "100.00", "missing_lines": 0, "excluded_lines": 0, "num_branches": 0, "num_partial_branches": 0, "covered_branches": 0, "missing_branches": 0}, "missing_lines": [], "excluded_lines": [], "executed_branches": [], "missing_branches": []}, "WorktreeManager._build_success_response_from_info": {"executed_lines": [253], "summary": {"covered_lines": 1, "num_statements": 1, "percent_covered": 100.0, "percent_covered_display": "100.00", "missing_lines": 0, "excluded_lines": 0, "num_branches": 0, "num_partial_branches": 0, "covered_branches": 0, "missing_branches": 0}, "missing_lines": [], "excluded_lines": [], "executed_branches": [], "missing_branches": []}, "WorktreeManager._execute_git_worktree_creation": {"executed_lines": [274, 276, 279, 285, 286, 288, 289, 290, 291, 292, 293, 294], "summary": {"covered_lines": 12, "num_statements": 13, "percent_covered": 86.66666666666667, "percent_covered_display": "86.67", "missing_lines": 1, "excluded_lines": 0, "num_branches": 2, "num_partial_branches": 1, "covered_branches": 1, "missing_branches": 1}, "missing_lines": [280], "excluded_lines": [], "executed_branches": [[279, 285]], "missing_branches": [[279, 280]]}, "WorktreeManager._verify_worktree_creation": {"executed_lines": [298, 299, 303], "summary": {"covered_lines": 3, "num_statements": 4, "percent_covered": 66.66666666666667, "percent_covered_display": "66.67", "missing_lines": 1, "excluded_lines": 0, "num_branches": 2, "num_partial_branches": 1, "covered_branches": 1, "missing_branches": 1}, "missing_lines": [300], "excluded_lines": [], "executed_branches": [[299, 303]], "missing_branches": [[299, 300]]}, "WorktreeManager.create_worktree": {"executed_lines": [314, 319, 322, 323, 326, 329, 330, 333, 334, 338, 339, 340], "summary": {"covered_lines": 12, "num_statements": 13, "percent_covered": 89.47368421052632, "percent_covered_display": "89.47", "missing_lines": 1, "excluded_lines": 0, "num_branches": 6, "num_partial_branches": 1, "covered_branches": 5, "missing_branches": 1}, "missing_lines": [335], "excluded_lines": [], "executed_branches": [[322, 323], [322, 326], [329, 330], [329, 333], [334, 338]], "missing_branches": [[334, 335]]}, "WorktreeManager.remove_worktree": {"executed_lines": [351, 352, 357, 359, 360, 362, 363, 365, 368, 375, 385, 387, 393, 394, 395, 396], "summary": {"covered_lines": 16, "num_statements": 20, "percent_covered": 80.76923076923077, "percent_covered_display": "80.77", "missing_lines": 4, "excluded_lines": 0, "num_branches": 6, "num_partial_branches": 1, "covered_branches": 5, "missing_branches": 1}, "missing_lines": [369, 397, 398, 399], "excluded_lines": [], "executed_branches": [[351, 352], [351, 357], [362, 363], [362, 365], [368, 375]], "missing_branches": [[368, 369]]}, "WorktreeManager.prune_worktrees": {"executed_lines": [403, 404, 406, 408, 409, 412, 419, 429, 432, 434, 436, 442, 443, 444, 445], "summary": {"covered_lines": 15, "num_statements": 16, "percent_covered": 90.0, "percent_covered_display": "90.00", "missing_lines": 1, "excluded_lines": 0, "num_branches": 4, "num_partial_branches": 1, "covered_branches": 3, "missing_branches": 1}, "missing_lines": [413], "excluded_lines": [], "executed_branches": [[403, 404], [403, 406], [412, 419]], "missing_branches": [[412, 413]]}, "WorktreeManager.get_worktree_status": {"executed_lines": [449, 450, 452, 453, 454, 456, 457, 463], "summary": {"covered_lines": 8, "num_statements": 11, "percent_covered": 80.0, "percent_covered_display": "80.00", "missing_lines": 3, "excluded_lines": 0, "num_branches": 4, "num_partial_branches": 0, "covered_branches": 4, "missing_branches": 0}, "missing_lines": [488, 489, 490], "excluded_lines": [], "executed_branches": [[449, 450], [449, 452], [456, 457], [456, 463]], "missing_branches": []}, "WorktreeManager._check_session_exists": {"executed_lines": [494, 497, 498, 501, 508, 515, 518, 522], "summary": {"covered_lines": 8, "num_statements": 9, "percent_covered": 84.61538461538461, "percent_covered_display": "84.62", "missing_lines": 1, "excluded_lines": 0, "num_branches": 4, "num_partial_branches": 1, "covered_branches": 3, "missing_branches": 1}, "missing_lines": [495], "excluded_lines": [], "executed_branches": [[494, 497], [497, 498], [497, 501]], "missing_branches": [[494, 495]]}, "WorktreeManager._get_session_summary": {"executed_lines": [526, 527, 529, 530, 531, 532, 534], "summary": {"covered_lines": 7, "num_statements": 7, "percent_covered": 100.0, "percent_covered_display": "100.00", "missing_lines": 0, "excluded_lines": 0, "num_branches": 4, "num_partial_branches": 0, "covered_branches": 4, "missing_branches": 0}, "missing_lines": [], "excluded_lines": [], "executed_branches": [[529, 530], [529, 534], [530, 531], [530, 532]], "missing_branches": []}, "WorktreeManager._save_current_session_state": {"executed_lines": [], "summary": {"covered_lines": 0, "num_statements": 11, "percent_covered": 0.0, "percent_covered_display": "0.00", "missing_lines": 11, "excluded_lines": 0, "num_branches": 0, "num_partial_branches": 0, "covered_branches": 0, "missing_branches": 0}, "missing_lines": [542, 543, 553, 554, 556, 557, 558, 560, 561, 562, 563], "excluded_lines": [], "executed_branches": [], "missing_branches": []}, "WorktreeManager._restore_session_state": {"executed_lines": [], "summary": {"covered_lines": 0, "num_statements": 8, "percent_covered": 0.0, "percent_covered_display": "0.00", "missing_lines": 8, "excluded_lines": 0, "num_branches": 2, "num_partial_branches": 0, "covered_branches": 0, "missing_branches": 2}, "missing_lines": [569, 570, 572, 576, 581, 582, 583, 584], "excluded_lines": [], "executed_branches": [], "missing_branches": [[569, 570], [569, 572]]}, "WorktreeManager._get_recent_files": {"executed_lines": [], "summary": {"covered_lines": 0, "num_statements": 13, "percent_covered": 0.0, "percent_covered_display": "0.00", "missing_lines": 13, "excluded_lines": 0, "num_branches": 6, "num_partial_branches": 0, "covered_branches": 0, "missing_branches": 6}, "missing_lines": [588, 589, 591, 593, 594, 597, 598, 599, 602, 603, 605, 606, 607], "excluded_lines": [], "executed_branches": [], "missing_branches": [[593, 594], [593, 605], [594, 593], [594, 597], [598, 593], [598, 599]]}, "WorktreeManager._get_git_status": {"executed_lines": [], "summary": {"covered_lines": 0, "num_statements": 6, "percent_covered": 0.0, "percent_covered_display": "0.00", "missing_lines": 6, "excluded_lines": 0, "num_branches": 0, "num_partial_branches": 0, "covered_branches": 0, "missing_branches": 0}, "missing_lines": [611, 612, 614, 615, 620, 621], "excluded_lines": [], "executed_branches": [], "missing_branches": []}, "WorktreeManager.switch_worktree_context": {"executed_lines": [629, 631, 632, 637, 638, 643, 644, 646, 647, 653, 655, 658, 661, 663, 669, 684, 686, 690, 692, 698, 713, 714, 715], "summary": {"covered_lines": 23, "num_statements": 23, "percent_covered": 100.0, "percent_covered_display": "100.00", "missing_lines": 0, "excluded_lines": 0, "num_branches": 6, "num_partial_branches": 0, "covered_branches": 6, "missing_branches": 0}, "missing_lines": [], "excluded_lines": [], "executed_branches": [[631, 632], [631, 637], [637, 638], [637, 643], [646, 647], [646, 653]], "missing_branches": []}, "": {"executed_lines": [2, 7, 8, 9, 10, 11, 12, 13, 14, 15, 17, 25, 26, 27, 29, 30, 31, 34, 35, 36, 38, 39, 41, 42, 46, 47, 52, 53, 54, 56, 57, 58, 60, 61, 65, 66, 71, 72, 74, 77, 82, 90, 118, 127, 145, 188, 216, 231, 245, 266, 296, 305, 344, 401, 447, 492, 524, 540, 565, 586, 609, 623], "summary": {"covered_lines": 57, "num_statements": 57, "percent_covered": 100.0, "percent_covered_display": "100.00", "missing_lines": 0, "excluded_lines": 0, "num_branches": 0, "num_partial_branches": 0, "covered_branches": 0, "missing_branches": 0}, "missing_lines": [], "excluded_lines": [], "executed_branches": [], "missing_branches": []}}, "classes": {"WorktreeCreationOptions": {"executed_lines": [], "summary": {"covered_lines": 0, "num_statements": 0, "percent_covered": 100.0, "percent_covered_display": "100.00", "missing_lines": 0, "excluded_lines": 0, "num_branches": 0, "num_partial_branches": 0, "covered_branches": 0, "missing_branches": 0}, "missing_lines": [], "excluded_lines": [], "executed_branches": [], "missing_branches": []}, "WorktreeValidationResult": {"executed_lines": [44, 49], "summary": {"covered_lines": 2, "num_statements": 2, "percent_covered": 100.0, "percent_covered_display": "100.00", "missing_lines": 0, "excluded_lines": 0, "num_branches": 0, "num_partial_branches": 0, "covered_branches": 0, "missing_branches": 0}, "missing_lines": [], "excluded_lines": [], "executed_branches": [], "missing_branches": []}, "GitOperationResult": {"executed_lines": [63, 68], "summary": {"covered_lines": 2, "num_statements": 2, "percent_covered": 100.0, "percent_covered_display": "100.00", "missing_lines": 0, "excluded_lines": 0, "num_branches": 0, "num_partial_branches": 0, "covered_branches": 0, "missing_branches": 0}, "missing_lines": [], "excluded_lines": [], "executed_branches": [], "missing_branches": []}, "WorktreeManager": {"executed_lines": [75, 79, 84, 85, 88, 92, 96, 100, 108, 112, 113, 116, 120, 124, 125, 129, 131, 134, 137, 141, 147, 148, 150, 151, 152, 154, 155, 156, 169, 171, 173, 175, 184, 185, 186, 192, 193, 197, 198, 203, 209, 214, 220, 221, 223, 224, 225, 228, 229, 235, 253, 274, 276, 279, 285, 286, 288, 289, 290, 291, 292, 293, 294, 298, 299, 303, 314, 319, 322, 323, 326, 329, 330, 333, 334, 338, 339, 340, 351, 352, 357, 359, 360, 362, 363, 365, 368, 375, 385, 387, 393, 394, 395, 396, 403, 404, 406, 408, 409, 412, 419, 429, 432, 434, 436, 442, 443, 444, 445, 449, 450, 452, 453, 454, 456, 457, 463, 494, 497, 498, 501, 508, 515, 518, 522, 526, 527, 529, 530, 531, 532, 534, 629, 631, 632, 637, 638, 643, 644, 646, 647, 653, 655, 658, 661, 663, 669, 684, 686, 690, 692, 698, 713, 714, 715], "summary": {"covered_lines": 155, "num_statements": 218, "percent_covered": 70.60810810810811, "percent_covered_display": "70.61", "missing_lines": 63, "excluded_lines": 0, "num_branches": 78, "num_partial_branches": 16, "covered_branches": 54, "missing_branches": 24}, "missing_lines": [80, 86, 87, 93, 97, 109, 114, 138, 142, 143, 204, 210, 226, 280, 300, 335, 369, 397, 398, 399, 413, 488, 489, 490, 495, 542, 543, 553, 554, 556, 557, 558, 560, 561, 562, 563, 569, 570, 572, 576, 581, 582, 583, 584, 588, 589, 591, 593, 594, 597, 598, 599, 602, 603, 605, 606, 607, 611, 612, 614, 615, 620, 621], "excluded_lines": [], "executed_branches": [[79, -77], [85, 88], [92, 96], [96, 100], [108, 112], [112, 113], [112, 116], [113, 112], [137, 141], [147, 148], [147, 150], [155, 156], [155, 173], [192, 193], [192, 197], [197, 198], [197, 203], [203, 209], [209, 214], [223, 224], [223, 225], [225, 228], [279, 285], [299, 303], [322, 323], [322, 326], [329, 330], [329, 333], [334, 338], [351, 352], [351, 357], [362, 363], [362, 365], [368, 375], [403, 404], [403, 406], [412, 419], [449, 450], [449, 452], [456, 457], [456, 463], [494, 497], [497, 498], [497, 501], [529, 530], [529, 534], [530, 531], [530, 532], [631, 632], [631, 637], [637, 638], [637, 643], [646, 647], [646, 653]], "missing_branches": [[79, 80], [85, 86], [92, 93], [96, 97], [108, 109], [113, 114], [137, 138], [203, 204], [209, 210], [225, 226], [279, 280], [299, 300], [334, 335], [368, 369], [412, 413], [494, 495], [569, 570], [569, 572], [593, 594], [593, 605], [594, 593], [594, 597], [598, 593], [598, 599]]}, "": {"executed_lines": [2, 7, 8, 9, 10, 11, 12, 13, 14, 15, 17, 25, 26, 27, 29, 30, 31, 34, 35, 36, 38, 39, 41, 42, 46, 47, 52, 53, 54, 56, 57, 58, 60, 61, 65, 66, 71, 72, 74, 77, 82, 90, 118, 127, 145, 188, 216, 231, 245, 266, 296, 305, 344, 401, 447, 492, 524, 540, 565, 586, 609, 623], "summary": {"covered_lines": 57, "num_statements": 57, "percent_covered": 100.0, "percent_covered_display": "100.00", "missing_lines": 0, "excluded_lines": 0, "num_branches": 0, "num_partial_branches": 0, "covered_branches": 0, "missing_branches": 0}, "missing_lines": [], "excluded_lines": [], "executed_branches": [], "missing_branches": []}}}}, "totals": {"covered_lines": 4816, "num_statements": 12560, "percent_covered": 34.5551996057171, "percent_covered_display": "34.56", "missing_lines": 7744, "excluded_lines": 567, "num_branches": 3672, "num_partial_branches": 263, "covered_branches": 793, "missing_branches": 2879}}