{"meta": {"format": 3, "version": "7.10.6", "timestamp": "2025-09-18T14:22:00.638902", "branch_coverage": true, "show_contexts": false}, "files": {"session_mgmt_mcp/__init__.py": {"executed_lines": [1, 4, 6], "summary": {"covered_lines": 2, "num_statements": 2, "percent_covered": 100.0, "percent_covered_display": "100.00", "missing_lines": 0, "excluded_lines": 0, "num_branches": 0, "num_partial_branches": 0, "covered_branches": 0, "missing_branches": 0}, "missing_lines": [], "excluded_lines": [], "executed_branches": [], "missing_branches": [], "functions": {"": {"executed_lines": [1, 4, 6], "summary": {"covered_lines": 2, "num_statements": 2, "percent_covered": 100.0, "percent_covered_display": "100.00", "missing_lines": 0, "excluded_lines": 0, "num_branches": 0, "num_partial_branches": 0, "covered_branches": 0, "missing_branches": 0}, "missing_lines": [], "excluded_lines": [], "executed_branches": [], "missing_branches": []}}, "classes": {"": {"executed_lines": [1, 4, 6], "summary": {"covered_lines": 2, "num_statements": 2, "percent_covered": 100.0, "percent_covered_display": "100.00", "missing_lines": 0, "excluded_lines": 0, "num_branches": 0, "num_partial_branches": 0, "covered_branches": 0, "missing_branches": 0}, "missing_lines": [], "excluded_lines": [], "executed_branches": [], "missing_branches": []}}}, "session_mgmt_mcp/advanced_search.py": {"executed_lines": [2, 8, 9, 10, 11, 12, 13, 15, 16, 17, 20, 21, 22, 24, 25, 26, 27, 30, 31, 32, 34, 35, 36, 39, 40, 41, 43, 44, 45, 46, 47, 48, 49, 50, 51, 52, 55, 56, 58, 78, 120, 161, 213, 262, 346, 355, 372, 383, 443, 497, 559, 599, 608, 637, 741, 768, 810], "summary": {"covered_lines": 52, "num_statements": 301, "percent_covered": 11.845102505694761, "percent_covered_display": "11.85", "missing_lines": 249, "excluded_lines": 0, "num_branches": 138, "num_partial_branches": 0, "covered_branches": 0, "missing_branches": 138}, "missing_lines": [59, 60, 61, 64, 92, 95, 98, 103, 104, 107, 108, 109, 111, 129, 136, 138, 147, 148, 150, 155, 156, 157, 159, 169, 175, 176, 178, 183, 184, 186, 189, 195, 196, 197, 198, 211, 222, 225, 231, 232, 233, 236, 244, 245, 246, 258, 260, 269, 270, 271, 274, 275, 276, 278, 279, 280, 283, 285, 287, 288, 298, 299, 309, 310, 318, 319, 329, 331, 332, 336, 338, 349, 352, 353, 357, 359, 360, 362, 364, 365, 367, 368, 369, 370, 375, 378, 381, 385, 386, 388, 389, 391, 392, 395, 398, 399, 400, 403, 404, 405, 408, 417, 418, 440, 441, 445, 446, 448, 449, 451, 452, 455, 458, 459, 460, 463, 471, 472, 494, 495, 499, 500, 503, 506, 513, 514, 522, 523, 525, 527, 528, 529, 533, 534, 556, 557, 561, 564, 570, 577, 578, 579, 580, 583, 584, 585, 588, 589, 590, 593, 594, 595, 597, 606, 613, 614, 616, 617, 618, 619, 620, 621, 623, 624, 627, 628, 630, 631, 632, 633, 635, 649, 654, 657, 658, 659, 662, 664, 665, 666, 667, 668, 669, 670, 671, 672, 673, 676, 677, 678, 679, 681, 682, 683, 685, 688, 689, 690, 691, 693, 695, 696, 697, 699, 700, 702, 710, 711, 712, 720, 722, 739, 747, 749, 750, 751, 753, 754, 756, 757, 758, 760, 761, 762, 764, 766, 775, 777, 778, 779, 781, 791, 792, 794, 799, 808, 812, 814, 815, 816, 817, 818, 819, 820, 821, 822, 823, 826, 828], "excluded_lines": [], "executed_branches": [], "missing_branches": [[103, 104], [103, 107], [108, 109], [108, 111], [147, 148], [147, 150], [156, 157], [156, 159], [175, 176], [175, 178], [183, 184], [183, 186], [196, 197], [196, 211], [197, 196], [197, 198], [232, 233], [232, 236], [245, 246], [245, 260], [274, 275], [274, 285], [278, 279], [278, 285], [279, 280], [279, 283], [287, 288], [287, 298], [298, 299], [298, 309], [309, 310], [309, 318], [318, 319], [318, 329], [331, 332], [331, 336], [352, -346], [352, 353], [359, 360], [359, 362], [364, 365], [364, 370], [367, 368], [367, 369], [385, 386], [385, 388], [391, 392], [391, 440], [399, 400], [399, 403], [404, 405], [404, 408], [417, 391], [417, 418], [440, -383], [440, 441], [445, 446], [445, 448], [451, 452], [451, 494], [459, 460], [459, 463], [471, 451], [471, 472], [494, -443], [494, 495], [499, 500], [499, 503], [513, 514], [513, 556], [522, 523], [522, 525], [527, 513], [527, 528], [528, 527], [528, 529], [533, 527], [533, 534], [556, -497], [556, 557], [577, 578], [577, 583], [579, 577], [579, 580], [616, 617], [616, 635], [617, 618], [617, 623], [623, 624], [623, 630], [630, 616], [630, 631], [657, 658], [657, 676], [662, 664], [662, 676], [664, 665], [664, 669], [669, 670], [669, 676], [676, 677], [676, 688], [678, 679], [678, 688], [681, 682], [681, 688], [682, 683], [682, 685], [688, 689], [688, 690], [690, 691], [690, 693], [699, 700], [699, 702], [711, 712], [711, 739], [749, 750], [749, 766], [753, 754], [753, 764], [754, 753], [754, 756], [777, 778], [777, 808], [778, 777], [778, 779], [791, 792], [791, 794], [814, 815], [814, 816], [816, 817], [816, 818], [818, 819], [818, 820], [820, 821], [820, 822], [822, 823], [822, 826]], "functions": {"AdvancedSearchEngine.__init__": {"executed_lines": [], "summary": {"covered_lines": 0, "num_statements": 4, "percent_covered": 0.0, "percent_covered_display": "0.00", "missing_lines": 4, "excluded_lines": 0, "num_branches": 0, "num_partial_branches": 0, "covered_branches": 0, "missing_branches": 0}, "missing_lines": [59, 60, 61, 64], "excluded_lines": [], "executed_branches": [], "missing_branches": []}, "AdvancedSearchEngine.search": {"executed_lines": [], "summary": {"covered_lines": 0, "num_statements": 9, "percent_covered": 0.0, "percent_covered_display": "0.00", "missing_lines": 9, "excluded_lines": 0, "num_branches": 4, "num_partial_branches": 0, "covered_branches": 0, "missing_branches": 4}, "missing_lines": [92, 95, 98, 103, 104, 107, 108, 109, 111], "excluded_lines": [], "executed_branches": [], "missing_branches": [[103, 104], [103, 107], [108, 109], [108, 111]]}, "AdvancedSearchEngine.suggest_completions": {"executed_lines": [], "summary": {"covered_lines": 0, "num_statements": 10, "percent_covered": 0.0, "percent_covered_display": "0.00", "missing_lines": 10, "excluded_lines": 0, "num_branches": 4, "num_partial_branches": 0, "covered_branches": 0, "missing_branches": 4}, "missing_lines": [129, 136, 138, 147, 148, 150, 155, 156, 157, 159], "excluded_lines": [], "executed_branches": [], "missing_branches": [[147, 148], [147, 150], [156, 157], [156, 159]]}, "AdvancedSearchEngine.get_similar_content": {"executed_lines": [], "summary": {"covered_lines": 0, "num_statements": 13, "percent_covered": 0.0, "percent_covered_display": "0.00", "missing_lines": 13, "excluded_lines": 0, "num_branches": 8, "num_partial_branches": 0, "covered_branches": 0, "missing_branches": 8}, "missing_lines": [169, 175, 176, 178, 183, 184, 186, 189, 195, 196, 197, 198, 211], "excluded_lines": [], "executed_branches": [], "missing_branches": [[175, 176], [175, 178], [183, 184], [183, 186], [196, 197], [196, 211], [197, 196], [197, 198]]}, "AdvancedSearchEngine.search_by_timeframe": {"executed_lines": [], "summary": {"covered_lines": 0, "num_statements": 11, "percent_covered": 0.0, "percent_covered_display": "0.00", "missing_lines": 11, "excluded_lines": 0, "num_branches": 4, "num_partial_branches": 0, "covered_branches": 0, "missing_branches": 4}, "missing_lines": [222, 225, 231, 232, 233, 236, 244, 245, 246, 258, 260], "excluded_lines": [], "executed_branches": [], "missing_branches": [[232, 233], [232, 236], [245, 246], [245, 260]]}, "AdvancedSearchEngine.aggregate_metrics": {"executed_lines": [], "summary": {"covered_lines": 0, "num_statements": 24, "percent_covered": 0.0, "percent_covered_display": "0.00", "missing_lines": 24, "excluded_lines": 0, "num_branches": 16, "num_partial_branches": 0, "covered_branches": 0, "missing_branches": 16}, "missing_lines": [269, 270, 271, 274, 275, 276, 278, 279, 280, 283, 285, 287, 288, 298, 299, 309, 310, 318, 319, 329, 331, 332, 336, 338], "excluded_lines": [], "executed_branches": [], "missing_branches": [[274, 275], [274, 285], [278, 279], [278, 285], [279, 280], [279, 283], [287, 288], [287, 298], [298, 299], [298, 309], [309, 310], [309, 318], [318, 319], [318, 329], [331, 332], [331, 336]]}, "AdvancedSearchEngine._ensure_search_index": {"executed_lines": [], "summary": {"covered_lines": 0, "num_statements": 3, "percent_covered": 0.0, "percent_covered_display": "0.00", "missing_lines": 3, "excluded_lines": 0, "num_branches": 2, "num_partial_branches": 0, "covered_branches": 0, "missing_branches": 2}, "missing_lines": [349, 352, 353], "excluded_lines": [], "executed_branches": [], "missing_branches": [[352, -346], [352, 353]]}, "AdvancedSearchEngine._get_last_index_update": {"executed_lines": [], "summary": {"covered_lines": 0, "num_statements": 10, "percent_covered": 0.0, "percent_covered_display": "0.00", "missing_lines": 10, "excluded_lines": 0, "num_branches": 6, "num_partial_branches": 0, "covered_branches": 0, "missing_branches": 6}, "missing_lines": [357, 359, 360, 362, 364, 365, 367, 368, 369, 370], "excluded_lines": [], "executed_branches": [], "missing_branches": [[359, 360], [359, 362], [364, 365], [364, 370], [367, 368], [367, 369]]}, "AdvancedSearchEngine._rebuild_search_index": {"executed_lines": [], "summary": {"covered_lines": 0, "num_statements": 3, "percent_covered": 0.0, "percent_covered_display": "0.00", "missing_lines": 3, "excluded_lines": 0, "num_branches": 0, "num_partial_branches": 0, "covered_branches": 0, "missing_branches": 0}, "missing_lines": [375, 378, 381], "excluded_lines": [], "executed_branches": [], "missing_branches": []}, "AdvancedSearchEngine._index_conversations": {"executed_lines": [], "summary": {"covered_lines": 0, "num_statements": 18, "percent_covered": 0.0, "percent_covered_display": "0.00", "missing_lines": 18, "excluded_lines": 0, "num_branches": 12, "num_partial_branches": 0, "covered_branches": 0, "missing_branches": 12}, "missing_lines": [385, 386, 388, 389, 391, 392, 395, 398, 399, 400, 403, 404, 405, 408, 417, 418, 440, 441], "excluded_lines": [], "executed_branches": [], "missing_branches": [[385, 386], [385, 388], [391, 392], [391, 440], [399, 400], [399, 403], [404, 405], [404, 408], [417, 391], [417, 418], [440, -383], [440, 441]]}, "AdvancedSearchEngine._index_reflections": {"executed_lines": [], "summary": {"covered_lines": 0, "num_statements": 15, "percent_covered": 0.0, "percent_covered_display": "0.00", "missing_lines": 15, "excluded_lines": 0, "num_branches": 10, "num_partial_branches": 0, "covered_branches": 0, "missing_branches": 10}, "missing_lines": [445, 446, 448, 449, 451, 452, 455, 458, 459, 460, 463, 471, 472, 494, 495], "excluded_lines": [], "executed_branches": [], "missing_branches": [[445, 446], [445, 448], [451, 452], [451, 494], [459, 460], [459, 463], [471, 451], [471, 472], [494, -443], [494, 495]]}, "AdvancedSearchEngine._update_search_facets": {"executed_lines": [], "summary": {"covered_lines": 0, "num_statements": 16, "percent_covered": 0.0, "percent_covered_display": "0.00", "missing_lines": 16, "excluded_lines": 0, "num_branches": 14, "num_partial_branches": 0, "covered_branches": 0, "missing_branches": 14}, "missing_lines": [499, 500, 503, 506, 513, 514, 522, 523, 525, 527, 528, 529, 533, 534, 556, 557], "excluded_lines": [], "executed_branches": [], "missing_branches": [[499, 500], [499, 503], [513, 514], [513, 556], [522, 523], [522, 525], [527, 513], [527, 528], [528, 527], [528, 529], [533, 527], [533, 534], [556, -497], [556, 557]]}, "AdvancedSearchEngine._extract_technical_terms": {"executed_lines": [], "summary": {"covered_lines": 0, "num_statements": 17, "percent_covered": 0.0, "percent_covered_display": "0.00", "missing_lines": 17, "excluded_lines": 0, "num_branches": 4, "num_partial_branches": 0, "covered_branches": 0, "missing_branches": 4}, "missing_lines": [561, 564, 570, 577, 578, 579, 580, 583, 584, 585, 588, 589, 590, 593, 594, 595, 597], "excluded_lines": [], "executed_branches": [], "missing_branches": [[577, 578], [577, 583], [579, 577], [579, 580]]}, "AdvancedSearchEngine._build_search_query": {"executed_lines": [], "summary": {"covered_lines": 0, "num_statements": 1, "percent_covered": 0.0, "percent_covered_display": "0.00", "missing_lines": 1, "excluded_lines": 0, "num_branches": 0, "num_partial_branches": 0, "covered_branches": 0, "missing_branches": 0}, "missing_lines": [606], "excluded_lines": [], "executed_branches": [], "missing_branches": []}, "AdvancedSearchEngine._build_filter_conditions": {"executed_lines": [], "summary": {"covered_lines": 0, "num_statements": 17, "percent_covered": 0.0, "percent_covered_display": "0.00", "missing_lines": 17, "excluded_lines": 0, "num_branches": 8, "num_partial_branches": 0, "covered_branches": 0, "missing_branches": 8}, "missing_lines": [613, 614, 616, 617, 618, 619, 620, 621, 623, 624, 627, 628, 630, 631, 632, 633, 635], "excluded_lines": [], "executed_branches": [], "missing_branches": [[616, 617], [616, 635], [617, 618], [617, 623], [623, 624], [623, 630], [630, 616], [630, 631]]}, "AdvancedSearchEngine._execute_search": {"executed_lines": [], "summary": {"covered_lines": 0, "num_statements": 41, "percent_covered": 0.0, "percent_covered_display": "0.00", "missing_lines": 41, "excluded_lines": 0, "num_branches": 24, "num_partial_branches": 0, "covered_branches": 0, "missing_branches": 24}, "missing_lines": [649, 654, 657, 658, 659, 662, 664, 665, 666, 667, 668, 669, 670, 671, 672, 673, 676, 677, 678, 679, 681, 682, 683, 685, 688, 689, 690, 691, 693, 695, 696, 697, 699, 700, 702, 710, 711, 712, 720, 722, 739], "excluded_lines": [], "executed_branches": [], "missing_branches": [[657, 658], [657, 676], [662, 664], [662, 676], [664, 665], [664, 669], [669, 670], [669, 676], [676, 677], [676, 688], [678, 679], [678, 688], [681, 682], [681, 688], [682, 683], [682, 685], [688, 689], [688, 690], [690, 691], [690, 693], [699, 700], [699, 702], [711, 712], [711, 739]]}, "AdvancedSearchEngine._add_highlights": {"executed_lines": [], "summary": {"covered_lines": 0, "num_statements": 14, "percent_covered": 0.0, "percent_covered_display": "0.00", "missing_lines": 14, "excluded_lines": 0, "num_branches": 6, "num_partial_branches": 0, "covered_branches": 0, "missing_branches": 6}, "missing_lines": [747, 749, 750, 751, 753, 754, 756, 757, 758, 760, 761, 762, 764, 766], "excluded_lines": [], "executed_branches": [], "missing_branches": [[749, 750], [749, 766], [753, 754], [753, 764], [754, 753], [754, 756]]}, "AdvancedSearchEngine._calculate_facets": {"executed_lines": [], "summary": {"covered_lines": 0, "num_statements": 10, "percent_covered": 0.0, "percent_covered_display": "0.00", "missing_lines": 10, "excluded_lines": 0, "num_branches": 6, "num_partial_branches": 0, "covered_branches": 0, "missing_branches": 6}, "missing_lines": [775, 777, 778, 779, 781, 791, 792, 794, 799, 808], "excluded_lines": [], "executed_branches": [], "missing_branches": [[777, 778], [777, 808], [778, 777], [778, 779], [791, 792], [791, 794]]}, "AdvancedSearchEngine._parse_timeframe": {"executed_lines": [], "summary": {"covered_lines": 0, "num_statements": 13, "percent_covered": 0.0, "percent_covered_display": "0.00", "missing_lines": 13, "excluded_lines": 0, "num_branches": 10, "num_partial_branches": 0, "covered_branches": 0, "missing_branches": 10}, "missing_lines": [812, 814, 815, 816, 817, 818, 819, 820, 821, 822, 823, 826, 828], "excluded_lines": [], "executed_branches": [], "missing_branches": [[814, 815], [814, 816], [816, 817], [816, 818], [818, 819], [818, 820], [820, 821], [820, 822], [822, 823], [822, 826]]}, "": {"executed_lines": [2, 8, 9, 10, 11, 12, 13, 15, 16, 17, 20, 21, 22, 24, 25, 26, 27, 30, 31, 32, 34, 35, 36, 39, 40, 41, 43, 44, 45, 46, 47, 48, 49, 50, 51, 52, 55, 56, 58, 78, 120, 161, 213, 262, 346, 355, 372, 383, 443, 497, 559, 599, 608, 637, 741, 768, 810], "summary": {"covered_lines": 52, "num_statements": 52, "percent_covered": 100.0, "percent_covered_display": "100.00", "missing_lines": 0, "excluded_lines": 0, "num_branches": 0, "num_partial_branches": 0, "covered_branches": 0, "missing_branches": 0}, "missing_lines": [], "excluded_lines": [], "executed_branches": [], "missing_branches": []}}, "classes": {"SearchFilter": {"executed_lines": [], "summary": {"covered_lines": 0, "num_statements": 0, "percent_covered": 100.0, "percent_covered_display": "100.00", "missing_lines": 0, "excluded_lines": 0, "num_branches": 0, "num_partial_branches": 0, "covered_branches": 0, "missing_branches": 0}, "missing_lines": [], "excluded_lines": [], "executed_branches": [], "missing_branches": []}, "SearchFacet": {"executed_lines": [], "summary": {"covered_lines": 0, "num_statements": 0, "percent_covered": 100.0, "percent_covered_display": "100.00", "missing_lines": 0, "excluded_lines": 0, "num_branches": 0, "num_partial_branches": 0, "covered_branches": 0, "missing_branches": 0}, "missing_lines": [], "excluded_lines": [], "executed_branches": [], "missing_branches": []}, "SearchResult": {"executed_lines": [], "summary": {"covered_lines": 0, "num_statements": 0, "percent_covered": 100.0, "percent_covered_display": "100.00", "missing_lines": 0, "excluded_lines": 0, "num_branches": 0, "num_partial_branches": 0, "covered_branches": 0, "missing_branches": 0}, "missing_lines": [], "excluded_lines": [], "executed_branches": [], "missing_branches": []}, "AdvancedSearchEngine": {"executed_lines": [], "summary": {"covered_lines": 0, "num_statements": 249, "percent_covered": 0.0, "percent_covered_display": "0.00", "missing_lines": 249, "excluded_lines": 0, "num_branches": 138, "num_partial_branches": 0, "covered_branches": 0, "missing_branches": 138}, "missing_lines": [59, 60, 61, 64, 92, 95, 98, 103, 104, 107, 108, 109, 111, 129, 136, 138, 147, 148, 150, 155, 156, 157, 159, 169, 175, 176, 178, 183, 184, 186, 189, 195, 196, 197, 198, 211, 222, 225, 231, 232, 233, 236, 244, 245, 246, 258, 260, 269, 270, 271, 274, 275, 276, 278, 279, 280, 283, 285, 287, 288, 298, 299, 309, 310, 318, 319, 329, 331, 332, 336, 338, 349, 352, 353, 357, 359, 360, 362, 364, 365, 367, 368, 369, 370, 375, 378, 381, 385, 386, 388, 389, 391, 392, 395, 398, 399, 400, 403, 404, 405, 408, 417, 418, 440, 441, 445, 446, 448, 449, 451, 452, 455, 458, 459, 460, 463, 471, 472, 494, 495, 499, 500, 503, 506, 513, 514, 522, 523, 525, 527, 528, 529, 533, 534, 556, 557, 561, 564, 570, 577, 578, 579, 580, 583, 584, 585, 588, 589, 590, 593, 594, 595, 597, 606, 613, 614, 616, 617, 618, 619, 620, 621, 623, 624, 627, 628, 630, 631, 632, 633, 635, 649, 654, 657, 658, 659, 662, 664, 665, 666, 667, 668, 669, 670, 671, 672, 673, 676, 677, 678, 679, 681, 682, 683, 685, 688, 689, 690, 691, 693, 695, 696, 697, 699, 700, 702, 710, 711, 712, 720, 722, 739, 747, 749, 750, 751, 753, 754, 756, 757, 758, 760, 761, 762, 764, 766, 775, 777, 778, 779, 781, 791, 792, 794, 799, 808, 812, 814, 815, 816, 817, 818, 819, 820, 821, 822, 823, 826, 828], "excluded_lines": [], "executed_branches": [], "missing_branches": [[103, 104], [103, 107], [108, 109], [108, 111], [147, 148], [147, 150], [156, 157], [156, 159], [175, 176], [175, 178], [183, 184], [183, 186], [196, 197], [196, 211], [197, 196], [197, 198], [232, 233], [232, 236], [245, 246], [245, 260], [274, 275], [274, 285], [278, 279], [278, 285], [279, 280], [279, 283], [287, 288], [287, 298], [298, 299], [298, 309], [309, 310], [309, 318], [318, 319], [318, 329], [331, 332], [331, 336], [352, -346], [352, 353], [359, 360], [359, 362], [364, 365], [364, 370], [367, 368], [367, 369], [385, 386], [385, 388], [391, 392], [391, 440], [399, 400], [399, 403], [404, 405], [404, 408], [417, 391], [417, 418], [440, -383], [440, 441], [445, 446], [445, 448], [451, 452], [451, 494], [459, 460], [459, 463], [471, 451], [471, 472], [494, -443], [494, 495], [499, 500], [499, 503], [513, 514], [513, 556], [522, 523], [522, 525], [527, 513], [527, 528], [528, 527], [528, 529], [533, 527], [533, 534], [556, -497], [556, 557], [577, 578], [577, 583], [579, 577], [579, 580], [616, 617], [616, 635], [617, 618], [617, 623], [623, 624], [623, 630], [630, 616], [630, 631], [657, 658], [657, 676], [662, 664], [662, 676], [664, 665], [664, 669], [669, 670], [669, 676], [676, 677], [676, 688], [678, 679], [678, 688], [681, 682], [681, 688], [682, 683], [682, 685], [688, 689], [688, 690], [690, 691], [690, 693], [699, 700], [699, 702], [711, 712], [711, 739], [749, 750], [749, 766], [753, 754], [753, 764], [754, 753], [754, 756], [777, 778], [777, 808], [778, 777], [778, 779], [791, 792], [791, 794], [814, 815], [814, 816], [816, 817], [816, 818], [818, 819], [818, 820], [820, 821], [820, 822], [822, 823], [822, 826]]}, "": {"executed_lines": [2, 8, 9, 10, 11, 12, 13, 15, 16, 17, 20, 21, 22, 24, 25, 26, 27, 30, 31, 32, 34, 35, 36, 39, 40, 41, 43, 44, 45, 46, 47, 48, 49, 50, 51, 52, 55, 56, 58, 78, 120, 161, 213, 262, 346, 355, 372, 383, 443, 497, 559, 599, 608, 637, 741, 768, 810], "summary": {"covered_lines": 52, "num_statements": 52, "percent_covered": 100.0, "percent_covered_display": "100.00", "missing_lines": 0, "excluded_lines": 0, "num_branches": 0, "num_partial_branches": 0, "covered_branches": 0, "missing_branches": 0}, "missing_lines": [], "excluded_lines": [], "executed_branches": [], "missing_branches": []}}}, "session_mgmt_mcp/app_monitor.py": {"executed_lines": [2, 8, 9, 10, 11, 12, 13, 14, 15, 16, 18, 19, 20, 22, 31, 32, 34, 39, 40, 41, 43, 44, 45, 46, 47, 48, 51, 52, 54, 88, 104, 119, 126, 134, 143, 177, 178, 180, 198, 214, 243, 244, 246, 272, 296, 350, 375, 376, 378, 405, 427, 434, 451, 452, 454, 458, 482, 501, 547, 559, 560, 562, 576, 596, 607, 641, 679], "summary": {"covered_lines": 59, "num_statements": 313, "percent_covered": 13.817330210772834, "percent_covered_display": "13.82", "missing_lines": 254, "excluded_lines": 8, "num_branches": 114, "num_partial_branches": 0, "covered_branches": 0, "missing_branches": 114}, "missing_lines": [56, 57, 58, 59, 60, 61, 90, 91, 106, 107, 109, 110, 111, 112, 113, 114, 115, 117, 121, 122, 123, 124, 128, 131, 132, 136, 137, 139, 145, 146, 148, 149, 150, 151, 154, 155, 156, 157, 160, 161, 162, 164, 174, 181, 182, 200, 203, 204, 205, 208, 209, 212, 215, 216, 219, 220, 221, 222, 223, 224, 226, 240, 247, 269, 270, 274, 275, 277, 278, 280, 281, 282, 283, 284, 291, 294, 298, 300, 302, 303, 305, 306, 307, 309, 312, 313, 314, 315, 320, 321, 322, 323, 324, 325, 328, 329, 330, 334, 335, 338, 339, 340, 348, 352, 354, 368, 371, 372, 379, 380, 381, 407, 408, 410, 413, 414, 415, 416, 417, 422, 425, 429, 430, 431, 432, 436, 444, 447, 448, 455, 456, 460, 461, 474, 478, 484, 485, 509, 510, 511, 513, 514, 515, 517, 518, 519, 521, 522, 523, 524, 526, 527, 529, 530, 532, 533, 534, 545, 549, 550, 552, 553, 563, 564, 566, 567, 569, 570, 571, 573, 574, 578, 579, 581, 584, 587, 589, 598, 600, 601, 602, 603, 605, 609, 610, 612, 613, 617, 618, 621, 622, 625, 626, 629, 630, 632, 634, 635, 636, 638, 639, 643, 644, 646, 656, 657, 659, 660, 661, 662, 664, 665, 667, 668, 670, 671, 674, 675, 677, 681, 682, 684, 693, 694, 697, 698, 700, 701, 704, 705, 706, 709, 710, 711, 712, 713, 714, 715, 716, 719, 720, 723, 724, 725, 726, 727, 730, 731, 734, 735, 736, 739, 740, 742], "excluded_lines": [23, 24, 27, 28, 35, 36, 292, 423], "executed_branches": [], "missing_branches": [[106, 107], [106, 109], [109, 110], [109, 117], [110, 109], [110, 111], [121, 122], [121, 124], [131, -126], [131, 132], [148, 149], [148, 154], [149, 148], [149, 150], [155, 156], [155, 174], [161, 162], [161, 164], [203, 204], [203, 208], [204, 203], [204, 205], [208, 209], [208, 212], [215, 216], [215, 219], [221, 222], [221, 226], [222, 221], [222, 223], [274, 275], [274, 277], [281, 282], [281, 294], [283, 281], [283, 284], [312, 313], [312, 315], [315, 320], [315, 322], [322, 323], [322, 325], [325, 328], [325, 330], [330, 334], [330, 338], [339, 340], [339, 348], [371, -350], [371, 372], [407, 408], [407, 410], [413, 414], [413, 425], [416, 413], [416, 417], [429, 430], [429, 432], [430, 429], [430, 431], [447, -434], [447, 448], [513, 514], [513, 517], [517, 518], [517, 521], [521, 522], [521, 526], [533, 534], [533, 545], [578, 579], [578, 581], [600, 601], [600, 605], [609, -607], [609, 610], [613, 617], [613, 621], [621, 622], [621, 625], [625, 626], [625, 629], [629, 630], [629, 632], [659, 660], [659, 667], [664, 659], [664, 665], [667, 668], [667, 670], [693, 694], [693, 697], [700, 701], [700, 730], [704, 705], [704, 706], [709, 710], [709, 719], [711, 712], [711, 713], [713, 714], [713, 715], [715, 716], [715, 719], [719, 720], [719, 723], [723, 700], [723, 724], [726, 700], [726, 727], [730, 731], [730, 734], [735, 736], [735, 739]], "functions": {"ProjectActivityMonitor.__init__": {"executed_lines": [], "summary": {"covered_lines": 0, "num_statements": 6, "percent_covered": 0.0, "percent_covered_display": "0.00", "missing_lines": 6, "excluded_lines": 0, "num_branches": 0, "num_partial_branches": 0, "covered_branches": 0, "missing_branches": 0}, "missing_lines": [56, 57, 58, 59, 60, 61], "excluded_lines": [], "executed_branches": [], "missing_branches": []}, "ProjectActivityMonitor._init_database": {"executed_lines": [], "summary": {"covered_lines": 0, "num_statements": 2, "percent_covered": 0.0, "percent_covered_display": "0.00", "missing_lines": 2, "excluded_lines": 0, "num_branches": 0, "num_partial_branches": 0, "covered_branches": 0, "missing_branches": 0}, "missing_lines": [90, 91], "excluded_lines": [], "executed_branches": [], "missing_branches": []}, "ProjectActivityMonitor.start_monitoring": {"executed_lines": [], "summary": {"covered_lines": 0, "num_statements": 10, "percent_covered": 0.0, "percent_covered_display": "0.00", "missing_lines": 10, "excluded_lines": 0, "num_branches": 6, "num_partial_branches": 0, "covered_branches": 0, "missing_branches": 6}, "missing_lines": [106, 107, 109, 110, 111, 112, 113, 114, 115, 117], "excluded_lines": [], "executed_branches": [], "missing_branches": [[106, 107], [106, 109], [109, 110], [109, 117], [110, 109], [110, 111]]}, "ProjectActivityMonitor.stop_monitoring": {"executed_lines": [], "summary": {"covered_lines": 0, "num_statements": 4, "percent_covered": 0.0, "percent_covered_display": "0.00", "missing_lines": 4, "excluded_lines": 0, "num_branches": 2, "num_partial_branches": 0, "covered_branches": 0, "missing_branches": 2}, "missing_lines": [121, 122, 123, 124], "excluded_lines": [], "executed_branches": [], "missing_branches": [[121, 122], [121, 124]]}, "ProjectActivityMonitor.add_activity": {"executed_lines": [], "summary": {"covered_lines": 0, "num_statements": 3, "percent_covered": 0.0, "percent_covered_display": "0.00", "missing_lines": 3, "excluded_lines": 0, "num_branches": 2, "num_partial_branches": 0, "covered_branches": 0, "missing_branches": 2}, "missing_lines": [128, 131, 132], "excluded_lines": [], "executed_branches": [], "missing_branches": [[131, -126], [131, 132]]}, "ProjectActivityMonitor.get_recent_activity": {"executed_lines": [], "summary": {"covered_lines": 0, "num_statements": 3, "percent_covered": 0.0, "percent_covered_display": "0.00", "missing_lines": 3, "excluded_lines": 0, "num_branches": 0, "num_partial_branches": 0, "covered_branches": 0, "missing_branches": 0}, "missing_lines": [136, 137, 139], "excluded_lines": [], "executed_branches": [], "missing_branches": []}, "ProjectActivityMonitor.get_active_files": {"executed_lines": [], "summary": {"covered_lines": 0, "num_statements": 15, "percent_covered": 0.0, "percent_covered_display": "0.00", "missing_lines": 15, "excluded_lines": 0, "num_branches": 8, "num_partial_branches": 0, "covered_branches": 0, "missing_branches": 8}, "missing_lines": [145, 146, 148, 149, 150, 151, 154, 155, 156, 157, 160, 161, 162, 164, 174], "excluded_lines": [], "executed_branches": [], "missing_branches": [[148, 149], [148, 154], [149, 148], [149, 150], [155, 156], [155, 174], [161, 162], [161, 164]]}, "IDEFileHandler.__init__": {"executed_lines": [], "summary": {"covered_lines": 0, "num_statements": 2, "percent_covered": 0.0, "percent_covered_display": "0.00", "missing_lines": 2, "excluded_lines": 0, "num_branches": 0, "num_partial_branches": 0, "covered_branches": 0, "missing_branches": 0}, "missing_lines": [181, 182], "excluded_lines": [], "executed_branches": [], "missing_branches": []}, "IDEFileHandler.should_ignore": {"executed_lines": [], "summary": {"covered_lines": 0, "num_statements": 7, "percent_covered": 0.0, "percent_covered_display": "0.00", "missing_lines": 7, "excluded_lines": 0, "num_branches": 6, "num_partial_branches": 0, "covered_branches": 0, "missing_branches": 6}, "missing_lines": [200, 203, 204, 205, 208, 209, 212], "excluded_lines": [], "executed_branches": [], "missing_branches": [[203, 204], [203, 208], [204, 203], [204, 205], [208, 209], [208, 212]]}, "IDEFileHandler.on_modified": {"executed_lines": [], "summary": {"covered_lines": 0, "num_statements": 10, "percent_covered": 0.0, "percent_covered_display": "0.00", "missing_lines": 10, "excluded_lines": 0, "num_branches": 6, "num_partial_branches": 0, "covered_branches": 0, "missing_branches": 6}, "missing_lines": [215, 216, 219, 220, 221, 222, 223, 224, 226, 240], "excluded_lines": [], "executed_branches": [], "missing_branches": [[215, 216], [215, 219], [221, 222], [221, 226], [222, 221], [222, 223]]}, "BrowserDocumentationMonitor.__init__": {"executed_lines": [], "summary": {"covered_lines": 0, "num_statements": 3, "percent_covered": 0.0, "percent_covered_display": "0.00", "missing_lines": 3, "excluded_lines": 0, "num_branches": 0, "num_partial_branches": 0, "covered_branches": 0, "missing_branches": 0}, "missing_lines": [247, 269, 270], "excluded_lines": [], "executed_branches": [], "missing_branches": []}, "BrowserDocumentationMonitor.get_browser_processes": {"executed_lines": [], "summary": {"covered_lines": 0, "num_statements": 11, "percent_covered": 0.0, "percent_covered_display": "0.00", "missing_lines": 11, "excluded_lines": 1, "num_branches": 6, "num_partial_branches": 0, "covered_branches": 0, "missing_branches": 6}, "missing_lines": [274, 275, 277, 278, 280, 281, 282, 283, 284, 291, 294], "excluded_lines": [292], "executed_branches": [], "missing_branches": [[274, 275], [274, 277], [281, 282], [281, 294], [283, 281], [283, 284]]}, "BrowserDocumentationMonitor.extract_documentation_context": {"executed_lines": [], "summary": {"covered_lines": 0, "num_statements": 27, "percent_covered": 0.0, "percent_covered_display": "0.00", "missing_lines": 27, "excluded_lines": 0, "num_branches": 12, "num_partial_branches": 0, "covered_branches": 0, "missing_branches": 12}, "missing_lines": [298, 300, 302, 303, 305, 306, 307, 309, 312, 313, 314, 315, 320, 321, 322, 323, 324, 325, 328, 329, 330, 334, 335, 338, 339, 340, 348], "excluded_lines": [], "executed_branches": [], "missing_branches": [[312, 313], [312, 315], [315, 320], [315, 322], [322, 323], [322, 325], [325, 328], [325, 330], [330, 334], [330, 338], [339, 340], [339, 348]]}, "BrowserDocumentationMonitor.add_browser_activity": {"executed_lines": [], "summary": {"covered_lines": 0, "num_statements": 5, "percent_covered": 0.0, "percent_covered_display": "0.00", "missing_lines": 5, "excluded_lines": 0, "num_branches": 2, "num_partial_branches": 0, "covered_branches": 0, "missing_branches": 2}, "missing_lines": [352, 354, 368, 371, 372], "excluded_lines": [], "executed_branches": [], "missing_branches": [[371, -350], [371, 372]]}, "ApplicationFocusMonitor.__init__": {"executed_lines": [], "summary": {"covered_lines": 0, "num_statements": 3, "percent_covered": 0.0, "percent_covered_display": "0.00", "missing_lines": 3, "excluded_lines": 0, "num_branches": 0, "num_partial_branches": 0, "covered_branches": 0, "missing_branches": 0}, "missing_lines": [379, 380, 381], "excluded_lines": [], "executed_branches": [], "missing_branches": []}, "ApplicationFocusMonitor.get_focused_application": {"executed_lines": [], "summary": {"covered_lines": 0, "num_statements": 10, "percent_covered": 0.0, "percent_covered_display": "0.00", "missing_lines": 10, "excluded_lines": 1, "num_branches": 6, "num_partial_branches": 0, "covered_branches": 0, "missing_branches": 6}, "missing_lines": [407, 408, 410, 413, 414, 415, 416, 417, 422, 425], "excluded_lines": [423], "executed_branches": [], "missing_branches": [[407, 408], [407, 410], [413, 414], [413, 425], [416, 413], [416, 417]]}, "ApplicationFocusMonitor._categorize_app": {"executed_lines": [], "summary": {"covered_lines": 0, "num_statements": 4, "percent_covered": 0.0, "percent_covered_display": "0.00", "missing_lines": 4, "excluded_lines": 0, "num_branches": 4, "num_partial_branches": 0, "covered_branches": 0, "missing_branches": 4}, "missing_lines": [429, 430, 431, 432], "excluded_lines": [], "executed_branches": [], "missing_branches": [[429, 430], [429, 432], [430, 429], [430, 431]]}, "ApplicationFocusMonitor.add_focus_event": {"executed_lines": [], "summary": {"covered_lines": 0, "num_statements": 4, "percent_covered": 0.0, "percent_covered_display": "0.00", "missing_lines": 4, "excluded_lines": 0, "num_branches": 2, "num_partial_branches": 0, "covered_branches": 0, "missing_branches": 2}, "missing_lines": [436, 444, 447, 448], "excluded_lines": [], "executed_branches": [], "missing_branches": [[447, -434], [447, 448]]}, "ActivityDatabase.__init__": {"executed_lines": [], "summary": {"covered_lines": 0, "num_statements": 2, "percent_covered": 0.0, "percent_covered_display": "0.00", "missing_lines": 2, "excluded_lines": 0, "num_branches": 0, "num_partial_branches": 0, "covered_branches": 0, "missing_branches": 0}, "missing_lines": [455, 456], "excluded_lines": [], "executed_branches": [], "missing_branches": []}, "ActivityDatabase._init_database": {"executed_lines": [], "summary": {"covered_lines": 0, "num_statements": 4, "percent_covered": 0.0, "percent_covered_display": "0.00", "missing_lines": 4, "excluded_lines": 0, "num_branches": 0, "num_partial_branches": 0, "covered_branches": 0, "missing_branches": 0}, "missing_lines": [460, 461, 474, 478], "excluded_lines": [], "executed_branches": [], "missing_branches": []}, "ActivityDatabase.store_event": {"executed_lines": [], "summary": {"covered_lines": 0, "num_statements": 2, "percent_covered": 0.0, "percent_covered_display": "0.00", "missing_lines": 2, "excluded_lines": 0, "num_branches": 0, "num_partial_branches": 0, "covered_branches": 0, "missing_branches": 0}, "missing_lines": [484, 485], "excluded_lines": [], "executed_branches": [], "missing_branches": []}, "ActivityDatabase.get_events": {"executed_lines": [], "summary": {"covered_lines": 0, "num_statements": 21, "percent_covered": 0.0, "percent_covered_display": "0.00", "missing_lines": 21, "excluded_lines": 0, "num_branches": 8, "num_partial_branches": 0, "covered_branches": 0, "missing_branches": 8}, "missing_lines": [509, 510, 511, 513, 514, 515, 517, 518, 519, 521, 522, 523, 524, 526, 527, 529, 530, 532, 533, 534, 545], "excluded_lines": [], "executed_branches": [], "missing_branches": [[513, 514], [513, 517], [517, 518], [517, 521], [521, 522], [521, 526], [533, 534], [533, 545]]}, "ActivityDatabase.cleanup_old_events": {"executed_lines": [], "summary": {"covered_lines": 0, "num_statements": 4, "percent_covered": 0.0, "percent_covered_display": "0.00", "missing_lines": 4, "excluded_lines": 0, "num_branches": 0, "num_partial_branches": 0, "covered_branches": 0, "missing_branches": 0}, "missing_lines": [549, 550, 552, 553], "excluded_lines": [], "executed_branches": [], "missing_branches": []}, "ApplicationMonitor.__init__": {"executed_lines": [], "summary": {"covered_lines": 0, "num_statements": 9, "percent_covered": 0.0, "percent_covered_display": "0.00", "missing_lines": 9, "excluded_lines": 0, "num_branches": 0, "num_partial_branches": 0, "covered_branches": 0, "missing_branches": 0}, "missing_lines": [563, 564, 566, 567, 569, 570, 571, 573, 574], "excluded_lines": [], "executed_branches": [], "missing_branches": []}, "ApplicationMonitor.start_monitoring": {"executed_lines": [], "summary": {"covered_lines": 0, "num_statements": 6, "percent_covered": 0.0, "percent_covered_display": "0.00", "missing_lines": 6, "excluded_lines": 0, "num_branches": 2, "num_partial_branches": 0, "covered_branches": 0, "missing_branches": 2}, "missing_lines": [578, 579, 581, 584, 587, 589], "excluded_lines": [], "executed_branches": [], "missing_branches": [[578, 579], [578, 581]]}, "ApplicationMonitor.stop_monitoring": {"executed_lines": [], "summary": {"covered_lines": 0, "num_statements": 6, "percent_covered": 0.0, "percent_covered_display": "0.00", "missing_lines": 6, "excluded_lines": 0, "num_branches": 2, "num_partial_branches": 0, "covered_branches": 0, "missing_branches": 2}, "missing_lines": [598, 600, 601, 602, 603, 605], "excluded_lines": [], "executed_branches": [], "missing_branches": [[600, 601], [600, 605]]}, "ApplicationMonitor._monitoring_loop": {"executed_lines": [], "summary": {"covered_lines": 0, "num_statements": 18, "percent_covered": 0.0, "percent_covered_display": "0.00", "missing_lines": 18, "excluded_lines": 0, "num_branches": 10, "num_partial_branches": 0, "covered_branches": 0, "missing_branches": 10}, "missing_lines": [609, 610, 612, 613, 617, 618, 621, 622, 625, 626, 629, 630, 632, 634, 635, 636, 638, 639], "excluded_lines": [], "executed_branches": [], "missing_branches": [[609, -607], [609, 610], [613, 617], [613, 621], [621, 622], [621, 625], [625, 626], [625, 629], [629, 630], [629, 632]]}, "ApplicationMonitor.get_activity_summary": {"executed_lines": [], "summary": {"covered_lines": 0, "num_statements": 18, "percent_covered": 0.0, "percent_covered_display": "0.00", "missing_lines": 18, "excluded_lines": 0, "num_branches": 6, "num_partial_branches": 0, "covered_branches": 0, "missing_branches": 6}, "missing_lines": [643, 644, 646, 656, 657, 659, 660, 661, 662, 664, 665, 667, 668, 670, 671, 674, 675, 677], "excluded_lines": [], "executed_branches": [], "missing_branches": [[659, 660], [659, 667], [664, 659], [664, 665], [667, 668], [667, 670]]}, "ApplicationMonitor.get_context_insights": {"executed_lines": [], "summary": {"covered_lines": 0, "num_statements": 35, "percent_covered": 0.0, "percent_covered_display": "0.00", "missing_lines": 35, "excluded_lines": 0, "num_branches": 24, "num_partial_branches": 0, "covered_branches": 0, "missing_branches": 24}, "missing_lines": [681, 682, 684, 693, 694, 697, 698, 700, 701, 704, 705, 706, 709, 710, 711, 712, 713, 714, 715, 716, 719, 720, 723, 724, 725, 726, 727, 730, 731, 734, 735, 736, 739, 740, 742], "excluded_lines": [], "executed_branches": [], "missing_branches": [[693, 694], [693, 697], [700, 701], [700, 730], [704, 705], [704, 706], [709, 710], [709, 719], [711, 712], [711, 713], [713, 714], [713, 715], [715, 716], [715, 719], [719, 720], [719, 723], [723, 700], [723, 724], [726, 700], [726, 727], [730, 731], [730, 734], [735, 736], [735, 739]]}, "": {"executed_lines": [2, 8, 9, 10, 11, 12, 13, 14, 15, 16, 18, 19, 20, 22, 31, 32, 34, 39, 40, 41, 43, 44, 45, 46, 47, 48, 51, 52, 54, 88, 104, 119, 126, 134, 143, 177, 178, 180, 198, 214, 243, 244, 246, 272, 296, 350, 375, 376, 378, 405, 427, 434, 451, 452, 454, 458, 482, 501, 547, 559, 560, 562, 576, 596, 607, 641, 679], "summary": {"covered_lines": 59, "num_statements": 59, "percent_covered": 100.0, "percent_covered_display": "100.00", "missing_lines": 0, "excluded_lines": 6, "num_branches": 0, "num_partial_branches": 0, "covered_branches": 0, "missing_branches": 0}, "missing_lines": [], "excluded_lines": [23, 24, 27, 28, 35, 36], "executed_branches": [], "missing_branches": []}}, "classes": {"ActivityEvent": {"executed_lines": [], "summary": {"covered_lines": 0, "num_statements": 0, "percent_covered": 100.0, "percent_covered_display": "100.00", "missing_lines": 0, "excluded_lines": 0, "num_branches": 0, "num_partial_branches": 0, "covered_branches": 0, "missing_branches": 0}, "missing_lines": [], "excluded_lines": [], "executed_branches": [], "missing_branches": []}, "ProjectActivityMonitor": {"executed_lines": [], "summary": {"covered_lines": 0, "num_statements": 43, "percent_covered": 0.0, "percent_covered_display": "0.00", "missing_lines": 43, "excluded_lines": 0, "num_branches": 18, "num_partial_branches": 0, "covered_branches": 0, "missing_branches": 18}, "missing_lines": [56, 57, 58, 59, 60, 61, 90, 91, 106, 107, 109, 110, 111, 112, 113, 114, 115, 117, 121, 122, 123, 124, 128, 131, 132, 136, 137, 139, 145, 146, 148, 149, 150, 151, 154, 155, 156, 157, 160, 161, 162, 164, 174], "excluded_lines": [], "executed_branches": [], "missing_branches": [[106, 107], [106, 109], [109, 110], [109, 117], [110, 109], [110, 111], [121, 122], [121, 124], [131, -126], [131, 132], [148, 149], [148, 154], [149, 148], [149, 150], [155, 156], [155, 174], [161, 162], [161, 164]]}, "IDEFileHandler": {"executed_lines": [], "summary": {"covered_lines": 0, "num_statements": 19, "percent_covered": 0.0, "percent_covered_display": "0.00", "missing_lines": 19, "excluded_lines": 0, "num_branches": 12, "num_partial_branches": 0, "covered_branches": 0, "missing_branches": 12}, "missing_lines": [181, 182, 200, 203, 204, 205, 208, 209, 212, 215, 216, 219, 220, 221, 222, 223, 224, 226, 240], "excluded_lines": [], "executed_branches": [], "missing_branches": [[203, 204], [203, 208], [204, 203], [204, 205], [208, 209], [208, 212], [215, 216], [215, 219], [221, 222], [221, 226], [222, 221], [222, 223]]}, "BrowserDocumentationMonitor": {"executed_lines": [], "summary": {"covered_lines": 0, "num_statements": 46, "percent_covered": 0.0, "percent_covered_display": "0.00", "missing_lines": 46, "excluded_lines": 1, "num_branches": 20, "num_partial_branches": 0, "covered_branches": 0, "missing_branches": 20}, "missing_lines": [247, 269, 270, 274, 275, 277, 278, 280, 281, 282, 283, 284, 291, 294, 298, 300, 302, 303, 305, 306, 307, 309, 312, 313, 314, 315, 320, 321, 322, 323, 324, 325, 328, 329, 330, 334, 335, 338, 339, 340, 348, 352, 354, 368, 371, 372], "excluded_lines": [292], "executed_branches": [], "missing_branches": [[274, 275], [274, 277], [281, 282], [281, 294], [283, 281], [283, 284], [312, 313], [312, 315], [315, 320], [315, 322], [322, 323], [322, 325], [325, 328], [325, 330], [330, 334], [330, 338], [339, 340], [339, 348], [371, -350], [371, 372]]}, "ApplicationFocusMonitor": {"executed_lines": [], "summary": {"covered_lines": 0, "num_statements": 21, "percent_covered": 0.0, "percent_covered_display": "0.00", "missing_lines": 21, "excluded_lines": 1, "num_branches": 12, "num_partial_branches": 0, "covered_branches": 0, "missing_branches": 12}, "missing_lines": [379, 380, 381, 407, 408, 410, 413, 414, 415, 416, 417, 422, 425, 429, 430, 431, 432, 436, 444, 447, 448], "excluded_lines": [423], "executed_branches": [], "missing_branches": [[407, 408], [407, 410], [413, 414], [413, 425], [416, 413], [416, 417], [429, 430], [429, 432], [430, 429], [430, 431], [447, -434], [447, 448]]}, "ActivityDatabase": {"executed_lines": [], "summary": {"covered_lines": 0, "num_statements": 33, "percent_covered": 0.0, "percent_covered_display": "0.00", "missing_lines": 33, "excluded_lines": 0, "num_branches": 8, "num_partial_branches": 0, "covered_branches": 0, "missing_branches": 8}, "missing_lines": [455, 456, 460, 461, 474, 478, 484, 485, 509, 510, 511, 513, 514, 515, 517, 518, 519, 521, 522, 523, 524, 526, 527, 529, 530, 532, 533, 534, 545, 549, 550, 552, 553], "excluded_lines": [], "executed_branches": [], "missing_branches": [[513, 514], [513, 517], [517, 518], [517, 521], [521, 522], [521, 526], [533, 534], [533, 545]]}, "ApplicationMonitor": {"executed_lines": [], "summary": {"covered_lines": 0, "num_statements": 92, "percent_covered": 0.0, "percent_covered_display": "0.00", "missing_lines": 92, "excluded_lines": 0, "num_branches": 44, "num_partial_branches": 0, "covered_branches": 0, "missing_branches": 44}, "missing_lines": [563, 564, 566, 567, 569, 570, 571, 573, 574, 578, 579, 581, 584, 587, 589, 598, 600, 601, 602, 603, 605, 609, 610, 612, 613, 617, 618, 621, 622, 625, 626, 629, 630, 632, 634, 635, 636, 638, 639, 643, 644, 646, 656, 657, 659, 660, 661, 662, 664, 665, 667, 668, 670, 671, 674, 675, 677, 681, 682, 684, 693, 694, 697, 698, 700, 701, 704, 705, 706, 709, 710, 711, 712, 713, 714, 715, 716, 719, 720, 723, 724, 725, 726, 727, 730, 731, 734, 735, 736, 739, 740, 742], "excluded_lines": [], "executed_branches": [], "missing_branches": [[578, 579], [578, 581], [600, 601], [600, 605], [609, -607], [609, 610], [613, 617], [613, 621], [621, 622], [621, 625], [625, 626], [625, 629], [629, 630], [629, 632], [659, 660], [659, 667], [664, 659], [664, 665], [667, 668], [667, 670], [693, 694], [693, 697], [700, 701], [700, 730], [704, 705], [704, 706], [709, 710], [709, 719], [711, 712], [711, 713], [713, 714], [713, 715], [715, 716], [715, 719], [719, 720], [719, 723], [723, 700], [723, 724], [726, 700], [726, 727], [730, 731], [730, 734], [735, 736], [735, 739]]}, "": {"executed_lines": [2, 8, 9, 10, 11, 12, 13, 14, 15, 16, 18, 19, 20, 22, 31, 32, 34, 39, 40, 41, 43, 44, 45, 46, 47, 48, 51, 52, 54, 88, 104, 119, 126, 134, 143, 177, 178, 180, 198, 214, 243, 244, 246, 272, 296, 350, 375, 376, 378, 405, 427, 434, 451, 452, 454, 458, 482, 501, 547, 559, 560, 562, 576, 596, 607, 641, 679], "summary": {"covered_lines": 59, "num_statements": 59, "percent_covered": 100.0, "percent_covered_display": "100.00", "missing_lines": 0, "excluded_lines": 6, "num_branches": 0, "num_partial_branches": 0, "covered_branches": 0, "missing_branches": 0}, "missing_lines": [], "excluded_lines": [23, 24, 27, 28, 35, 36], "executed_branches": [], "missing_branches": []}}}, "session_mgmt_mcp/cli.py": {"executed_lines": [], "summary": {"covered_lines": 0, "num_statements": 200, "percent_covered": 0.0, "percent_covered_display": "0.00", "missing_lines": 200, "excluded_lines": 4, "num_branches": 50, "num_partial_branches": 0, "covered_branches": 0, "missing_branches": 50}, "missing_lines": [8, 10, 11, 12, 13, 14, 15, 16, 19, 20, 22, 23, 24, 25, 26, 28, 35, 37, 40, 42, 43, 44, 45, 46, 49, 54, 68, 75, 76, 78, 79, 80, 83, 85, 86, 94, 95, 96, 104, 105, 107, 110, 112, 115, 116, 117, 119, 120, 121, 122, 123, 124, 126, 127, 130, 134, 137, 138, 139, 140, 141, 143, 144, 150, 153, 159, 161, 162, 169, 170, 171, 173, 175, 178, 179, 181, 187, 195, 196, 199, 200, 203, 204, 207, 210, 211, 212, 222, 231, 232, 233, 234, 235, 237, 238, 241, 243, 245, 246, 253, 255, 257, 258, 259, 260, 263, 266, 267, 268, 271, 272, 274, 277, 278, 279, 280, 282, 283, 285, 286, 293, 294, 296, 299, 305, 313, 314, 317, 318, 321, 322, 325, 327, 337, 339, 340, 342, 343, 344, 346, 347, 348, 349, 352, 353, 355, 356, 357, 361, 362, 363, 364, 365, 368, 370, 371, 372, 375, 376, 378, 379, 381, 382, 383, 385, 387, 388, 389, 392, 395, 399, 400, 402, 405, 406, 460, 461, 462, 464, 465, 466, 468, 469, 472, 475, 476, 477, 479, 480, 481, 483, 484, 485, 487, 488, 489, 492, 498, 499, 500], "excluded_lines": [397, 398, 503, 504], "executed_branches": [], "missing_branches": [[43, 44], [43, 80], [75, 43], [75, 76], [94, 95], [94, 107], [126, 127], [126, 134], [137, -110], [137, 138], [143, 144], [143, 150], [161, 162], [161, 173], [199, 200], [199, 210], [203, 204], [203, 207], [211, 212], [211, 222], [233, 234], [233, 235], [245, 246], [245, 255], [258, 259], [258, 285], [285, 286], [285, 293], [342, 343], [342, 346], [347, 348], [347, 352], [356, 357], [356, 361], [381, 382], [381, 395], [460, 461], [460, 464], [464, 465], [464, 468], [468, 469], [468, 475], [475, 476], [475, 479], [479, 480], [479, 483], [483, 484], [483, 487], [487, 488], [487, 492]], "functions": {"find_server_processes": {"executed_lines": [], "summary": {"covered_lines": 0, "num_statements": 13, "percent_covered": 0.0, "percent_covered_display": "0.00", "missing_lines": 13, "excluded_lines": 0, "num_branches": 4, "num_partial_branches": 0, "covered_branches": 0, "missing_branches": 4}, "missing_lines": [42, 43, 44, 45, 46, 49, 54, 68, 75, 76, 78, 79, 80], "excluded_lines": [], "executed_branches": [], "missing_branches": [[43, 44], [43, 80], [75, 43], [75, 76]]}, "get_server_status": {"executed_lines": [], "summary": {"covered_lines": 0, "num_statements": 8, "percent_covered": 0.0, "percent_covered_display": "0.00", "missing_lines": 8, "excluded_lines": 0, "num_branches": 2, "num_partial_branches": 0, "covered_branches": 0, "missing_branches": 2}, "missing_lines": [85, 86, 94, 95, 96, 104, 105, 107], "excluded_lines": [], "executed_branches": [], "missing_branches": [[94, 95], [94, 107]]}, "show_status": {"executed_lines": [], "summary": {"covered_lines": 0, "num_statements": 22, "percent_covered": 0.0, "percent_covered_display": "0.00", "missing_lines": 22, "excluded_lines": 0, "num_branches": 6, "num_partial_branches": 0, "covered_branches": 0, "missing_branches": 6}, "missing_lines": [112, 115, 116, 117, 119, 120, 121, 122, 123, 124, 126, 127, 130, 134, 137, 138, 139, 140, 141, 143, 144, 150], "excluded_lines": [], "executed_branches": [], "missing_branches": [[126, 127], [126, 134], [137, -110], [137, 138], [143, 144], [143, 150]]}, "start_mcp_server": {"executed_lines": [], "summary": {"covered_lines": 0, "num_statements": 30, "percent_covered": 0.0, "percent_covered_display": "0.00", "missing_lines": 30, "excluded_lines": 0, "num_branches": 10, "num_partial_branches": 0, "covered_branches": 0, "missing_branches": 10}, "missing_lines": [159, 161, 162, 169, 170, 171, 173, 175, 178, 179, 181, 187, 195, 196, 199, 200, 203, 204, 207, 210, 211, 212, 222, 231, 232, 233, 234, 235, 237, 238], "excluded_lines": [], "executed_branches": [], "missing_branches": [[161, 162], [161, 173], [199, 200], [199, 210], [203, 204], [203, 207], [211, 212], [211, 222], [233, 234], [233, 235]]}, "stop_mcp_server": {"executed_lines": [], "summary": {"covered_lines": 0, "num_statements": 27, "percent_covered": 0.0, "percent_covered_display": "0.00", "missing_lines": 27, "excluded_lines": 0, "num_branches": 6, "num_partial_branches": 0, "covered_branches": 0, "missing_branches": 6}, "missing_lines": [243, 245, 246, 253, 255, 257, 258, 259, 260, 263, 266, 267, 268, 271, 272, 274, 277, 278, 279, 280, 282, 283, 285, 286, 293, 294, 296], "excluded_lines": [], "executed_branches": [], "missing_branches": [[245, 246], [245, 255], [258, 259], [258, 285], [285, 286], [285, 293]]}, "restart_mcp_server": {"executed_lines": [], "summary": {"covered_lines": 0, "num_statements": 7, "percent_covered": 0.0, "percent_covered_display": "0.00", "missing_lines": 7, "excluded_lines": 0, "num_branches": 0, "num_partial_branches": 0, "covered_branches": 0, "missing_branches": 0}, "missing_lines": [305, 313, 314, 317, 318, 321, 322], "excluded_lines": [], "executed_branches": [], "missing_branches": []}, "show_version": {"executed_lines": [], "summary": {"covered_lines": 0, "num_statements": 1, "percent_covered": 0.0, "percent_covered_display": "0.00", "missing_lines": 1, "excluded_lines": 0, "num_branches": 0, "num_partial_branches": 0, "covered_branches": 0, "missing_branches": 0}, "missing_lines": [327], "excluded_lines": [], "executed_branches": [], "missing_branches": []}, "show_logs": {"executed_lines": [], "summary": {"covered_lines": 0, "num_statements": 19, "percent_covered": 0.0, "percent_covered_display": "0.00", "missing_lines": 19, "excluded_lines": 0, "num_branches": 6, "num_partial_branches": 0, "covered_branches": 0, "missing_branches": 6}, "missing_lines": [339, 340, 342, 343, 344, 346, 347, 348, 349, 352, 353, 355, 356, 357, 361, 362, 363, 364, 365], "excluded_lines": [], "executed_branches": [], "missing_branches": [[342, 343], [342, 346], [347, 348], [347, 352], [356, 357], [356, 361]]}, "show_config": {"executed_lines": [], "summary": {"covered_lines": 0, "num_statements": 19, "percent_covered": 0.0, "percent_covered_display": "0.00", "missing_lines": 19, "excluded_lines": 2, "num_branches": 2, "num_partial_branches": 0, "covered_branches": 0, "missing_branches": 2}, "missing_lines": [370, 371, 372, 375, 376, 378, 379, 381, 382, 383, 385, 387, 388, 389, 392, 395, 399, 400, 402], "excluded_lines": [397, 398], "executed_branches": [], "missing_branches": [[381, 382], [381, 395]]}, "main": {"executed_lines": [], "summary": {"covered_lines": 0, "num_statements": 22, "percent_covered": 0.0, "percent_covered_display": "0.00", "missing_lines": 22, "excluded_lines": 0, "num_branches": 14, "num_partial_branches": 0, "covered_branches": 0, "missing_branches": 14}, "missing_lines": [460, 461, 462, 464, 465, 466, 468, 469, 472, 475, 476, 477, 479, 480, 481, 483, 484, 485, 487, 488, 489, 492], "excluded_lines": [], "executed_branches": [], "missing_branches": [[460, 461], [460, 464], [464, 465], [464, 468], [468, 469], [468, 475], [475, 476], [475, 479], [479, 480], [479, 483], [483, 484], [483, 487], [487, 488], [487, 492]]}, "": {"executed_lines": [], "summary": {"covered_lines": 0, "num_statements": 32, "percent_covered": 0.0, "percent_covered_display": "0.00", "missing_lines": 32, "excluded_lines": 2, "num_branches": 0, "num_partial_branches": 0, "covered_branches": 0, "missing_branches": 0}, "missing_lines": [8, 10, 11, 12, 13, 14, 15, 16, 19, 20, 22, 23, 24, 25, 26, 28, 35, 37, 40, 83, 110, 153, 241, 299, 325, 337, 368, 405, 406, 498, 499, 500], "excluded_lines": [503, 504], "executed_branches": [], "missing_branches": []}}, "classes": {"": {"executed_lines": [], "summary": {"covered_lines": 0, "num_statements": 200, "percent_covered": 0.0, "percent_covered_display": "0.00", "missing_lines": 200, "excluded_lines": 4, "num_branches": 50, "num_partial_branches": 0, "covered_branches": 0, "missing_branches": 50}, "missing_lines": [8, 10, 11, 12, 13, 14, 15, 16, 19, 20, 22, 23, 24, 25, 26, 28, 35, 37, 40, 42, 43, 44, 45, 46, 49, 54, 68, 75, 76, 78, 79, 80, 83, 85, 86, 94, 95, 96, 104, 105, 107, 110, 112, 115, 116, 117, 119, 120, 121, 122, 123, 124, 126, 127, 130, 134, 137, 138, 139, 140, 141, 143, 144, 150, 153, 159, 161, 162, 169, 170, 171, 173, 175, 178, 179, 181, 187, 195, 196, 199, 200, 203, 204, 207, 210, 211, 212, 222, 231, 232, 233, 234, 235, 237, 238, 241, 243, 245, 246, 253, 255, 257, 258, 259, 260, 263, 266, 267, 268, 271, 272, 274, 277, 278, 279, 280, 282, 283, 285, 286, 293, 294, 296, 299, 305, 313, 314, 317, 318, 321, 322, 325, 327, 337, 339, 340, 342, 343, 344, 346, 347, 348, 349, 352, 353, 355, 356, 357, 361, 362, 363, 364, 365, 368, 370, 371, 372, 375, 376, 378, 379, 381, 382, 383, 385, 387, 388, 389, 392, 395, 399, 400, 402, 405, 406, 460, 461, 462, 464, 465, 466, 468, 469, 472, 475, 476, 477, 479, 480, 481, 483, 484, 485, 487, 488, 489, 492, 498, 499, 500], "excluded_lines": [397, 398, 503, 504], "executed_branches": [], "missing_branches": [[43, 44], [43, 80], [75, 43], [75, 76], [94, 95], [94, 107], [126, 127], [126, 134], [137, -110], [137, 138], [143, 144], [143, 150], [161, 162], [161, 173], [199, 200], [199, 210], [203, 204], [203, 207], [211, 212], [211, 222], [233, 234], [233, 235], [245, 246], [245, 255], [258, 259], [258, 285], [285, 286], [285, 293], [342, 343], [342, 346], [347, 348], [347, 352], [356, 357], [356, 361], [381, 382], [381, 395], [460, 461], [460, 464], [464, 465], [464, 468], [468, 469], [468, 475], [475, 476], [475, 479], [479, 480], [479, 483], [483, 484], [483, 487], [487, 488], [487, 492]]}}}, "session_mgmt_mcp/config.py": {"executed_lines": [2, 7, 8, 9, 11, 12, 14, 15, 23, 24, 26, 30, 36, 42, 50, 54, 58, 64, 68, 74, 81, 82, 83, 88, 89, 91, 95, 99, 107, 111, 117, 121, 129, 133, 137, 145, 146, 148, 152, 158, 166, 172, 176, 182, 186, 193, 194, 201, 202, 204, 210, 214, 221, 225, 231, 235, 242, 243, 244, 252, 253, 256, 260, 267, 271, 277, 281, 286, 287, 288, 293, 294, 296, 300, 307, 311, 315, 321, 329, 333, 337, 344, 345, 346, 353, 354, 357, 361, 372, 376, 384, 390, 397, 398, 399, 412, 413, 415, 422, 426, 430, 434, 438, 442, 446, 452, 456, 462, 468, 472, 478, 479, 481, 485, 512, 535, 543, 614, 617, 627], "summary": {"covered_lines": 109, "num_statements": 167, "percent_covered": 57.068062827225134, "percent_covered_display": "57.07", "missing_lines": 58, "excluded_lines": 7, "num_branches": 24, "num_partial_branches": 0, "covered_branches": 0, "missing_branches": 24}, "missing_lines": [85, 196, 197, 198, 246, 247, 248, 249, 290, 348, 349, 350, 401, 403, 404, 405, 406, 407, 408, 409, 482, 483, 487, 490, 491, 494, 495, 497, 498, 499, 500, 501, 505, 506, 510, 514, 515, 518, 519, 520, 521, 522, 523, 524, 525, 526, 530, 532, 533, 537, 538, 540, 541, 545, 621, 622, 624, 629], "excluded_lines": [16, 17, 18, 19, 20, 361, 507], "executed_branches": [], "missing_branches": [[196, 197], [196, 198], [246, 247], [246, 249], [403, 404], [403, 409], [490, 491], [490, 494], [494, 495], [494, 510], [495, 494], [495, 497], [499, 494], [499, 500], [501, 494], [501, 505], [514, 515], [514, 518], [520, 521], [520, 530], [538, 540], [538, 541], [621, 622], [621, 624]], "functions": {"DatabaseConfig.expand_path": {"executed_lines": [], "summary": {"covered_lines": 0, "num_statements": 1, "percent_covered": 0.0, "percent_covered_display": "0.00", "missing_lines": 1, "excluded_lines": 0, "num_branches": 0, "num_partial_branches": 0, "covered_branches": 0, "missing_branches": 0}, "missing_lines": [85], "excluded_lines": [], "executed_branches": [], "missing_branches": []}, "TokenOptimizationConfig.validate_chunk_size": {"executed_lines": [], "summary": {"covered_lines": 0, "num_statements": 3, "percent_covered": 0.0, "percent_covered_display": "0.00", "missing_lines": 3, "excluded_lines": 0, "num_branches": 2, "num_partial_branches": 0, "covered_branches": 0, "missing_branches": 2}, "missing_lines": [196, 197, 198], "excluded_lines": [], "executed_branches": [], "missing_branches": [[196, 197], [196, 198]]}, "SessionConfig.validate_commit_template": {"executed_lines": [], "summary": {"covered_lines": 0, "num_statements": 4, "percent_covered": 0.0, "percent_covered_display": "0.00", "missing_lines": 4, "excluded_lines": 0, "num_branches": 2, "num_partial_branches": 0, "covered_branches": 0, "missing_branches": 2}, "missing_lines": [246, 247, 248, 249], "excluded_lines": [], "executed_branches": [], "missing_branches": [[246, 247], [246, 249]]}, "IntegrationConfig.expand_workspace_path": {"executed_lines": [], "summary": {"covered_lines": 0, "num_statements": 1, "percent_covered": 0.0, "percent_covered_display": "0.00", "missing_lines": 1, "excluded_lines": 0, "num_branches": 0, "num_partial_branches": 0, "covered_branches": 0, "missing_branches": 0}, "missing_lines": [290], "excluded_lines": [], "executed_branches": [], "missing_branches": []}, "LoggingConfig.expand_log_path": {"executed_lines": [], "summary": {"covered_lines": 0, "num_statements": 3, "percent_covered": 0.0, "percent_covered_display": "0.00", "missing_lines": 3, "excluded_lines": 0, "num_branches": 0, "num_partial_branches": 0, "covered_branches": 0, "missing_branches": 0}, "missing_lines": [348, 349, 350], "excluded_lines": [], "executed_branches": [], "missing_branches": []}, "SecurityConfig.validate_patterns": {"executed_lines": [], "summary": {"covered_lines": 0, "num_statements": 8, "percent_covered": 0.0, "percent_covered_display": "0.00", "missing_lines": 8, "excluded_lines": 0, "num_branches": 2, "num_partial_branches": 0, "covered_branches": 0, "missing_branches": 2}, "missing_lines": [401, 403, 404, 405, 406, 407, 408, 409], "excluded_lines": [], "executed_branches": [], "missing_branches": [[403, 404], [403, 409]]}, "ConfigLoader.__init__": {"executed_lines": [], "summary": {"covered_lines": 0, "num_statements": 2, "percent_covered": 0.0, "percent_covered_display": "0.00", "missing_lines": 2, "excluded_lines": 0, "num_branches": 0, "num_partial_branches": 0, "covered_branches": 0, "missing_branches": 0}, "missing_lines": [482, 483], "excluded_lines": [], "executed_branches": [], "missing_branches": []}, "ConfigLoader._find_project_root": {"executed_lines": [], "summary": {"covered_lines": 0, "num_statements": 13, "percent_covered": 0.0, "percent_covered_display": "0.00", "missing_lines": 13, "excluded_lines": 1, "num_branches": 10, "num_partial_branches": 0, "covered_branches": 0, "missing_branches": 10}, "missing_lines": [487, 490, 491, 494, 495, 497, 498, 499, 500, 501, 505, 506, 510], "excluded_lines": [507], "executed_branches": [], "missing_branches": [[490, 491], [490, 494], [494, 495], [494, 510], [495, 494], [495, 497], [499, 494], [499, 500], [501, 494], [501, 505]]}, "ConfigLoader.load_config": {"executed_lines": [], "summary": {"covered_lines": 0, "num_statements": 14, "percent_covered": 0.0, "percent_covered_display": "0.00", "missing_lines": 14, "excluded_lines": 0, "num_branches": 4, "num_partial_branches": 0, "covered_branches": 0, "missing_branches": 4}, "missing_lines": [514, 515, 518, 519, 520, 521, 522, 523, 524, 525, 526, 530, 532, 533], "excluded_lines": [], "executed_branches": [], "missing_branches": [[514, 515], [514, 518], [520, 521], [520, 530]]}, "ConfigLoader._extract_tool_config": {"executed_lines": [], "summary": {"covered_lines": 0, "num_statements": 4, "percent_covered": 0.0, "percent_covered_display": "0.00", "missing_lines": 4, "excluded_lines": 0, "num_branches": 2, "num_partial_branches": 0, "covered_branches": 0, "missing_branches": 2}, "missing_lines": [537, 538, 540, 541], "excluded_lines": [], "executed_branches": [], "missing_branches": [[538, 540], [538, 541]]}, "ConfigLoader.get_example_config": {"executed_lines": [], "summary": {"covered_lines": 0, "num_statements": 1, "percent_covered": 0.0, "percent_covered_display": "0.00", "missing_lines": 1, "excluded_lines": 0, "num_branches": 0, "num_partial_branches": 0, "covered_branches": 0, "missing_branches": 0}, "missing_lines": [545], "excluded_lines": [], "executed_branches": [], "missing_branches": []}, "get_config": {"executed_lines": [], "summary": {"covered_lines": 0, "num_statements": 3, "percent_covered": 0.0, "percent_covered_display": "0.00", "missing_lines": 3, "excluded_lines": 0, "num_branches": 2, "num_partial_branches": 0, "covered_branches": 0, "missing_branches": 2}, "missing_lines": [621, 622, 624], "excluded_lines": [], "executed_branches": [], "missing_branches": [[621, 622], [621, 624]]}, "reload_config": {"executed_lines": [], "summary": {"covered_lines": 0, "num_statements": 1, "percent_covered": 0.0, "percent_covered_display": "0.00", "missing_lines": 1, "excluded_lines": 0, "num_branches": 0, "num_partial_branches": 0, "covered_branches": 0, "missing_branches": 0}, "missing_lines": [629], "excluded_lines": [], "executed_branches": [], "missing_branches": []}, "": {"executed_lines": [2, 7, 8, 9, 11, 12, 14, 15, 23, 24, 26, 30, 36, 42, 50, 54, 58, 64, 68, 74, 81, 82, 83, 88, 89, 91, 95, 99, 107, 111, 117, 121, 129, 133, 137, 145, 146, 148, 152, 158, 166, 172, 176, 182, 186, 193, 194, 201, 202, 204, 210, 214, 221, 225, 231, 235, 242, 243, 244, 252, 253, 256, 260, 267, 271, 277, 281, 286, 287, 288, 293, 294, 296, 300, 307, 311, 315, 321, 329, 333, 337, 344, 345, 346, 353, 354, 357, 361, 372, 376, 384, 390, 397, 398, 399, 412, 413, 415, 422, 426, 430, 434, 438, 442, 446, 452, 456, 462, 468, 472, 478, 479, 481, 485, 512, 535, 543, 614, 617, 627], "summary": {"covered_lines": 109, "num_statements": 109, "percent_covered": 100.0, "percent_covered_display": "100.00", "missing_lines": 0, "excluded_lines": 6, "num_branches": 0, "num_partial_branches": 0, "covered_branches": 0, "missing_branches": 0}, "missing_lines": [], "excluded_lines": [16, 17, 18, 19, 20, 361], "executed_branches": [], "missing_branches": []}}, "classes": {"DatabaseConfig": {"executed_lines": [], "summary": {"covered_lines": 0, "num_statements": 1, "percent_covered": 0.0, "percent_covered_display": "0.00", "missing_lines": 1, "excluded_lines": 0, "num_branches": 0, "num_partial_branches": 0, "covered_branches": 0, "missing_branches": 0}, "missing_lines": [85], "excluded_lines": [], "executed_branches": [], "missing_branches": []}, "SearchConfig": {"executed_lines": [], "summary": {"covered_lines": 0, "num_statements": 0, "percent_covered": 100.0, "percent_covered_display": "100.00", "missing_lines": 0, "excluded_lines": 0, "num_branches": 0, "num_partial_branches": 0, "covered_branches": 0, "missing_branches": 0}, "missing_lines": [], "excluded_lines": [], "executed_branches": [], "missing_branches": []}, "TokenOptimizationConfig": {"executed_lines": [], "summary": {"covered_lines": 0, "num_statements": 3, "percent_covered": 0.0, "percent_covered_display": "0.00", "missing_lines": 3, "excluded_lines": 0, "num_branches": 2, "num_partial_branches": 0, "covered_branches": 0, "missing_branches": 2}, "missing_lines": [196, 197, 198], "excluded_lines": [], "executed_branches": [], "missing_branches": [[196, 197], [196, 198]]}, "SessionConfig": {"executed_lines": [], "summary": {"covered_lines": 0, "num_statements": 4, "percent_covered": 0.0, "percent_covered_display": "0.00", "missing_lines": 4, "excluded_lines": 0, "num_branches": 2, "num_partial_branches": 0, "covered_branches": 0, "missing_branches": 2}, "missing_lines": [246, 247, 248, 249], "excluded_lines": [], "executed_branches": [], "missing_branches": [[246, 247], [246, 249]]}, "IntegrationConfig": {"executed_lines": [], "summary": {"covered_lines": 0, "num_statements": 1, "percent_covered": 0.0, "percent_covered_display": "0.00", "missing_lines": 1, "excluded_lines": 0, "num_branches": 0, "num_partial_branches": 0, "covered_branches": 0, "missing_branches": 0}, "missing_lines": [290], "excluded_lines": [], "executed_branches": [], "missing_branches": []}, "LoggingConfig": {"executed_lines": [], "summary": {"covered_lines": 0, "num_statements": 3, "percent_covered": 0.0, "percent_covered_display": "0.00", "missing_lines": 3, "excluded_lines": 0, "num_branches": 0, "num_partial_branches": 0, "covered_branches": 0, "missing_branches": 0}, "missing_lines": [348, 349, 350], "excluded_lines": [], "executed_branches": [], "missing_branches": []}, "SecurityConfig": {"executed_lines": [], "summary": {"covered_lines": 0, "num_statements": 8, "percent_covered": 0.0, "percent_covered_display": "0.00", "missing_lines": 8, "excluded_lines": 0, "num_branches": 2, "num_partial_branches": 0, "covered_branches": 0, "missing_branches": 2}, "missing_lines": [401, 403, 404, 405, 406, 407, 408, 409], "excluded_lines": [], "executed_branches": [], "missing_branches": [[403, 404], [403, 409]]}, "SessionMgmtConfig": {"executed_lines": [], "summary": {"covered_lines": 0, "num_statements": 0, "percent_covered": 100.0, "percent_covered_display": "100.00", "missing_lines": 0, "excluded_lines": 0, "num_branches": 0, "num_partial_branches": 0, "covered_branches": 0, "missing_branches": 0}, "missing_lines": [], "excluded_lines": [], "executed_branches": [], "missing_branches": []}, "ConfigLoader": {"executed_lines": [], "summary": {"covered_lines": 0, "num_statements": 34, "percent_covered": 0.0, "percent_covered_display": "0.00", "missing_lines": 34, "excluded_lines": 1, "num_branches": 16, "num_partial_branches": 0, "covered_branches": 0, "missing_branches": 16}, "missing_lines": [482, 483, 487, 490, 491, 494, 495, 497, 498, 499, 500, 501, 505, 506, 510, 514, 515, 518, 519, 520, 521, 522, 523, 524, 525, 526, 530, 532, 533, 537, 538, 540, 541, 545], "excluded_lines": [507], "executed_branches": [], "missing_branches": [[490, 491], [490, 494], [494, 495], [494, 510], [495, 494], [495, 497], [499, 494], [499, 500], [501, 494], [501, 505], [514, 515], [514, 518], [520, 521], [520, 530], [538, 540], [538, 541]]}, "": {"executed_lines": [2, 7, 8, 9, 11, 12, 14, 15, 23, 24, 26, 30, 36, 42, 50, 54, 58, 64, 68, 74, 81, 82, 83, 88, 89, 91, 95, 99, 107, 111, 117, 121, 129, 133, 137, 145, 146, 148, 152, 158, 166, 172, 176, 182, 186, 193, 194, 201, 202, 204, 210, 214, 221, 225, 231, 235, 242, 243, 244, 252, 253, 256, 260, 267, 271, 277, 281, 286, 287, 288, 293, 294, 296, 300, 307, 311, 315, 321, 329, 333, 337, 344, 345, 346, 353, 354, 357, 361, 372, 376, 384, 390, 397, 398, 399, 412, 413, 415, 422, 426, 430, 434, 438, 442, 446, 452, 456, 462, 468, 472, 478, 479, 481, 485, 512, 535, 543, 614, 617, 627], "summary": {"covered_lines": 109, "num_statements": 113, "percent_covered": 94.78260869565217, "percent_covered_display": "94.78", "missing_lines": 4, "excluded_lines": 6, "num_branches": 2, "num_partial_branches": 0, "covered_branches": 0, "missing_branches": 2}, "missing_lines": [621, 622, 624, 629], "excluded_lines": [16, 17, 18, 19, 20, 361], "executed_branches": [], "missing_branches": [[621, 622], [621, 624]]}}}, "session_mgmt_mcp/context_manager.py": {"executed_lines": [2, 7, 8, 9, 10, 11, 12, 14, 15, 18, 19, 21, 47, 62, 82, 98, 120, 131, 158, 205, 229, 270, 271, 273, 283, 295, 309, 319, 330, 343, 356, 375, 395, 396, 398, 405, 471, 485], "summary": {"covered_lines": 34, "num_statements": 236, "percent_covered": 9.883720930232558, "percent_covered_display": "9.88", "missing_lines": 202, "excluded_lines": 2, "num_branches": 108, "num_partial_branches": 0, "covered_branches": 0, "missing_branches": 108}, "missing_lines": [22, 36, 49, 64, 66, 67, 69, 70, 71, 72, 74, 75, 77, 78, 80, 88, 89, 91, 92, 93, 95, 96, 104, 106, 107, 108, 109, 110, 111, 112, 113, 114, 115, 116, 118, 122, 124, 125, 127, 128, 129, 133, 135, 136, 138, 139, 140, 142, 143, 152, 153, 155, 156, 160, 161, 163, 164, 167, 170, 173, 176, 179, 180, 181, 192, 193, 203, 207, 221, 222, 223, 226, 227, 231, 233, 234, 235, 237, 238, 239, 240, 241, 242, 245, 246, 247, 248, 249, 252, 253, 254, 255, 256, 257, 258, 260, 262, 264, 267, 274, 290, 291, 292, 293, 301, 302, 303, 304, 307, 311, 312, 313, 314, 317, 321, 322, 323, 324, 325, 328, 332, 333, 334, 335, 336, 337, 338, 339, 341, 345, 362, 363, 365, 366, 368, 369, 370, 371, 373, 381, 382, 384, 385, 386, 387, 388, 389, 390, 392, 399, 400, 401, 402, 403, 413, 416, 419, 420, 421, 422, 425, 427, 428, 431, 433, 434, 436, 445, 450, 451, 452, 455, 456, 458, 467, 469, 474, 482, 483, 487, 489, 490, 491, 493, 494, 495, 497, 498, 499, 501, 502, 506, 507, 508, 509, 510, 512, 513, 514, 516, 517, 519], "excluded_lines": [265, 340], "executed_branches": [], "missing_branches": [[66, 67], [66, 80], [67, 69], [67, 72], [70, 66], [70, 71], [72, 74], [72, 77], [74, 66], [74, 75], [77, 66], [77, 78], [88, -82], [88, 89], [91, 88], [91, 92], [92, 93], [92, 95], [106, 107], [106, 118], [107, 108], [107, 110], [108, 106], [108, 109], [110, 111], [110, 113], [111, 106], [111, 112], [113, 114], [113, 115], [115, 106], [115, 116], [124, -120], [124, 125], [127, 124], [127, 128], [138, 139], [138, 152], [139, 138], [139, 140], [142, 138], [142, 143], [160, 161], [160, 163], [180, 181], [180, 203], [221, 222], [221, 226], [222, 221], [222, 223], [234, 235], [234, 267], [238, 239], [238, 245], [246, 247], [246, 252], [248, 249], [248, 252], [253, 254], [253, 262], [255, 256], [255, 257], [257, 258], [257, 260], [291, 292], [291, 293], [302, 303], [302, 307], [303, 302], [303, 304], [312, 313], [312, 317], [313, 312], [313, 314], [322, 323], [322, 328], [324, 322], [324, 325], [335, 336], [335, 337], [337, 338], [337, 341], [362, 363], [362, 365], [369, 370], [369, 373], [370, 369], [370, 371], [419, 420], [419, 425], [421, 422], [421, 425], [427, 428], [427, 455], [433, 434], [433, 455], [450, 433], [450, 451], [493, 494], [493, 497], [497, 498], [497, 501], [501, 502], [501, 506], [506, 507], [506, 512], [512, 513], [512, 516]], "functions": {"ContextDetector.__init__": {"executed_lines": [], "summary": {"covered_lines": 0, "num_statements": 2, "percent_covered": 0.0, "percent_covered_display": "0.00", "missing_lines": 2, "excluded_lines": 0, "num_branches": 0, "num_partial_branches": 0, "covered_branches": 0, "missing_branches": 0}, "missing_lines": [22, 36], "excluded_lines": [], "executed_branches": [], "missing_branches": []}, "ContextDetector._initialize_context": {"executed_lines": [], "summary": {"covered_lines": 0, "num_statements": 1, "percent_covered": 0.0, "percent_covered_display": "0.00", "missing_lines": 1, "excluded_lines": 0, "num_branches": 0, "num_partial_branches": 0, "covered_branches": 0, "missing_branches": 0}, "missing_lines": [49], "excluded_lines": [], "executed_branches": [], "missing_branches": []}, "ContextDetector._find_indicators": {"executed_lines": [], "summary": {"covered_lines": 0, "num_statements": 12, "percent_covered": 0.0, "percent_covered_display": "0.00", "missing_lines": 12, "excluded_lines": 0, "num_branches": 12, "num_partial_branches": 0, "covered_branches": 0, "missing_branches": 12}, "missing_lines": [64, 66, 67, 69, 70, 71, 72, 74, 75, 77, 78, 80], "excluded_lines": [], "executed_branches": [], "missing_branches": [[66, 67], [66, 80], [67, 69], [67, 72], [70, 66], [70, 71], [72, 74], [72, 77], [74, 66], [74, 75], [77, 66], [77, 78]]}, "ContextDetector._detect_languages_and_tools": {"executed_lines": [], "summary": {"covered_lines": 0, "num_statements": 7, "percent_covered": 0.0, "percent_covered_display": "0.00", "missing_lines": 7, "excluded_lines": 0, "num_branches": 6, "num_partial_branches": 0, "covered_branches": 0, "missing_branches": 6}, "missing_lines": [88, 89, 91, 92, 93, 95, 96], "excluded_lines": [], "executed_branches": [], "missing_branches": [[88, -82], [88, 89], [91, 88], [91, 92], [92, 93], [92, 95]]}, "ContextDetector._calculate_project_type_score": {"executed_lines": [], "summary": {"covered_lines": 0, "num_statements": 13, "percent_covered": 0.0, "percent_covered_display": "0.00", "missing_lines": 13, "excluded_lines": 0, "num_branches": 14, "num_partial_branches": 0, "covered_branches": 0, "missing_branches": 14}, "missing_lines": [104, 106, 107, 108, 109, 110, 111, 112, 113, 114, 115, 116, 118], "excluded_lines": [], "executed_branches": [], "missing_branches": [[106, 107], [106, 118], [107, 108], [107, 110], [108, 106], [108, 109], [110, 111], [110, 113], [111, 106], [111, 112], [113, 114], [113, 115], [115, 106], [115, 116]]}, "ContextDetector._detect_project_type": {"executed_lines": [], "summary": {"covered_lines": 0, "num_statements": 6, "percent_covered": 0.0, "percent_covered_display": "0.00", "missing_lines": 6, "excluded_lines": 0, "num_branches": 4, "num_partial_branches": 0, "covered_branches": 0, "missing_branches": 4}, "missing_lines": [122, 124, 125, 127, 128, 129], "excluded_lines": [], "executed_branches": [], "missing_branches": [[124, -120], [124, 125], [127, 124], [127, 128]]}, "ContextDetector._get_recent_files": {"executed_lines": [], "summary": {"covered_lines": 0, "num_statements": 12, "percent_covered": 0.0, "percent_covered_display": "0.00", "missing_lines": 12, "excluded_lines": 0, "num_branches": 6, "num_partial_branches": 0, "covered_branches": 0, "missing_branches": 6}, "missing_lines": [133, 135, 136, 138, 139, 140, 142, 143, 152, 153, 155, 156], "excluded_lines": [], "executed_branches": [], "missing_branches": [[138, 139], [138, 152], [139, 138], [139, 140], [142, 138], [142, 143]]}, "ContextDetector.detect_current_context": {"executed_lines": [], "summary": {"covered_lines": 0, "num_statements": 14, "percent_covered": 0.0, "percent_covered_display": "0.00", "missing_lines": 14, "excluded_lines": 0, "num_branches": 4, "num_partial_branches": 0, "covered_branches": 0, "missing_branches": 4}, "missing_lines": [160, 161, 163, 164, 167, 170, 173, 176, 179, 180, 181, 192, 193, 203], "excluded_lines": [], "executed_branches": [], "missing_branches": [[160, 161], [160, 163], [180, 181], [180, 203]]}, "ContextDetector._should_ignore_file": {"executed_lines": [], "summary": {"covered_lines": 0, "num_statements": 6, "percent_covered": 0.0, "percent_covered_display": "0.00", "missing_lines": 6, "excluded_lines": 0, "num_branches": 4, "num_partial_branches": 0, "covered_branches": 0, "missing_branches": 4}, "missing_lines": [207, 221, 222, 223, 226, 227], "excluded_lines": [], "executed_branches": [], "missing_branches": [[221, 222], [221, 226], [222, 221], [222, 223]]}, "ContextDetector._get_git_info": {"executed_lines": [], "summary": {"covered_lines": 0, "num_statements": 26, "percent_covered": 0.0, "percent_covered_display": "0.00", "missing_lines": 26, "excluded_lines": 1, "num_branches": 14, "num_partial_branches": 0, "covered_branches": 0, "missing_branches": 14}, "missing_lines": [231, 233, 234, 235, 237, 238, 239, 240, 241, 242, 245, 246, 247, 248, 249, 252, 253, 254, 255, 256, 257, 258, 260, 262, 264, 267], "excluded_lines": [265], "executed_branches": [], "missing_branches": [[234, 235], [234, 267], [238, 239], [238, 245], [246, 247], [246, 252], [248, 249], [248, 252], [253, 254], [253, 262], [255, 256], [255, 257], [257, 258], [257, 260]]}, "RelevanceScorer.__init__": {"executed_lines": [], "summary": {"covered_lines": 0, "num_statements": 1, "percent_covered": 0.0, "percent_covered_display": "0.00", "missing_lines": 1, "excluded_lines": 0, "num_branches": 0, "num_partial_branches": 0, "covered_branches": 0, "missing_branches": 0}, "missing_lines": [274], "excluded_lines": [], "executed_branches": [], "missing_branches": []}, "RelevanceScorer._score_project_match": {"executed_lines": [], "summary": {"covered_lines": 0, "num_statements": 4, "percent_covered": 0.0, "percent_covered_display": "0.00", "missing_lines": 4, "excluded_lines": 0, "num_branches": 2, "num_partial_branches": 0, "covered_branches": 0, "missing_branches": 2}, "missing_lines": [290, 291, 292, 293], "excluded_lines": [], "executed_branches": [], "missing_branches": [[291, 292], [291, 293]]}, "RelevanceScorer._score_language_match": {"executed_lines": [], "summary": {"covered_lines": 0, "num_statements": 5, "percent_covered": 0.0, "percent_covered_display": "0.00", "missing_lines": 5, "excluded_lines": 0, "num_branches": 4, "num_partial_branches": 0, "covered_branches": 0, "missing_branches": 4}, "missing_lines": [301, 302, 303, 304, 307], "excluded_lines": [], "executed_branches": [], "missing_branches": [[302, 303], [302, 307], [303, 302], [303, 304]]}, "RelevanceScorer._score_tool_match": {"executed_lines": [], "summary": {"covered_lines": 0, "num_statements": 5, "percent_covered": 0.0, "percent_covered_display": "0.00", "missing_lines": 5, "excluded_lines": 0, "num_branches": 4, "num_partial_branches": 0, "covered_branches": 0, "missing_branches": 4}, "missing_lines": [311, 312, 313, 314, 317], "excluded_lines": [], "executed_branches": [], "missing_branches": [[312, 313], [312, 317], [313, 312], [313, 314]]}, "RelevanceScorer._score_file_match": {"executed_lines": [], "summary": {"covered_lines": 0, "num_statements": 6, "percent_covered": 0.0, "percent_covered_display": "0.00", "missing_lines": 6, "excluded_lines": 0, "num_branches": 4, "num_partial_branches": 0, "covered_branches": 0, "missing_branches": 4}, "missing_lines": [321, 322, 323, 324, 325, 328], "excluded_lines": [], "executed_branches": [], "missing_branches": [[322, 323], [322, 328], [324, 322], [324, 325]]}, "RelevanceScorer._score_recency": {"executed_lines": [], "summary": {"covered_lines": 0, "num_statements": 9, "percent_covered": 0.0, "percent_covered_display": "0.00", "missing_lines": 9, "excluded_lines": 1, "num_branches": 4, "num_partial_branches": 0, "covered_branches": 0, "missing_branches": 4}, "missing_lines": [332, 333, 334, 335, 336, 337, 338, 339, 341], "excluded_lines": [340], "executed_branches": [], "missing_branches": [[335, 336], [335, 337], [337, 338], [337, 341]]}, "RelevanceScorer._get_project_keywords": {"executed_lines": [], "summary": {"covered_lines": 0, "num_statements": 1, "percent_covered": 0.0, "percent_covered_display": "0.00", "missing_lines": 1, "excluded_lines": 0, "num_branches": 0, "num_partial_branches": 0, "covered_branches": 0, "missing_branches": 0}, "missing_lines": [345], "excluded_lines": [], "executed_branches": [], "missing_branches": []}, "RelevanceScorer._score_project_keywords": {"executed_lines": [], "summary": {"covered_lines": 0, "num_statements": 9, "percent_covered": 0.0, "percent_covered_display": "0.00", "missing_lines": 9, "excluded_lines": 0, "num_branches": 6, "num_partial_branches": 0, "covered_branches": 0, "missing_branches": 6}, "missing_lines": [362, 363, 365, 366, 368, 369, 370, 371, 373], "excluded_lines": [], "executed_branches": [], "missing_branches": [[3
[...]
3], [272, 281], [294, 295], [294, 301]], "functions": {"_extract_quality_scores": {"executed_lines": [], "summary": {"covered_lines": 0, "num_statements": 25, "percent_covered": 0.0, "percent_covered_display": "0.00", "missing_lines": 25, "excluded_lines": 0, "num_branches": 16, "num_partial_branches": 0, "covered_branches": 0, "missing_branches": 16}, "missing_lines": [15, 17, 18, 20, 23, 25, 26, 27, 29, 30, 31, 32, 33, 34, 36, 38, 39, 42, 43, 44, 45, 46, 48, 50, 52], "excluded_lines": [], "executed_branches": [], "missing_branches": [[17, 18], [17, 52], [23, 25], [23, 42], [26, 27], [26, 42], [29, 30], [29, 33], [33, 34], [33, 36], [38, 39], [38, 42], [43, 17], [43, 44], [45, 17], [45, 46]]}, "_analyze_quality_trend": {"executed_lines": [], "summary": {"covered_lines": 0, "num_statements": 27, "percent_covered": 0.0, "percent_covered_display": "0.00", "missing_lines": 27, "excluded_lines": 0, "num_branches": 12, "num_partial_branches": 0, "covered_branches": 0, "missing_branches": 12}, "missing_lines": [57, 58, 61, 62, 66, 67, 69, 70, 72, 73, 74, 76, 77, 78, 79, 85, 86, 87, 94, 95, 96, 104, 105, 106, 107, 108, 110], "excluded_lines": [], "executed_branches": [], "missing_branches": [[57, 58], [57, 61], [66, 67], [66, 69], [76, 77], [76, 85], [85, 86], [85, 94], [105, 106], [105, 107], [107, 108], [107, 110]]}, "_extract_quality_scores_from_reflections": {"executed_lines": [], "summary": {"covered_lines": 0, "num_statements": 27, "percent_covered": 0.0, "percent_covered_display": "0.00", "missing_lines": 27, "excluded_lines": 0, "num_branches": 16, "num_partial_branches": 0, "covered_branches": 0, "missing_branches": 16}, "missing_lines": [117, 119, 120, 121, 124, 131, 132, 133, 134, 135, 136, 137, 138, 139, 142, 143, 144, 145, 146, 147, 148, 149, 150, 151, 153, 155, 157], "excluded_lines": [], "executed_branches": [], "missing_branches": [[119, 120], [119, 157], [131, 132], [131, 142], [132, 131], [132, 133], [134, 131], [134, 135], [137, 131], [137, 138], [143, 119], [143, 144], [144, 143], [144, 145], [147, 143], [147, 148]]}, "_parse_score_text": {"executed_lines": [], "summary": {"covered_lines": 0, "num_statements": 21, "percent_covered": 0.0, "percent_covered_display": "0.00", "missing_lines": 21, "excluded_lines": 0, "num_branches": 12, "num_partial_branches": 0, "covered_branches": 0, "missing_branches": 12}, "missing_lines": [162, 163, 166, 167, 168, 169, 170, 171, 172, 173, 176, 177, 178, 179, 180, 181, 185, 186, 188, 189, 191], "excluded_lines": [], "executed_branches": [], "missing_branches": [[166, 167], [166, 176], [168, 169], [168, 191], [171, 172], [171, 191], [176, 177], [176, 185], [178, 179], [178, 180], [180, 181], [180, 191]]}, "_generate_quality_trend_recommendations": {"executed_lines": [], "summary": {"covered_lines": 0, "num_statements": 18, "percent_covered": 0.0, "percent_covered_display": "0.00", "missing_lines": 18, "excluded_lines": 0, "num_branches": 14, "num_partial_branches": 0, "covered_branches": 0, "missing_branches": 14}, "missing_lines": [196, 197, 199, 200, 203, 204, 212, 213, 220, 221, 229, 238, 239, 240, 243, 244, 247, 249], "excluded_lines": [], "executed_branches": [], "missing_branches": [[196, 197], [196, 199], [203, 204], [203, 212], [212, 213], [212, 220], [220, 221], [220, 229], [238, 239], [238, 249], [240, 243], [240, 244], [244, 247], [244, 249]]}, "_get_time_based_recommendations": {"executed_lines": [], "summary": {"covered_lines": 0, "num_statements": 9, "percent_covered": 0.0, "percent_covered_display": "0.00", "missing_lines": 9, "excluded_lines": 0, "num_branches": 6, "num_partial_branches": 0, "covered_branches": 0, "missing_branches": 6}, "missing_lines": [254, 256, 257, 264, 265, 272, 273, 281, 289], "excluded_lines": [], "executed_branches": [], "missing_branches": [[256, 257], [256, 264], [264, 265], [264, 272], [272, 273], [272, 281]]}, "_ensure_default_recommendations": {"executed_lines": [], "summary": {"covered_lines": 0, "num_statements": 3, "percent_covered": 0.0, "percent_covered_display": "0.00", "missing_lines": 3, "excluded_lines": 0, "num_branches": 2, "num_partial_branches": 0, "covered_branches": 0, "missing_branches": 2}, "missing_lines": [294, 295, 301], "excluded_lines": [], "executed_branches": [], "missing_branches": [[294, 295], [294, 301]]}, "_get_intelligence_error_result": {"executed_lines": [], "summary": {"covered_lines": 0, "num_statements": 1, "percent_covered": 0.0, "percent_covered_display": "0.00", "missing_lines": 1, "excluded_lines": 0, "num_branches": 0, "num_partial_branches": 0, "covered_branches": 0, "missing_branches": 0}, "missing_lines": [306], "excluded_lines": [], "executed_branches": [], "missing_branches": []}, "": {"executed_lines": [2, 8, 10, 13, 55, 113, 160, 194, 252, 292, 304], "summary": {"covered_lines": 10, "num_statements": 10, "percent_covered": 100.0, "percent_covered_display": "100.00", "missing_lines": 0, "excluded_lines": 0, "num_branches": 0, "num_partial_branches": 0, "covered_branches": 0, "missing_branches": 0}, "missing_lines": [], "excluded_lines": [], "executed_branches": [], "missing_branches": []}}, "classes": {"": {"executed_lines": [2, 8, 10, 13, 55, 113, 160, 194, 252, 292, 304], "summary": {"covered_lines": 10, "num_statements": 141, "percent_covered": 4.566210045662101, "percent_covered_display": "4.57", "missing_lines": 131, "excluded_lines": 0, "num_branches": 78, "num_partial_branches": 0, "covered_branches": 0, "missing_branches": 78}, "missing_lines": [15, 17, 18, 20, 23, 25, 26, 27, 29, 30, 31, 32, 33, 34, 36, 38, 39, 42, 43, 44, 45, 46, 48, 50, 52, 57, 58, 61, 62, 66, 67, 69, 70, 72, 73, 74, 76, 77, 78, 79, 85, 86, 87, 94, 95, 96, 104, 105, 106, 107, 108, 110, 117, 119, 120, 121, 124, 131, 132, 133, 134, 135, 136, 137, 138, 139, 142, 143, 144, 145, 146, 147, 148, 149, 150, 151, 153, 155, 157, 162, 163, 166, 167, 168, 169, 170, 171, 172, 173, 176, 177, 178, 179, 180, 181, 185, 186, 188, 189, 191, 196, 197, 199, 200, 203, 204, 212, 213, 220, 221, 229, 238, 239, 240, 243, 244, 247, 249, 254, 256, 257, 264, 265, 272, 273, 281, 289, 294, 295, 301, 306], "excluded_lines": [], "executed_branches": [], "missing_branches": [[17, 18], [17, 52], [23, 25], [23, 42], [26, 27], [26, 42], [29, 30], [29, 33], [33, 34], [33, 36], [38, 39], [38, 42], [43, 17], [43, 44], [45, 17], [45, 46], [57, 58], [57, 61], [66, 67], [66, 69], [76, 77], [76, 85], [85, 86], [85, 94], [105, 106], [105, 107], [107, 108], [107, 110], [119, 120], [119, 157], [131, 132], [131, 142], [132, 131], [132, 133], [134, 131], [134, 135], [137, 131], [137, 138], [143, 119], [143, 144], [144, 143], [144, 145], [147, 143], [147, 148], [166, 167], [166, 176], [168, 169], [168, 191], [171, 172], [171, 191], [176, 177], [176, 185], [178, 179], [178, 180], [180, 181], [180, 191], [196, 197], [196, 199], [203, 204], [203, 212], [212, 213], [212, 220], [220, 221], [220, 229], [238, 239], [238, 249], [240, 243], [240, 244], [244, 247], [244, 249], [256, 257], [256, 264], [264, 265], [264, 272], [272, 273], [272, 281], [294, 295], [294, 301]]}}}, "session_mgmt_mcp/utils/regex_patterns.py": {"executed_lines": [2, 10, 12, 15], "summary": {"covered_lines": 2, "num_statements": 2, "percent_covered": 100.0, "percent_covered_display": "100.00", "missing_lines": 0, "excluded_lines": 1, "num_branches": 0, "num_partial_branches": 0, "covered_branches": 0, "missing_branches": 0}, "missing_lines": [], "excluded_lines": [15], "executed_branches": [], "missing_branches": [], "functions": {"": {"executed_lines": [2, 10, 12, 15], "summary": {"covered_lines": 2, "num_statements": 2, "percent_covered": 100.0, "percent_covered_display": "100.00", "missing_lines": 0, "excluded_lines": 1, "num_branches": 0, "num_partial_branches": 0, "covered_branches": 0, "missing_branches": 0}, "missing_lines": [], "excluded_lines": [15], "executed_branches": [], "missing_branches": []}}, "classes": {"": {"executed_lines": [2, 10, 12, 15], "summary": {"covered_lines": 2, "num_statements": 2, "percent_covered": 100.0, "percent_covered_display": "100.00", "missing_lines": 0, "excluded_lines": 1, "num_branches": 0, "num_partial_branches": 0, "covered_branches": 0, "missing_branches": 0}, "missing_lines": [], "excluded_lines": [15], "executed_branches": [], "missing_branches": []}}}, "session_mgmt_mcp/worktree_manager.py": {"executed_lines": [2, 7, 8, 9, 10, 11, 12, 13, 15, 21, 24, 25, 27, 30, 35, 78, 150, 199, 234, 279, 311, 327, 352, 373, 396, 410], "summary": {"covered_lines": 24, "num_statements": 183, "percent_covered": 10.38961038961039, "percent_covered_display": "10.39", "missing_lines": 159, "excluded_lines": 0, "num_branches": 48, "num_partial_branches": 0, "covered_branches": 0, "missing_branches": 48}, "missing_lines": [28, 32, 33, 37, 38, 40, 41, 42, 44, 45, 46, 59, 61, 63, 65, 74, 75, 76, 87, 88, 93, 94, 99, 101, 103, 104, 105, 106, 108, 111, 120, 121, 122, 127, 129, 142, 143, 144, 145, 146, 147, 148, 157, 158, 163, 165, 167, 168, 170, 173, 181, 183, 191, 192, 193, 194, 195, 196, 197, 201, 202, 204, 206, 214, 217, 219, 221, 229, 230, 231, 232, 236, 237, 239, 240, 241, 243, 244, 250, 275, 276, 277, 281, 282, 284, 285, 288, 295, 302, 305, 309, 313, 314, 316, 317, 318, 319, 321, 329, 330, 340, 341, 343, 344, 345, 347, 348, 349, 350, 356, 357, 359, 363, 368, 369, 370, 371, 375, 376, 378, 380, 381, 384, 385, 386, 389, 390, 392, 393, 394, 398, 399, 401, 402, 407, 408, 416, 418, 419, 424, 425, 430, 431, 433, 434, 440, 442, 445, 448, 450, 456, 471, 473, 477, 479, 485, 500, 501, 502], "excluded_lines": [], "executed_branches": [], "missing_branches": [[32, -30], [32, 33], [37, 38], [37, 40], [45, 46], [45, 63], [87, 88], [87, 93], [93, 94], [93, 99], [103, 104], [103, 105], [105, 106], [105, 108], [121, 122], [121, 127], [157, 158], [157, 163], [167, 168], [167, 170], [201, 202], [201, 204], [236, 237], [236, 239], [243, 244], [243, 250], [281, 282], [281, 284], [284, 285], [284, 288], [316, 317], [316, 321], [317, 318], [317, 319], [356, 357], [356, 359], [380, 381], [380, 392], [381, 380], [381, 384], [385, 380], [385, 386], [418, 419], [418, 424], [424, 425], [424, 430], [433, 434], [433, 440]], "functions": {"WorktreeManager.__init__": {"executed_lines": [], "summary": {"covered_lines": 0, "num_statements": 1, "percent_covered": 0.0, "percent_covered_display": "0.00", "missing_lines": 1, "excluded_lines": 0, "num_branches": 0, "num_partial_branches": 0, "covered_branches": 0, "missing_branches": 0}, "missing_lines": [28], "excluded_lines": [], "executed_branches": [], "missing_branches": []}, "WorktreeManager._log": {"executed_lines": [], "summary": {"covered_lines": 0, "num_statements": 2, "percent_covered": 0.0, "percent_covered_display": "0.00", "missing_lines": 2, "excluded_lines": 0, "num_branches": 2, "num_partial_branches": 0, "covered_branches": 0, "missing_branches": 2}, "missing_lines": [32, 33], "excluded_lines": [], "executed_branches": [], "missing_branches": [[32, -30], [32, 33]]}, "WorktreeManager.list_worktrees": {"executed_lines": [], "summary": {"covered_lines": 0, "num_statements": 15, "percent_covered": 0.0, "percent_covered_display": "0.00", "missing_lines": 15, "excluded_lines": 0, "num_branches": 4, "num_partial_branches": 0, "covered_branches": 0, "missing_branches": 4}, "missing_lines": [37, 38, 40, 41, 42, 44, 45, 46, 59, 61, 63, 65, 74, 75, 76], "excluded_lines": [], "executed_branches": [], "missing_branches": [[37, 38], [37, 40], [45, 46], [45, 63]]}, "WorktreeManager.create_worktree": {"executed_lines": [], "summary": {"covered_lines": 0, "num_statements": 24, "percent_covered": 0.0, "percent_covered_display": "0.00", "missing_lines": 24, "excluded_lines": 0, "num_branches": 10, "num_partial_branches": 0, "covered_branches": 0, "missing_branches": 10}, "missing_lines": [87, 88, 93, 94, 99, 101, 103, 104, 105, 106, 108, 111, 120, 121, 122, 127, 129, 142, 143, 144, 145, 146, 147, 148], "excluded_lines": [], "executed_branches": [], "missing_branches": [[87, 88], [87, 93], [93, 94], [93, 99], [103, 104], [103, 105], [105, 106], [105, 108], [121, 122], [121, 127]]}, "WorktreeManager.remove_worktree": {"executed_lines": [], "summary": {"covered_lines": 0, "num_statements": 17, "percent_covered": 0.0, "percent_covered_display": "0.00", "missing_lines": 17, "excluded_lines": 0, "num_branches": 4, "num_partial_branches": 0, "covered_branches": 0, "missing_branches": 4}, "missing_lines": [157, 158, 163, 165, 167, 168, 170, 173, 181, 183, 191, 192, 193, 194, 195, 196, 197], "excluded_lines": [], "executed_branches": [], "missing_branches": [[157, 158], [157, 163], [167, 168], [167, 170]]}, "WorktreeManager.prune_worktrees": {"executed_lines": [], "summary": {"covered_lines": 0, "num_statements": 12, "percent_covered": 0.0, "percent_covered_display": "0.00", "missing_lines": 12, "excluded_lines": 0, "num_branches": 2, "num_partial_branches": 0, "covered_branches": 0, "missing_branches": 2}, "missing_lines": [201, 202, 204, 206, 214, 217, 219, 221, 229, 230, 231, 232], "excluded_lines": [], "executed_branches": [], "missing_branches": [[201, 202], [201, 204]]}, "WorktreeManager.get_worktree_status": {"executed_lines": [], "summary": {"covered_lines": 0, "num_statements": 11, "percent_covered": 0.0, "percent_covered_display": "0.00", "missing_lines": 11, "excluded_lines": 0, "num_branches": 4, "num_partial_branches": 0, "covered_branches": 0, "missing_branches": 4}, "missing_lines": [236, 237, 239, 240, 241, 243, 244, 250, 275, 276, 277], "excluded_lines": [], "executed_branches": [], "missing_branches": [[236, 237], [236, 239], [243, 244], [243, 250]]}, "WorktreeManager._check_session_exists": {"executed_lines": [], "summary": {"covered_lines": 0, "num_statements": 9, "percent_covered": 0.0, "percent_covered_display": "0.00", "missing_lines": 9, "excluded_lines": 0, "num_branches": 4, "num_partial_branches": 0, "covered_branches": 0, "missing_branches": 4}, "missing_lines": [281, 282, 284, 285, 288, 295, 302, 305, 309], "excluded_lines": [], "executed_branches": [], "missing_branches": [[281, 282], [281, 284], [284, 285], [284, 288]]}, "WorktreeManager._get_session_summary": {"executed_lines": [], "summary": {"covered_lines": 0, "num_statements": 7, "percent_covered": 0.0, "percent_covered_display": "0.00", "missing_lines": 7, "excluded_lines": 0, "num_branches": 4, "num_partial_branches": 0, "covered_branches": 0, "missing_branches": 4}, "missing_lines": [313, 314, 316, 317, 318, 319, 321], "excluded_lines": [], "executed_branches": [], "missing_branches": [[316, 317], [316, 321], [317, 318], [317, 319]]}, "WorktreeManager._save_current_session_state": {"executed_lines": [], "summary": {"covered_lines": 0, "num_statements": 11, "percent_covered": 0.0, "percent_covered_display": "0.00", "missing_lines": 11, "excluded_lines": 0, "num_branches": 0, "num_partial_branches": 0, "covered_branches": 0, "missing_branches": 0}, "missing_lines": [329, 330, 340, 341, 343, 344, 345, 347, 348, 349, 350], "excluded_lines": [], "executed_branches": [], "missing_branches": []}, "WorktreeManager._restore_session_state": {"executed_lines": [], "summary": {"covered_lines": 0, "num_statements": 8, "percent_covered": 0.0, "percent_covered_display": "0.00", "missing_lines": 8, "excluded_lines": 0, "num_branches": 2, "num_partial_branches": 0, "covered_branches": 0, "missing_branches": 2}, "missing_lines": [356, 357, 359, 363, 368, 369, 370, 371], "excluded_lines": [], "executed_branches": [], "missing_branches": [[356, 357], [356, 359]]}, "WorktreeManager._get_recent_files": {"executed_lines": [], "summary": {"covered_lines": 0, "num_statements": 13, "percent_covered": 0.0, "percent_covered_display": "0.00", "missing_lines": 13, "excluded_lines": 0, "num_branches": 6, "num_partial_branches": 0, "covered_branches": 0, "missing_branches": 6}, "missing_lines": [375, 376, 378, 380, 381, 384, 385, 386, 389, 390, 392, 393, 394], "excluded_lines": [], "executed_branches": [], "missing_branches": [[380, 381], [380, 392], [381, 380], [381, 384], [385, 380], [385, 386]]}, "WorktreeManager._get_git_status": {"executed_lines": [], "summary": {"covered_lines": 0, "num_statements": 6, "percent_covered": 0.0, "percent_covered_display": "0.00", "missing_lines": 6, "excluded_lines": 0, "num_branches": 0, "num_partial_branches": 0, "covered_branches": 0, "missing_branches": 0}, "missing_lines": [398, 399, 401, 402, 407, 408], "excluded_lines": [], "executed_branches": [], "missing_branches": []}, "WorktreeManager.switch_worktree_context": {"executed_lines": [], "summary": {"covered_lines": 0, "num_statements": 23, "percent_covered": 0.0, "percent_covered_display": "0.00", "missing_lines": 23, "excluded_lines": 0, "num_branches": 6, "num_partial_branches": 0, "covered_branches": 0, "missing_branches": 6}, "missing_lines": [416, 418, 419, 424, 425, 430, 431, 433, 434, 440, 442, 445, 448, 450, 456, 471, 473, 477, 479, 485, 500, 501, 502], "excluded_lines": [], "executed_branches": [], "missing_branches": [[418, 419], [418, 424], [424, 425], [424, 430], [433, 434], [433, 440]]}, "": {"executed_lines": [2, 7, 8, 9, 10, 11, 12, 13, 15, 21, 24, 25, 27, 30, 35, 78, 150, 199, 234, 279, 311, 327, 352, 373, 396, 410], "summary": {"covered_lines": 24, "num_statements": 24, "percent_covered": 100.0, "percent_covered_display": "100.00", "missing_lines": 0, "excluded_lines": 0, "num_branches": 0, "num_partial_branches": 0, "covered_branches": 0, "missing_branches": 0}, "missing_lines": [], "excluded_lines": [], "executed_branches": [], "missing_branches": []}}, "classes": {"WorktreeManager": {"executed_lines": [], "summary": {"covered_lines": 0, "num_statements": 159, "percent_covered": 0.0, "percent_covered_display": "0.00", "missing_lines": 159, "excluded_lines": 0, "num_branches": 48, "num_partial_branches": 0, "covered_branches": 0, "missing_branches": 48}, "missing_lines": [28, 32, 33, 37, 38, 40, 41, 42, 44, 45, 46, 59, 61, 63, 65, 74, 75, 76, 87, 88, 93, 94, 99, 101, 103, 104, 105, 106, 108, 111, 120, 121, 122, 127, 129, 142, 143, 144, 145, 146, 147, 148, 157, 158, 163, 165, 167, 168, 170, 173, 181, 183, 191, 192, 193, 194, 195, 196, 197, 201, 202, 204, 206, 214, 217, 219, 221, 229, 230, 231, 232, 236, 237, 239, 240, 241, 243, 244, 250, 275, 276, 277, 281, 282, 284, 285, 288, 295, 302, 305, 309, 313, 314, 316, 317, 318, 319, 321, 329, 330, 340, 341, 343, 344, 345, 347, 348, 349, 350, 356, 357, 359, 363, 368, 369, 370, 371, 375, 376, 378, 380, 381, 384, 385, 386, 389, 390, 392, 393, 394, 398, 399, 401, 402, 407, 408, 416, 418, 419, 424, 425, 430, 431, 433, 434, 440, 442, 445, 448, 450, 456, 471, 473, 477, 479, 485, 500, 501, 502], "excluded_lines": [], "executed_branches": [], "missing_branches": [[32, -30], [32, 33], [37, 38], [37, 40], [45, 46], [45, 63], [87, 88], [87, 93], [93, 94], [93, 99], [103, 104], [103, 105], [105, 106], [105, 108], [121, 122], [121, 127], [157, 158], [157, 163], [167, 168], [167, 170], [201, 202], [201, 204], [236, 237], [236, 239], [243, 244], [243, 250], [281, 282], [281, 284], [284, 285], [284, 288], [316, 317], [316, 321], [317, 318], [317, 319], [356, 357], [356, 359], [380, 381], [380, 392], [381, 380], [381, 384], [385, 380], [385, 386], [418, 419], [418, 424], [424, 425], [424, 430], [433, 434], [433, 440]]}, "": {"executed_lines": [2, 7, 8, 9, 10, 11, 12, 13, 15, 21, 24, 25, 27, 30, 35, 78, 150, 199, 234, 279, 311, 327, 352, 373, 396, 410], "summary": {"covered_lines": 24, "num_statements": 24, "percent_covered": 100.0, "percent_covered_display": "100.00", "missing_lines": 0, "excluded_lines": 0, "num_branches": 0, "num_partial_branches": 0, "covered_branches": 0, "missing_branches": 0}, "missing_lines": [], "excluded_lines": [], "executed_branches": [], "missing_branches": []}}}}, "totals": {"covered_lines": 1611, "num_statements": 10316, "percent_covered": 11.9518677100251, "percent_covered_display": "11.95", "missing_lines": 8705, "excluded_lines": 365, "num_branches": 3230, "num_partial_branches": 8, "covered_branches": 8, "missing_branches": 3222}}
